Running: E:\software.engineer\ISE\14.7\ISE_DS\ISE\bin\nt64\unwrapped\fuse.exe -intstyle ise -incremental -lib unisims_ver -lib unimacro_ver -lib xilinxcorelib_ver -lib secureip -o E:/my_files/course/term8/FPGA/project/phase4/verilog/transmitter/transmitter_tb_isim_beh.exe -prj E:/my_files/course/term8/FPGA/project/phase4/verilog/transmitter/transmitter_tb_beh.prj work.transmitter_tb work.glbl 
ISim P.20131013 (signature 0x7708f090)
Number of CPUs detected in this system: 4
Turning on mult-threading, number of parallel sub-compilation jobs: 8 
Determining compilation order of HDL files
Analyzing Verilog file "E:/my_files/course/term8/FPGA/project/phase4/verilog/transmitter/Scrambler.v" into library work
Analyzing Verilog file "E:/my_files/course/term8/FPGA/project/phase4/verilog/transmitter/data_interleaver.v" into library work
Analyzing Verilog file "E:/my_files/course/term8/FPGA/project/phase4/verilog/transmitter/conv_encoder.v" into library work
Analyzing Verilog file "E:/my_files/course/term8/FPGA/project/phase4/verilog/transmitter/transmitter.v" into library work
Analyzing Verilog file "E:/my_files/course/term8/FPGA/project/phase4/verilog/transmitter/transmitter_tb.v" into library work
Analyzing Verilog file "E:/software.engineer/ISE/14.7/ISE_DS/ISE//verilog/src/glbl.v" into library work
Starting static elaboration
Completed static elaboration
Compiling module Scrambler
Compiling module conv_encoder
Compiling module data_interleaver
Compiling module transmitter
Compiling module transmitter_tb
Compiling module glbl
Time Resolution for simulation is 1ps.
Waiting for 1 sub-compilation(s) to finish...
Compiled 6 Verilog Units
Built simulation executable E:/my_files/course/term8/FPGA/project/phase4/verilog/transmitter/transmitter_tb_isim_beh.exe
Fuse Memory Usage: 29476 KB
Fuse CPU Usage: 561 ms
