Running: E:\software.engineer\ISE\14.7\ISE_DS\ISE\bin\nt64\unwrapped\fuse.exe -intstyle ise -incremental -lib unisims_ver -lib unimacro_ver -lib xilinxcorelib_ver -lib secureip -o E:/my_files/course/term8/FPGA/project/phase2/Verilog/Decoder/viterbi_decoder_tb_isim_beh.exe -prj E:/my_files/course/term8/FPGA/project/phase2/Verilog/Decoder/viterbi_decoder_tb_beh.prj work.viterbi_decoder_tb work.glbl 
ISim P.20131013 (signature 0x7708f090)
Number of CPUs detected in this system: 4
Turning on mult-threading, number of parallel sub-compilation jobs: 8 
Determining compilation order of HDL files
Analyzing Verilog file "E:/my_files/course/term8/FPGA/project/phase2/Verilog/Decoder/viterbi_decoder.v" into library work
Analyzing Verilog file "E:/my_files/course/term8/FPGA/project/phase2/Verilog/Decoder/viterbi_decoder_tb.v" into library work
Analyzing Verilog file "E:/software.engineer/ISE/14.7/ISE_DS/ISE//verilog/src/glbl.v" into library work
Starting static elaboration
WARNING:HDLCompiler:327 - "E:/my_files/course/term8/FPGA/project/phase2/Verilog/Decoder/viterbi_decoder.v" Line 95: Concatenation with unsized literal; will interpret as 32 bits
WARNING:HDLCompiler:327 - "E:/my_files/course/term8/FPGA/project/phase2/Verilog/Decoder/viterbi_decoder.v" Line 96: Concatenation with unsized literal; will interpret as 32 bits
WARNING:HDLCompiler:327 - "E:/my_files/course/term8/FPGA/project/phase2/Verilog/Decoder/viterbi_decoder.v" Line 97: Concatenation with unsized literal; will interpret as 32 bits
WARNING:HDLCompiler:327 - "E:/my_files/course/term8/FPGA/project/phase2/Verilog/Decoder/viterbi_decoder.v" Line 98: Concatenation with unsized literal; will interpret as 32 bits
WARNING:HDLCompiler:327 - "E:/my_files/course/term8/FPGA/project/phase2/Verilog/Decoder/viterbi_decoder.v" Line 101: Concatenation with unsized literal; will interpret as 32 bits
WARNING:HDLCompiler:327 - "E:/my_files/course/term8/FPGA/project/phase2/Verilog/Decoder/viterbi_decoder.v" Line 102: Concatenation with unsized literal; will interpret as 32 bits
Completed static elaboration
Compiling module viterbi_decoder
Compiling module viterbi_decoder_tb
Compiling module glbl
Time Resolution for simulation is 1ps.
Waiting for 1 sub-compilation(s) to finish...
Compiled 3 Verilog Units
Built simulation executable E:/my_files/course/term8/FPGA/project/phase2/Verilog/Decoder/viterbi_decoder_tb_isim_beh.exe
Fuse Memory Usage: 46276 KB
Fuse CPU Usage: 857 ms
