Release 14.7 Map P.20131013 (nt64)
Xilinx Mapping Report File for Design 'viterbi_decoder'

Design Information
------------------
Command Line   : map -intstyle ise -p xc6slx45-csg324-3 -w -logic_opt off -ol
high -t 1 -xt 0 -register_duplication off -r 4 -global_opt off -mt off -ir off
-pr off -lc off -power off -o viterbi_decoder_map.ncd viterbi_decoder.ngd
viterbi_decoder.pcf 
Target Device  : xc6slx45
Target Package : csg324
Target Speed   : -3
Mapper Version : spartan6 -- $Revision: 1.55 $
Mapped Date    : Thu Jun 24 15:20:38 2021

Design Summary
--------------
Number of errors:      0
Number of warnings:    0
Slice Logic Utilization:
  Number of Slice Registers:                 3,476 out of  54,576    6%
    Number used as Flip Flops:               3,476
    Number used as Latches:                      0
    Number used as Latch-thrus:                  0
    Number used as AND/OR logics:                0
  Number of Slice LUTs:                      4,309 out of  27,288   15%
    Number used as logic:                    3,701 out of  27,288   13%
      Number using O6 output only:           2,863
      Number using O5 output only:             640
      Number using O5 and O6:                  198
      Number used as ROM:                        0
    Number used as Memory:                     416 out of   6,408    6%
      Number used as Dual Port RAM:              0
      Number used as Single Port RAM:            0
      Number used as Shift Register:           416
        Number using O6 output only:             0
        Number using O5 output only:             0
        Number using O5 and O6:                416
    Number used exclusively as route-thrus:    192
      Number with same-slice register load:     64
      Number with same-slice carry load:       128
      Number with other load:                    0

Slice Logic Distribution:
  Number of occupied Slices:                 1,458 out of   6,822   21%
  Number of MUXCYs used:                     1,024 out of  13,644    7%
  Number of LUT Flip Flop pairs used:        4,825
    Number with an unused Flip Flop:         1,890 out of   4,825   39%
    Number with an unused LUT:                 516 out of   4,825   10%
    Number of fully used LUT-FF pairs:       2,419 out of   4,825   50%
    Number of unique control sets:              11
    Number of slice register sites lost
      to control set restrictions:              28 out of  54,576    1%

  A LUT Flip Flop pair for this architecture represents one LUT paired with
  one Flip Flop within a slice.  A control set is a unique combination of
  clock, reset, set, and enable signals for a registered element.
  The Slice Logic Distribution report is not meaningful if the design is
  over-mapped for a non-slice resource or if Placement fails.

IO Utilization:
  Number of bonded IOBs:                         5 out of     218    2%

Specific Feature Utilization:
  Number of RAMB16BWERs:                         0 out of     116    0%
  Number of RAMB8BWERs:                          0 out of     232    0%
  Number of BUFIO2/BUFIO2_2CLKs:                 0 out of      32    0%
  Number of BUFIO2FB/BUFIO2FB_2CLKs:             0 out of      32    0%
  Number of BUFG/BUFGMUXs:                       1 out of      16    6%
    Number used as BUFGs:                        1
    Number used as BUFGMUX:                      0
  Number of DCM/DCM_CLKGENs:                     0 out of       8    0%
  Number of ILOGIC2/ISERDES2s:                   0 out of     376    0%
  Number of IODELAY2/IODRP2/IODRP2_MCBs:         0 out of     376    0%
  Number of OLOGIC2/OSERDES2s:                   0 out of     376    0%
  Number of BSCANs:                              0 out of       4    0%
  Number of BUFHs:                               0 out of     256    0%
  Number of BUFPLLs:                             0 out of       8    0%
  Number of BUFPLL_MCBs:                         0 out of       4    0%
  Number of DSP48A1s:                            0 out of      58    0%
  Number of ICAPs:                               0 out of       1    0%
  Number of MCBs:                                0 out of       2    0%
  Number of PCILOGICSEs:                         0 out of       2    0%
  Number of PLL_ADVs:                            0 out of       4    0%
  Number of PMVs:                                0 out of       1    0%
  Number of STARTUPs:                            0 out of       1    0%
  Number of SUSPEND_SYNCs:                       0 out of       1    0%

Average Fanout of Non-Clock Nets:                3.47

Peak Memory Usage:  511 MB
Total REAL time to MAP completion:  3 mins 14 secs 
Total CPU time to MAP completion:   2 mins 43 secs 

Table of Contents
-----------------
Section 1 - Errors
Section 2 - Warnings
Section 3 - Informational
Section 4 - Removed Logic Summary
Section 5 - Removed Logic
Section 6 - IOB Properties
Section 7 - RPMs
Section 8 - Guide Report
Section 9 - Area Group and Partition Summary
Section 10 - Timing Report
Section 11 - Configuration String Information
Section 12 - Control Set Information
Section 13 - Utilization by Hierarchy

Section 1 - Errors
------------------

Section 2 - Warnings
--------------------

Section 3 - Informational
-------------------------
INFO:MapLib:562 - No environment variables are currently set.
INFO:LIT:244 - All of the single ended outputs in this design are using slew
   rate limited output drivers. The delay on speed critical single ended outputs
   can be dramatically reduced by designating them as fast outputs.
INFO:Pack:1716 - Initializing temperature to 85.000 Celsius. (default - Range:
   0.000 to 85.000 Celsius)
INFO:Pack:1720 - Initializing voltage to 1.140 Volts. (default - Range: 1.140 to
   1.260 Volts)
INFO:Map:215 - The Interim Design Summary has been generated in the MAP Report
   (.mrp).
INFO:Pack:1650 - Map created a placed design.

Section 4 - Removed Logic Summary
---------------------------------
 128 block(s) removed
 769 block(s) optimized away

Section 5 - Removed Logic
-------------------------

The trimmed logic report below shows the logic removed from your design due to
sourceless or loadless signals, and VCC or ground connections.  If the removal
of a signal or symbol results in the subsequent removal of an additional signal
or symbol, the message explaining that second removal will be indented.  This
indentation will be repeated as a chain of related logic is removed.

To quickly locate the original cause for the removal of a chain of logic, look
above the place where that logic is listed in the trimming report, then locate
the lines that are least indented (begin at the leftmost edge).

Loadless block "Madd_error_keeper[0][7]_GND_1_o_add_10_OUT7" (ROM) removed.
Loadless block "Madd_error_keeper[0][7]_GND_1_o_add_586_OUT7" (ROM) removed.
Loadless block "Madd_error_keeper[10][7]_GND_1_o_add_100_OUT7" (ROM) removed.
Loadless block "Madd_error_keeper[10][7]_GND_1_o_add_676_OUT7" (ROM) removed.
Loadless block "Madd_error_keeper[11][7]_GND_1_o_add_104_OUT7" (ROM) removed.
Loadless block "Madd_error_keeper[11][7]_GND_1_o_add_680_OUT7" (ROM) removed.
Loadless block "Madd_error_keeper[12][7]_GND_1_o_add_118_OUT7" (ROM) removed.
Loadless block "Madd_error_keeper[12][7]_GND_1_o_add_694_OUT7" (ROM) removed.
Loadless block "Madd_error_keeper[13][7]_GND_1_o_add_122_OUT7" (ROM) removed.
Loadless block "Madd_error_keeper[13][7]_GND_1_o_add_698_OUT7" (ROM) removed.
Loadless block "Madd_error_keeper[14][7]_GND_1_o_add_136_OUT7" (ROM) removed.
Loadless block "Madd_error_keeper[14][7]_GND_1_o_add_712_OUT7" (ROM) removed.
Loadless block "Madd_error_keeper[15][7]_GND_1_o_add_140_OUT7" (ROM) removed.
Loadless block "Madd_error_keeper[15][7]_GND_1_o_add_716_OUT7" (ROM) removed.
Loadless block "Madd_error_keeper[16][7]_GND_1_o_add_154_OUT7" (ROM) removed.
Loadless block "Madd_error_keeper[16][7]_GND_1_o_add_730_OUT7" (ROM) removed.
Loadless block "Madd_error_keeper[17][7]_GND_1_o_add_158_OUT7" (ROM) removed.
Loadless block "Madd_error_keeper[17][7]_GND_1_o_add_734_OUT7" (ROM) removed.
Loadless block "Madd_error_keeper[18][7]_GND_1_o_add_172_OUT7" (ROM) removed.
Loadless block "Madd_error_keeper[18][7]_GND_1_o_add_748_OUT7" (ROM) removed.
Loadless block "Madd_error_keeper[19][7]_GND_1_o_add_176_OUT7" (ROM) removed.
Loadless block "Madd_error_keeper[19][7]_GND_1_o_add_752_OUT7" (ROM) removed.
Loadless block "Madd_error_keeper[1][7]_GND_1_o_add_14_OUT7" (ROM) removed.
Loadless block "Madd_error_keeper[1][7]_GND_1_o_add_590_OUT7" (ROM) removed.
Loadless block "Madd_error_keeper[20][7]_GND_1_o_add_190_OUT7" (ROM) removed.
Loadless block "Madd_error_keeper[20][7]_GND_1_o_add_766_OUT7" (ROM) removed.
Loadless block "Madd_error_keeper[21][7]_GND_1_o_add_194_OUT7" (ROM) removed.
Loadless block "Madd_error_keeper[21][7]_GND_1_o_add_770_OUT7" (ROM) removed.
Loadless block "Madd_error_keeper[22][7]_GND_1_o_add_208_OUT7" (ROM) removed.
Loadless block "Madd_error_keeper[22][7]_GND_1_o_add_784_OUT7" (ROM) removed.
Loadless block "Madd_error_keeper[23][7]_GND_1_o_add_212_OUT7" (ROM) removed.
Loadless block "Madd_error_keeper[23][7]_GND_1_o_add_788_OUT7" (ROM) removed.
Loadless block "Madd_error_keeper[24][7]_GND_1_o_add_226_OUT7" (ROM) removed.
Loadless block "Madd_error_keeper[24][7]_GND_1_o_add_802_OUT7" (ROM) removed.
Loadless block "Madd_error_keeper[25][7]_GND_1_o_add_230_OUT7" (ROM) removed.
Loadless block "Madd_error_keeper[25][7]_GND_1_o_add_806_OUT7" (ROM) removed.
Loadless block "Madd_error_keeper[26][7]_GND_1_o_add_244_OUT7" (ROM) removed.
Loadless block "Madd_error_keeper[26][7]_GND_1_o_add_820_OUT7" (ROM) removed.
Loadless block "Madd_error_keeper[27][7]_GND_1_o_add_248_OUT7" (ROM) removed.
Loadless block "Madd_error_keeper[27][7]_GND_1_o_add_824_OUT7" (ROM) removed.
Loadless block "Madd_error_keeper[28][7]_GND_1_o_add_262_OUT7" (ROM) removed.
Loadless block "Madd_error_keeper[28][7]_GND_1_o_add_838_OUT7" (ROM) removed.
Loadless block "Madd_error_keeper[29][7]_GND_1_o_add_266_OUT7" (ROM) removed.
Loadless block "Madd_error_keeper[29][7]_GND_1_o_add_842_OUT7" (ROM) removed.
Loadless block "Madd_error_keeper[2][7]_GND_1_o_add_28_OUT7" (ROM) removed.
Loadless block "Madd_error_keeper[2][7]_GND_1_o_add_604_OUT7" (ROM) removed.
Loadless block "Madd_error_keeper[30][7]_GND_1_o_add_280_OUT7" (ROM) removed.
Loadless block "Madd_error_keeper[30][7]_GND_1_o_add_856_OUT7" (ROM) removed.
Loadless block "Madd_error_keeper[31][7]_GND_1_o_add_284_OUT7" (ROM) removed.
Loadless block "Madd_error_keeper[31][7]_GND_1_o_add_860_OUT7" (ROM) removed.
Loadless block "Madd_error_keeper[32][7]_GND_1_o_add_298_OUT7" (ROM) removed.
Loadless block "Madd_error_keeper[32][7]_GND_1_o_add_874_OUT7" (ROM) removed.
Loadless block "Madd_error_keeper[33][7]_GND_1_o_add_302_OUT7" (ROM) removed.
Loadless block "Madd_error_keeper[33][7]_GND_1_o_add_878_OUT7" (ROM) removed.
Loadless block "Madd_error_keeper[34][7]_GND_1_o_add_316_OUT7" (ROM) removed.
Loadless block "Madd_error_keeper[34][7]_GND_1_o_add_892_OUT7" (ROM) removed.
Loadless block "Madd_error_keeper[35][7]_GND_1_o_add_320_OUT7" (ROM) removed.
Loadless block "Madd_error_keeper[35][7]_GND_1_o_add_896_OUT7" (ROM) removed.
Loadless block "Madd_error_keeper[36][7]_GND_1_o_add_334_OUT7" (ROM) removed.
Loadless block "Madd_error_keeper[36][7]_GND_1_o_add_910_OUT7" (ROM) removed.
Loadless block "Madd_error_keeper[37][7]_GND_1_o_add_338_OUT7" (ROM) removed.
Loadless block "Madd_error_keeper[37][7]_GND_1_o_add_914_OUT7" (ROM) removed.
Loadless block "Madd_error_keeper[38][7]_GND_1_o_add_352_OUT7" (ROM) removed.
Loadless block "Madd_error_keeper[38][7]_GND_1_o_add_928_OUT7" (ROM) removed.
Loadless block "Madd_error_keeper[39][7]_GND_1_o_add_356_OUT7" (ROM) removed.
Loadless block "Madd_error_keeper[39][7]_GND_1_o_add_932_OUT7" (ROM) removed.
Loadless block "Madd_error_keeper[3][7]_GND_1_o_add_32_OUT7" (ROM) removed.
Loadless block "Madd_error_keeper[3][7]_GND_1_o_add_608_OUT7" (ROM) removed.
Loadless block "Madd_error_keeper[40][7]_GND_1_o_add_370_OUT7" (ROM) removed.
Loadless block "Madd_error_keeper[40][7]_GND_1_o_add_946_OUT7" (ROM) removed.
Loadless block "Madd_error_keeper[41][7]_GND_1_o_add_374_OUT7" (ROM) removed.
Loadless block "Madd_error_keeper[41][7]_GND_1_o_add_950_OUT7" (ROM) removed.
Loadless block "Madd_error_keeper[42][7]_GND_1_o_add_388_OUT7" (ROM) removed.
Loadless block "Madd_error_keeper[42][7]_GND_1_o_add_964_OUT7" (ROM) removed.
Loadless block "Madd_error_keeper[43][7]_GND_1_o_add_392_OUT7" (ROM) removed.
Loadless block "Madd_error_keeper[43][7]_GND_1_o_add_968_OUT7" (ROM) removed.
Loadless block "Madd_error_keeper[44][7]_GND_1_o_add_406_OUT7" (ROM) removed.
Loadless block "Madd_error_keeper[44][7]_GND_1_o_add_982_OUT7" (ROM) removed.
Loadless block "Madd_error_keeper[45][7]_GND_1_o_add_410_OUT7" (ROM) removed.
Loadless block "Madd_error_keeper[45][7]_GND_1_o_add_986_OUT7" (ROM) removed.
Loadless block "Madd_error_keeper[46][7]_GND_1_o_add_1000_OUT7" (ROM) removed.
Loadless block "Madd_error_keeper[46][7]_GND_1_o_add_424_OUT7" (ROM) removed.
Loadless block "Madd_error_keeper[47][7]_GND_1_o_add_1004_OUT7" (ROM) removed.
Loadless block "Madd_error_keeper[47][7]_GND_1_o_add_428_OUT7" (ROM) removed.
Loadless block "Madd_error_keeper[48][7]_GND_1_o_add_1018_OUT7" (ROM) removed.
Loadless block "Madd_error_keeper[48][7]_GND_1_o_add_442_OUT7" (ROM) removed.
Loadless block "Madd_error_keeper[49][7]_GND_1_o_add_1022_OUT7" (ROM) removed.
Loadless block "Madd_error_keeper[49][7]_GND_1_o_add_446_OUT7" (ROM) removed.
Loadless block "Madd_error_keeper[4][7]_GND_1_o_add_46_OUT7" (ROM) removed.
Loadless block "Madd_error_keeper[4][7]_GND_1_o_add_622_OUT7" (ROM) removed.
Loadless block "Madd_error_keeper[50][7]_GND_1_o_add_1036_OUT7" (ROM) removed.
Loadless block "Madd_error_keeper[50][7]_GND_1_o_add_460_OUT7" (ROM) removed.
Loadless block "Madd_error_keeper[51][7]_GND_1_o_add_1040_OUT7" (ROM) removed.
Loadless block "Madd_error_keeper[51][7]_GND_1_o_add_464_OUT7" (ROM) removed.
Loadless block "Madd_error_keeper[52][7]_GND_1_o_add_1054_OUT7" (ROM) removed.
Loadless block "Madd_error_keeper[52][7]_GND_1_o_add_478_OUT7" (ROM) removed.
Loadless block "Madd_error_keeper[53][7]_GND_1_o_add_1058_OUT7" (ROM) removed.
Loadless block "Madd_error_keeper[53][7]_GND_1_o_add_482_OUT7" (ROM) removed.
Loadless block "Madd_error_keeper[54][7]_GND_1_o_add_1072_OUT7" (ROM) removed.
Loadless block "Madd_error_keeper[54][7]_GND_1_o_add_496_OUT7" (ROM) removed.
Loadless block "Madd_error_keeper[55][7]_GND_1_o_add_1076_OUT7" (ROM) removed.
Loadless block "Madd_error_keeper[55][7]_GND_1_o_add_500_OUT7" (ROM) removed.
Loadless block "Madd_error_keeper[56][7]_GND_1_o_add_1090_OUT7" (ROM) removed.
Loadless block "Madd_error_keeper[56][7]_GND_1_o_add_514_OUT7" (ROM) removed.
Loadless block "Madd_error_keeper[57][7]_GND_1_o_add_1094_OUT7" (ROM) removed.
Loadless block "Madd_error_keeper[57][7]_GND_1_o_add_518_OUT7" (ROM) removed.
Loadless block "Madd_error_keeper[58][7]_GND_1_o_add_1108_OUT7" (ROM) removed.
Loadless block "Madd_error_keeper[58][7]_GND_1_o_add_532_OUT7" (ROM) removed.
Loadless block "Madd_error_keeper[59][7]_GND_1_o_add_1112_OUT7" (ROM) removed.
Loadless block "Madd_error_keeper[59][7]_GND_1_o_add_536_OUT7" (ROM) removed.
Loadless block "Madd_error_keeper[5][7]_GND_1_o_add_50_OUT7" (ROM) removed.
Loadless block "Madd_error_keeper[5][7]_GND_1_o_add_626_OUT7" (ROM) removed.
Loadless block "Madd_error_keeper[60][7]_GND_1_o_add_1126_OUT7" (ROM) removed.
Loadless block "Madd_error_keeper[60][7]_GND_1_o_add_550_OUT7" (ROM) removed.
Loadless block "Madd_error_keeper[61][7]_GND_1_o_add_1130_OUT7" (ROM) removed.
Loadless block "Madd_error_keeper[61][7]_GND_1_o_add_554_OUT7" (ROM) removed.
Loadless block "Madd_error_keeper[62][7]_GND_1_o_add_1144_OUT7" (ROM) removed.
Loadless block "Madd_error_keeper[62][7]_GND_1_o_add_568_OUT7" (ROM) removed.
Loadless block "Madd_error_keeper[63][7]_GND_1_o_add_1148_OUT7" (ROM) removed.
Loadless block "Madd_error_keeper[63][7]_GND_1_o_add_572_OUT7" (ROM) removed.
Loadless block "Madd_error_keeper[6][7]_GND_1_o_add_640_OUT7" (ROM) removed.
Loadless block "Madd_error_keeper[6][7]_GND_1_o_add_64_OUT7" (ROM) removed.
Loadless block "Madd_error_keeper[7][7]_GND_1_o_add_644_OUT7" (ROM) removed.
Loadless block "Madd_error_keeper[7][7]_GND_1_o_add_68_OUT7" (ROM) removed.
Loadless block "Madd_error_keeper[8][7]_GND_1_o_add_658_OUT7" (ROM) removed.
Loadless block "Madd_error_keeper[8][7]_GND_1_o_add_82_OUT7" (ROM) removed.
Loadless block "Madd_error_keeper[9][7]_GND_1_o_add_662_OUT7" (ROM) removed.
Loadless block "Madd_error_keeper[9][7]_GND_1_o_add_86_OUT7" (ROM) removed.

Optimized Block(s):
TYPE 		BLOCK
LUT3 		Madd_error_keeper[0][7]_GND_1_o_add_10_OUT1
   optimized to 0
LUT3 		Madd_error_keeper[0][7]_GND_1_o_add_10_OUT2
   optimized to 0
LUT3 		Madd_error_keeper[0][7]_GND_1_o_add_10_OUT3
   optimized to 0
LUT3 		Madd_error_keeper[0][7]_GND_1_o_add_10_OUT4
   optimized to 0
LUT3 		Madd_error_keeper[0][7]_GND_1_o_add_10_OUT5
   optimized to 0
LUT3 		Madd_error_keeper[0][7]_GND_1_o_add_10_OUT6
   optimized to 0
LUT3 		Madd_error_keeper[0][7]_GND_1_o_add_586_OUT1
   optimized to 0
LUT3 		Madd_error_keeper[0][7]_GND_1_o_add_586_OUT2
   optimized to 0
LUT3 		Madd_error_keeper[0][7]_GND_1_o_add_586_OUT3
   optimized to 0
LUT3 		Madd_error_keeper[0][7]_GND_1_o_add_586_OUT4
   optimized to 0
LUT3 		Madd_error_keeper[0][7]_GND_1_o_add_586_OUT5
   optimized to 0
LUT3 		Madd_error_keeper[0][7]_GND_1_o_add_586_OUT6
   optimized to 0
LUT3 		Madd_error_keeper[10][7]_GND_1_o_add_100_OUT1
   optimized to 0
LUT3 		Madd_error_keeper[10][7]_GND_1_o_add_100_OUT2
   optimized to 0
LUT3 		Madd_error_keeper[10][7]_GND_1_o_add_100_OUT3
   optimized to 0
LUT3 		Madd_error_keeper[10][7]_GND_1_o_add_100_OUT4
   optimized to 0
LUT3 		Madd_error_keeper[10][7]_GND_1_o_add_100_OUT5
   optimized to 0
LUT3 		Madd_error_keeper[10][7]_GND_1_o_add_100_OUT6
   optimized to 0
LUT3 		Madd_error_keeper[10][7]_GND_1_o_add_676_OUT1
   optimized to 0
LUT3 		Madd_error_keeper[10][7]_GND_1_o_add_676_OUT2
   optimized to 0
LUT3 		Madd_error_keeper[10][7]_GND_1_o_add_676_OUT3
   optimized to 0
LUT3 		Madd_error_keeper[10][7]_GND_1_o_add_676_OUT4
   optimized to 0
LUT3 		Madd_error_keeper[10][7]_GND_1_o_add_676_OUT5
   optimized to 0
LUT3 		Madd_error_keeper[10][7]_GND_1_o_add_676_OUT6
   optimized to 0
LUT3 		Madd_error_keeper[11][7]_GND_1_o_add_104_OUT1
   optimized to 0
LUT3 		Madd_error_keeper[11][7]_GND_1_o_add_104_OUT2
   optimized to 0
LUT3 		Madd_error_keeper[11][7]_GND_1_o_add_104_OUT3
   optimized to 0
LUT3 		Madd_error_keeper[11][7]_GND_1_o_add_104_OUT4
   optimized to 0
LUT3 		Madd_error_keeper[11][7]_GND_1_o_add_104_OUT5
   optimized to 0
LUT3 		Madd_error_keeper[11][7]_GND_1_o_add_104_OUT6
   optimized to 0
LUT3 		Madd_error_keeper[11][7]_GND_1_o_add_680_OUT1
   optimized to 0
LUT3 		Madd_error_keeper[11][7]_GND_1_o_add_680_OUT2
   optimized to 0
LUT3 		Madd_error_keeper[11][7]_GND_1_o_add_680_OUT3
   optimized to 0
LUT3 		Madd_error_keeper[11][7]_GND_1_o_add_680_OUT4
   optimized to 0
LUT3 		Madd_error_keeper[11][7]_GND_1_o_add_680_OUT5
   optimized to 0
LUT3 		Madd_error_keeper[11][7]_GND_1_o_add_680_OUT6
   optimized to 0
LUT3 		Madd_error_keeper[12][7]_GND_1_o_add_118_OUT1
   optimized to 0
LUT3 		Madd_error_keeper[12][7]_GND_1_o_add_118_OUT2
   optimized to 0
LUT3 		Madd_error_keeper[12][7]_GND_1_o_add_118_OUT3
   optimized to 0
LUT3 		Madd_error_keeper[12][7]_GND_1_o_add_118_OUT4
   optimized to 0
LUT3 		Madd_error_keeper[12][7]_GND_1_o_add_118_OUT5
   optimized to 0
LUT3 		Madd_error_keeper[12][7]_GND_1_o_add_118_OUT6
   optimized to 0
LUT3 		Madd_error_keeper[12][7]_GND_1_o_add_694_OUT1
   optimized to 0
LUT3 		Madd_error_keeper[12][7]_GND_1_o_add_694_OUT2
   optimized to 0
LUT3 		Madd_error_keeper[12][7]_GND_1_o_add_694_OUT3
   optimized to 0
LUT3 		Madd_error_keeper[12][7]_GND_1_o_add_694_OUT4
   optimized to 0
LUT3 		Madd_error_keeper[12][7]_GND_1_o_add_694_OUT5
   optimized to 0
LUT3 		Madd_error_keeper[12][7]_GND_1_o_add_694_OUT6
   optimized to 0
LUT3 		Madd_error_keeper[13][7]_GND_1_o_add_122_OUT1
   optimized to 0
LUT3 		Madd_error_keeper[13][7]_GND_1_o_add_122_OUT2
   optimized to 0
LUT3 		Madd_error_keeper[13][7]_GND_1_o_add_122_OUT3
   optimized to 0
LUT3 		Madd_error_keeper[13][7]_GND_1_o_add_122_OUT4
   optimized to 0
LUT3 		Madd_error_keeper[13][7]_GND_1_o_add_122_OUT5
   optimized to 0
LUT3 		Madd_error_keeper[13][7]_GND_1_o_add_122_OUT6
   optimized to 0
LUT3 		Madd_error_keeper[13][7]_GND_1_o_add_698_OUT1
   optimized to 0
LUT3 		Madd_error_keeper[13][7]_GND_1_o_add_698_OUT2
   optimized to 0
LUT3 		Madd_error_keeper[13][7]_GND_1_o_add_698_OUT3
   optimized to 0
LUT3 		Madd_error_keeper[13][7]_GND_1_o_add_698_OUT4
   optimized to 0
LUT3 		Madd_error_keeper[13][7]_GND_1_o_add_698_OUT5
   optimized to 0
LUT3 		Madd_error_keeper[13][7]_GND_1_o_add_698_OUT6
   optimized to 0
LUT3 		Madd_error_keeper[14][7]_GND_1_o_add_136_OUT1
   optimized to 0
LUT3 		Madd_error_keeper[14][7]_GND_1_o_add_136_OUT2
   optimized to 0
LUT3 		Madd_error_keeper[14][7]_GND_1_o_add_136_OUT3
   optimized to 0
LUT3 		Madd_error_keeper[14][7]_GND_1_o_add_136_OUT4
   optimized to 0
LUT3 		Madd_error_keeper[14][7]_GND_1_o_add_136_OUT5
   optimized to 0
LUT3 		Madd_error_keeper[14][7]_GND_1_o_add_136_OUT6
   optimized to 0
LUT3 		Madd_error_keeper[14][7]_GND_1_o_add_712_OUT1
   optimized to 0
LUT3 		Madd_error_keeper[14][7]_GND_1_o_add_712_OUT2
   optimized to 0
LUT3 		Madd_error_keeper[14][7]_GND_1_o_add_712_OUT3
   optimized to 0
LUT3 		Madd_error_keeper[14][7]_GND_1_o_add_712_OUT4
   optimized to 0
LUT3 		Madd_error_keeper[14][7]_GND_1_o_add_712_OUT5
   optimized to 0
LUT3 		Madd_error_keeper[14][7]_GND_1_o_add_712_OUT6
   optimized to 0
LUT3 		Madd_error_keeper[15][7]_GND_1_o_add_140_OUT1
   optimized to 0
LUT3 		Madd_error_keeper[15][7]_GND_1_o_add_140_OUT2
   optimized to 0
LUT3 		Madd_error_keeper[15][7]_GND_1_o_add_140_OUT3
   optimized to 0
LUT3 		Madd_error_keeper[15][7]_GND_1_o_add_140_OUT4
   optimized to 0
LUT3 		Madd_error_keeper[15][7]_GND_1_o_add_140_OUT5
   optimized to 0
LUT3 		Madd_error_keeper[15][7]_GND_1_o_add_140_OUT6
   optimized to 0
LUT3 		Madd_error_keeper[15][7]_GND_1_o_add_716_OUT1
   optimized to 0
LUT3 		Madd_error_keeper[15][7]_GND_1_o_add_716_OUT2
   optimized to 0
LUT3 		Madd_error_keeper[15][7]_GND_1_o_add_716_OUT3
   optimized to 0
LUT3 		Madd_error_keeper[15][7]_GND_1_o_add_716_OUT4
   optimized to 0
LUT3 		Madd_error_keeper[15][7]_GND_1_o_add_716_OUT5
   optimized to 0
LUT3 		Madd_error_keeper[15][7]_GND_1_o_add_716_OUT6
   optimized to 0
LUT3 		Madd_error_keeper[16][7]_GND_1_o_add_154_OUT1
   optimized to 0
LUT3 		Madd_error_keeper[16][7]_GND_1_o_add_154_OUT2
   optimized to 0
LUT3 		Madd_error_keeper[16][7]_GND_1_o_add_154_OUT3
   optimized to 0
LUT3 		Madd_error_keeper[16][7]_GND_1_o_add_154_OUT4
   optimized to 0
LUT3 		Madd_error_keeper[16][7]_GND_1_o_add_154_OUT5
   optimized to 0
LUT3 		Madd_error_keeper[16][7]_GND_1_o_add_154_OUT6
   optimized to 0
LUT3 		Madd_error_keeper[16][7]_GND_1_o_add_730_OUT1
   optimized to 0
LUT3 		Madd_error_keeper[16][7]_GND_1_o_add_730_OUT2
   optimized to 0
LUT3 		Madd_error_keeper[16][7]_GND_1_o_add_730_OUT3
   optimized to 0
LUT3 		Madd_error_keeper[16][7]_GND_1_o_add_730_OUT4
   optimized to 0
LUT3 		Madd_error_keeper[16][7]_GND_1_o_add_730_OUT5
   optimized to 0
LUT3 		Madd_error_keeper[16][7]_GND_1_o_add_730_OUT6
   optimized to 0
LUT3 		Madd_error_keeper[17][7]_GND_1_o_add_158_OUT1
   optimized to 0
LUT3 		Madd_error_keeper[17][7]_GND_1_o_add_158_OUT2
   optimized to 0
LUT3 		Madd_error_keeper[17][7]_GND_1_o_add_158_OUT3
   optimized to 0
LUT3 		Madd_error_keeper[17][7]_GND_1_o_add_158_OUT4
   optimized to 0
LUT3 		Madd_error_keeper[17][7]_GND_1_o_add_158_OUT5
   optimized to 0
LUT3 		Madd_error_keeper[17][7]_GND_1_o_add_158_OUT6
   optimized to 0
LUT3 		Madd_error_keeper[17][7]_GND_1_o_add_734_OUT1
   optimized to 0
LUT3 		Madd_error_keeper[17][7]_GND_1_o_add_734_OUT2
   optimized to 0
LUT3 		Madd_error_keeper[17][7]_GND_1_o_add_734_OUT3
   optimized to 0
LUT3 		Madd_error_keeper[17][7]_GND_1_o_add_734_OUT4
   optimized to 0
LUT3 		Madd_error_keeper[17][7]_GND_1_o_add_734_OUT5
   optimized to 0
LUT3 		Madd_error_keeper[17][7]_GND_1_o_add_734_OUT6
   optimized to 0
LUT3 		Madd_error_keeper[18][7]_GND_1_o_add_172_OUT1
   optimized to 0
LUT3 		Madd_error_keeper[18][7]_GND_1_o_add_172_OUT2
   optimized to 0
LUT3 		Madd_error_keeper[18][7]_GND_1_o_add_172_OUT3
   optimized to 0
LUT3 		Madd_error_keeper[18][7]_GND_1_o_add_172_OUT4
   optimized to 0
LUT3 		Madd_error_keeper[18][7]_GND_1_o_add_172_OUT5
   optimized to 0
LUT3 		Madd_error_keeper[18][7]_GND_1_o_add_172_OUT6
   optimized to 0
LUT3 		Madd_error_keeper[18][7]_GND_1_o_add_748_OUT1
   optimized to 0
LUT3 		Madd_error_keeper[18][7]_GND_1_o_add_748_OUT2
   optimized to 0
LUT3 		Madd_error_keeper[18][7]_GND_1_o_add_748_OUT3
   optimized to 0
LUT3 		Madd_error_keeper[18][7]_GND_1_o_add_748_OUT4
   optimized to 0
LUT3 		Madd_error_keeper[18][7]_GND_1_o_add_748_OUT5
   optimized to 0
LUT3 		Madd_error_keeper[18][7]_GND_1_o_add_748_OUT6
   optimized to 0
LUT3 		Madd_error_keeper[19][7]_GND_1_o_add_176_OUT1
   optimized to 0
LUT3 		Madd_error_keeper[19][7]_GND_1_o_add_176_OUT2
   optimized to 0
LUT3 		Madd_error_keeper[19][7]_GND_1_o_add_176_OUT3
   optimized to 0
LUT3 		Madd_error_keeper[19][7]_GND_1_o_add_176_OUT4
   optimized to 0
LUT3 		Madd_error_keeper[19][7]_GND_1_o_add_176_OUT5
   optimized to 0
LUT3 		Madd_error_keeper[19][7]_GND_1_o_add_176_OUT6
   optimized to 0
LUT3 		Madd_error_keeper[19][7]_GND_1_o_add_752_OUT1
   optimized to 0
LUT3 		Madd_error_keeper[19][7]_GND_1_o_add_752_OUT2
   optimized to 0
LUT3 		Madd_error_keeper[19][7]_GND_1_o_add_752_OUT3
   optimized to 0
LUT3 		Madd_error_keeper[19][7]_GND_1_o_add_752_OUT4
   optimized to 0
LUT3 		Madd_error_keeper[19][7]_GND_1_o_add_752_OUT5
   optimized to 0
LUT3 		Madd_error_keeper[19][7]_GND_1_o_add_752_OUT6
   optimized to 0
LUT3 		Madd_error_keeper[1][7]_GND_1_o_add_14_OUT1
   optimized to 0
LUT3 		Madd_error_keeper[1][7]_GND_1_o_add_14_OUT2
   optimized to 0
LUT3 		Madd_error_keeper[1][7]_GND_1_o_add_14_OUT3
   optimized to 0
LUT3 		Madd_error_keeper[1][7]_GND_1_o_add_14_OUT4
   optimized to 0
LUT3 		Madd_error_keeper[1][7]_GND_1_o_add_14_OUT5
   optimized to 0
LUT3 		Madd_error_keeper[1][7]_GND_1_o_add_14_OUT6
   optimized to 0
LUT3 		Madd_error_keeper[1][7]_GND_1_o_add_590_OUT1
   optimized to 0
LUT3 		Madd_error_keeper[1][7]_GND_1_o_add_590_OUT2
   optimized to 0
LUT3 		Madd_error_keeper[1][7]_GND_1_o_add_590_OUT3
   optimized to 0
LUT3 		Madd_error_keeper[1][7]_GND_1_o_add_590_OUT4
   optimized to 0
LUT3 		Madd_error_keeper[1][7]_GND_1_o_add_590_OUT5
   optimized to 0
LUT3 		Madd_error_keeper[1][7]_GND_1_o_add_590_OUT6
   optimized to 0
LUT3 		Madd_error_keeper[20][7]_GND_1_o_add_190_OUT1
   optimized to 0
LUT3 		Madd_error_keeper[20][7]_GND_1_o_add_190_OUT2
   optimized to 0
LUT3 		Madd_error_keeper[20][7]_GND_1_o_add_190_OUT3
   optimized to 0
LUT3 		Madd_error_keeper[20][7]_GND_1_o_add_190_OUT4
   optimized to 0
LUT3 		Madd_error_keeper[20][7]_GND_1_o_add_190_OUT5
   optimized to 0
LUT3 		Madd_error_keeper[20][7]_GND_1_o_add_190_OUT6
   optimized to 0
LUT3 		Madd_error_keeper[20][7]_GND_1_o_add_766_OUT1
   optimized to 0
LUT3 		Madd_error_keeper[20][7]_GND_1_o_add_766_OUT2
   optimized to 0
LUT3 		Madd_error_keeper[20][7]_GND_1_o_add_766_OUT3
   optimized to 0
LUT3 		Madd_error_keeper[20][7]_GND_1_o_add_766_OUT4
   optimized to 0
LUT3 		Madd_error_keeper[20][7]_GND_1_o_add_766_OUT5
   optimized to 0
LUT3 		Madd_error_keeper[20][7]_GND_1_o_add_766_OUT6
   optimized to 0
LUT3 		Madd_error_keeper[21][7]_GND_1_o_add_194_OUT1
   optimized to 0
LUT3 		Madd_error_keeper[21][7]_GND_1_o_add_194_OUT2
   optimized to 0
LUT3 		Madd_error_keeper[21][7]_GND_1_o_add_194_OUT3
   optimized to 0
LUT3 		Madd_error_keeper[21][7]_GND_1_o_add_194_OUT4
   optimized to 0
LUT3 		Madd_error_keeper[21][7]_GND_1_o_add_194_OUT5
   optimized to 0
LUT3 		Madd_error_keeper[21][7]_GND_1_o_add_194_OUT6
   optimized to 0
LUT3 		Madd_error_keeper[21][7]_GND_1_o_add_770_OUT1
   optimized to 0
LUT3 		Madd_error_keeper[21][7]_GND_1_o_add_770_OUT2
   optimized to 0
LUT3 		Madd_error_keeper[21][7]_GND_1_o_add_770_OUT3
   optimized to 0
LUT3 		Madd_error_keeper[21][7]_GND_1_o_add_770_OUT4
   optimized to 0
LUT3 		Madd_error_keeper[21][7]_GND_1_o_add_770_OUT5
   optimized to 0
LUT3 		Madd_error_keeper[21][7]_GND_1_o_add_770_OUT6
   optimized to 0
LUT3 		Madd_error_keeper[22][7]_GND_1_o_add_208_OUT1
   optimized to 0
LUT3 		Madd_error_keeper[22][7]_GND_1_o_add_208_OUT2
   optimized to 0
LUT3 		Madd_error_keeper[22][7]_GND_1_o_add_208_OUT3
   optimized to 0
LUT3 		Madd_error_keeper[22][7]_GND_1_o_add_208_OUT4
   optimized to 0
LUT3 		Madd_error_keeper[22][7]_GND_1_o_add_208_OUT5
   optimized to 0
LUT3 		Madd_error_keeper[22][7]_GND_1_o_add_208_OUT6
   optimized to 0
LUT3 		Madd_error_keeper[22][7]_GND_1_o_add_784_OUT1
   optimized to 0
LUT3 		Madd_error_keeper[22][7]_GND_1_o_add_784_OUT2
   optimized to 0
LUT3 		Madd_error_keeper[22][7]_GND_1_o_add_784_OUT3
   optimized to 0
LUT3 		Madd_error_keeper[22][7]_GND_1_o_add_784_OUT4
   optimized to 0
LUT3 		Madd_error_keeper[22][7]_GND_1_o_add_784_OUT5
   optimized to 0
LUT3 		Madd_error_keeper[22][7]_GND_1_o_add_784_OUT6
   optimized to 0
LUT3 		Madd_error_keeper[23][7]_GND_1_o_add_212_OUT1
   optimized to 0
LUT3 		Madd_error_keeper[23][7]_GND_1_o_add_212_OUT2
   optimized to 0
LUT3 		Madd_error_keeper[23][7]_GND_1_o_add_212_OUT3
   optimized to 0
LUT3 		Madd_error_keeper[23][7]_GND_1_o_add_212_OUT4
   optimized to 0
LUT3 		Madd_error_keeper[23][7]_GND_1_o_add_212_OUT5
   optimized to 0
LUT3 		Madd_error_keeper[23][7]_GND_1_o_add_212_OUT6
   optimized to 0
LUT3 		Madd_error_keeper[23][7]_GND_1_o_add_788_OUT1
   optimized to 0
LUT3 		Madd_error_keeper[23][7]_GND_1_o_add_788_OUT2
   optimized to 0
LUT3 		Madd_error_keeper[23][7]_GND_1_o_add_788_OUT3
   optimized to 0
LUT3 		Madd_error_keeper[23][7]_GND_1_o_add_788_OUT4
   optimized to 0
LUT3 		Madd_error_keeper[23][7]_GND_1_o_add_788_OUT5
   optimized to 0
LUT3 		Madd_error_keeper[23][7]_GND_1_o_add_788_OUT6
   optimized to 0
LUT3 		Madd_error_keeper[24][7]_GND_1_o_add_226_OUT1
   optimized to 0
LUT3 		Madd_error_keeper[24][7]_GND_1_o_add_226_OUT2
   optimized to 0
LUT3 		Madd_error_keeper[24][7]_GND_1_o_add_226_OUT3
   optimized to 0
LUT3 		Madd_error_keeper[24][7]_GND_1_o_add_226_OUT4
   optimized to 0
LUT3 		Madd_error_keeper[24][7]_GND_1_o_add_226_OUT5
   optimized to 0
LUT3 		Madd_error_keeper[24][7]_GND_1_o_add_226_OUT6
   optimized to 0
LUT3 		Madd_error_keeper[24][7]_GND_1_o_add_802_OUT1
   optimized to 0
LUT3 		Madd_error_keeper[24][7]_GND_1_o_add_802_OUT2
   optimized to 0
LUT3 		Madd_error_keeper[24][7]_GND_1_o_add_802_OUT3
   optimized to 0
LUT3 		Madd_error_keeper[24][7]_GND_1_o_add_802_OUT4
   optimized to 0
LUT3 		Madd_error_keeper[24][7]_GND_1_o_add_802_OUT5
   optimized to 0
LUT3 		Madd_error_keeper[24][7]_GND_1_o_add_802_OUT6
   optimized to 0
LUT3 		Madd_error_keeper[25][7]_GND_1_o_add_230_OUT1
   optimized to 0
LUT3 		Madd_error_keeper[25][7]_GND_1_o_add_230_OUT2
   optimized to 0
LUT3 		Madd_error_keeper[25][7]_GND_1_o_add_230_OUT3
   optimized to 0
LUT3 		Madd_error_keeper[25][7]_GND_1_o_add_230_OUT4
   optimized to 0
LUT3 		Madd_error_keeper[25][7]_GND_1_o_add_230_OUT5
   optimized to 0
LUT3 		Madd_error_keeper[25][7]_GND_1_o_add_230_OUT6
   optimized to 0
LUT3 		Madd_error_keeper[25][7]_GND_1_o_add_806_OUT1
   optimized to 0
LUT3 		Madd_error_keeper[25][7]_GND_1_o_add_806_OUT2
   optimized to 0
LUT3 		Madd_error_keeper[25][7]_GND_1_o_add_806_OUT3
   optimized to 0
LUT3 		Madd_error_keeper[25][7]_GND_1_o_add_806_OUT4
   optimized to 0
LUT3 		Madd_error_keeper[25][7]_GND_1_o_add_806_OUT5
   optimized to 0
LUT3 		Madd_error_keeper[25][7]_GND_1_o_add_806_OUT6
   optimized to 0
LUT3 		Madd_error_keeper[26][7]_GND_1_o_add_244_OUT1
   optimized to 0
LUT3 		Madd_error_keeper[26][7]_GND_1_o_add_244_OUT2
   optimized to 0
LUT3 		Madd_error_keeper[26][7]_GND_1_o_add_244_OUT3
   optimized to 0
LUT3 		Madd_error_keeper[26][7]_GND_1_o_add_244_OUT4
   optimized to 0
LUT3 		Madd_error_keeper[26][7]_GND_1_o_add_244_OUT5
   optimized to 0
LUT3 		Madd_error_keeper[26][7]_GND_1_o_add_244_OUT6
   optimized to 0
LUT3 		Madd_error_keeper[26][7]_GND_1_o_add_820_OUT1
   optimized to 0
LUT3 		Madd_error_keeper[26][7]_GND_1_o_add_820_OUT2
   optimized to 0
LUT3 		Madd_error_keeper[26][7]_GND_1_o_add_820_OUT3
   optimized to 0
LUT3 		Madd_error_keeper[26][7]_GND_1_o_add_820_OUT4
   optimized to 0
LUT3 		Madd_error_keeper[26][7]_GND_1_o_add_820_OUT5
   optimized to 0
LUT3 		Madd_error_keeper[26][7]_GND_1_o_add_820_OUT6
   optimized to 0
LUT3 		Madd_error_keeper[27][7]_GND_1_o_add_248_OUT1
   optimized to 0
LUT3 		Madd_error_keeper[27][7]_GND_1_o_add_248_OUT2
   optimized to 0
LUT3 		Madd_error_keeper[27][7]_GND_1_o_add_248_OUT3
   optimized to 0
LUT3 		Madd_error_keeper[27][7]_GND_1_o_add_248_OUT4
   optimized to 0
LUT3 		Madd_error_keeper[27][7]_GND_1_o_add_248_OUT5
   optimized to 0
LUT3 		Madd_error_keeper[27][7]_GND_1_o_add_248_OUT6
   optimized to 0
LUT3 		Madd_error_keeper[27][7]_GND_1_o_add_824_OUT1
   optimized to 0
LUT3 		Madd_error_keeper[27][7]_GND_1_o_add_824_OUT2
   optimized to 0
LUT3 		Madd_error_keeper[27][7]_GND_1_o_add_824_OUT3
   optimized to 0
LUT3 		Madd_error_keeper[27][7]_GND_1_o_add_824_OUT4
   optimized to 0
LUT3 		Madd_error_keeper[27][7]_GND_1_o_add_824_OUT5
   optimized to 0
LUT3 		Madd_error_keeper[27][7]_GND_1_o_add_824_OUT6
   optimized to 0
LUT3 		Madd_error_keeper[28][7]_GND_1_o_add_262_OUT1
   optimized to 0
LUT3 		Madd_error_keeper[28][7]_GND_1_o_add_262_OUT2
   optimized to 0
LUT3 		Madd_error_keeper[28][7]_GND_1_o_add_262_OUT3
   optimized to 0
LUT3 		Madd_error_keeper[28][7]_GND_1_o_add_262_OUT4
   optimized to 0
LUT3 		Madd_error_keeper[28][7]_GND_1_o_add_262_OUT5
   optimized to 0
LUT3 		Madd_error_keeper[28][7]_GND_1_o_add_262_OUT6
   optimized to 0
LUT3 		Madd_error_keeper[28][7]_GND_1_o_add_838_OUT1
   optimized to 0
LUT3 		Madd_error_keeper[28][7]_GND_1_o_add_838_OUT2
   optimized to 0
LUT3 		Madd_error_keeper[28][7]_GND_1_o_add_838_OUT3
   optimized to 0
LUT3 		Madd_error_keeper[28][7]_GND_1_o_add_838_OUT4
   optimized to 0
LUT3 		Madd_error_keeper[28][7]_GND_1_o_add_838_OUT5
   optimized to 0
LUT3 		Madd_error_keeper[28][7]_GND_1_o_add_838_OUT6
   optimized to 0
LUT3 		Madd_error_keeper[29][7]_GND_1_o_add_266_OUT1
   optimized to 0
LUT3 		Madd_error_keeper[29][7]_GND_1_o_add_266_OUT2
   optimized to 0
LUT3 		Madd_error_keeper[29][7]_GND_1_o_add_266_OUT3
   optimized to 0
LUT3 		Madd_error_keeper[29][7]_GND_1_o_add_266_OUT4
   optimized to 0
LUT3 		Madd_error_keeper[29][7]_GND_1_o_add_266_OUT5
   optimized to 0
LUT3 		Madd_error_keeper[29][7]_GND_1_o_add_266_OUT6
   optimized to 0
LUT3 		Madd_error_keeper[29][7]_GND_1_o_add_842_OUT1
   optimized to 0
LUT3 		Madd_error_keeper[29][7]_GND_1_o_add_842_OUT2
   optimized to 0
LUT3 		Madd_error_keeper[29][7]_GND_1_o_add_842_OUT3
   optimized to 0
LUT3 		Madd_error_keeper[29][7]_GND_1_o_add_842_OUT4
   optimized to 0
LUT3 		Madd_error_keeper[29][7]_GND_1_o_add_842_OUT5
   optimized to 0
LUT3 		Madd_error_keeper[29][7]_GND_1_o_add_842_OUT6
   optimized to 0
LUT3 		Madd_error_keeper[2][7]_GND_1_o_add_28_OUT1
   optimized to 0
LUT3 		Madd_error_keeper[2][7]_GND_1_o_add_28_OUT2
   optimized to 0
LUT3 		Madd_error_keeper[2][7]_GND_1_o_add_28_OUT3
   optimized to 0
LUT3 		Madd_error_keeper[2][7]_GND_1_o_add_28_OUT4
   optimized to 0
LUT3 		Madd_error_keeper[2][7]_GND_1_o_add_28_OUT5
   optimized to 0
LUT3 		Madd_error_keeper[2][7]_GND_1_o_add_28_OUT6
   optimized to 0
LUT3 		Madd_error_keeper[2][7]_GND_1_o_add_604_OUT1
   optimized to 0
LUT3 		Madd_error_keeper[2][7]_GND_1_o_add_604_OUT2
   optimized to 0
LUT3 		Madd_error_keeper[2][7]_GND_1_o_add_604_OUT3
   optimized to 0
LUT3 		Madd_error_keeper[2][7]_GND_1_o_add_604_OUT4
   optimized to 0
LUT3 		Madd_error_keeper[2][7]_GND_1_o_add_604_OUT5
   optimized to 0
LUT3 		Madd_error_keeper[2][7]_GND_1_o_add_604_OUT6
   optimized to 0
LUT3 		Madd_error_keeper[30][7]_GND_1_o_add_280_OUT1
   optimized to 0
LUT3 		Madd_error_keeper[30][7]_GND_1_o_add_280_OUT2
   optimized to 0
LUT3 		Madd_error_keeper[30][7]_GND_1_o_add_280_OUT3
   optimized to 0
LUT3 		Madd_error_keeper[30][7]_GND_1_o_add_280_OUT4
   optimized to 0
LUT3 		Madd_error_keeper[30][7]_GND_1_o_add_280_OUT5
   optimized to 0
LUT3 		Madd_error_keeper[30][7]_GND_1_o_add_280_OUT6
   optimized to 0
LUT3 		Madd_error_keeper[30][7]_GND_1_o_add_856_OUT1
   optimized to 0
LUT3 		Madd_error_keeper[30][7]_GND_1_o_add_856_OUT2
   optimized to 0
LUT3 		Madd_error_keeper[30][7]_GND_1_o_add_856_OUT3
   optimized to 0
LUT3 		Madd_error_keeper[30][7]_GND_1_o_add_856_OUT4
   optimized to 0
LUT3 		Madd_error_keeper[30][7]_GND_1_o_add_856_OUT5
   optimized to 0
LUT3 		Madd_error_keeper[30][7]_GND_1_o_add_856_OUT6
   optimized to 0
LUT3 		Madd_error_keeper[31][7]_GND_1_o_add_284_OUT1
   optimized to 0
LUT3 		Madd_error_keeper[31][7]_GND_1_o_add_284_OUT2
   optimized to 0
LUT3 		Madd_error_keeper[31][7]_GND_1_o_add_284_OUT3
   optimized to 0
LUT3 		Madd_error_keeper[31][7]_GND_1_o_add_284_OUT4
   optimized to 0
LUT3 		Madd_error_keeper[31][7]_GND_1_o_add_284_OUT5
   optimized to 0
LUT3 		Madd_error_keeper[31][7]_GND_1_o_add_284_OUT6
   optimized to 0
LUT3 		Madd_error_keeper[31][7]_GND_1_o_add_860_OUT1
   optimized to 0
LUT3 		Madd_error_keeper[31][7]_GND_1_o_add_860_OUT2
   optimized to 0
LUT3 		Madd_error_keeper[31][7]_GND_1_o_add_860_OUT3
   optimized to 0
LUT3 		Madd_error_keeper[31][7]_GND_1_o_add_860_OUT4
   optimized to 0
LUT3 		Madd_error_keeper[31][7]_GND_1_o_add_860_OUT5
   optimized to 0
LUT3 		Madd_error_keeper[31][7]_GND_1_o_add_860_OUT6
   optimized to 0
LUT3 		Madd_error_keeper[32][7]_GND_1_o_add_298_OUT1
   optimized to 0
LUT3 		Madd_error_keeper[32][7]_GND_1_o_add_298_OUT2
   optimized to 0
LUT3 		Madd_error_keeper[32][7]_GND_1_o_add_298_OUT3
   optimized to 0
LUT3 		Madd_error_keeper[32][7]_GND_1_o_add_298_OUT4
   optimized to 0
LUT3 		Madd_error_keeper[32][7]_GND_1_o_add_298_OUT5
   optimized to 0
LUT3 		Madd_error_keeper[32][7]_GND_1_o_add_298_OUT6
   optimized to 0
LUT3 		Madd_error_keeper[32][7]_GND_1_o_add_874_OUT1
   optimized to 0
LUT3 		Madd_error_keeper[32][7]_GND_1_o_add_874_OUT2
   optimized to 0
LUT3 		Madd_error_keeper[32][7]_GND_1_o_add_874_OUT3
   optimized to 0
LUT3 		Madd_error_keeper[32][7]_GND_1_o_add_874_OUT4
   optimized to 0
LUT3 		Madd_error_keeper[32][7]_GND_1_o_add_874_OUT5
   optimized to 0
LUT3 		Madd_error_keeper[32][7]_GND_1_o_add_874_OUT6
   optimized to 0
LUT3 		Madd_error_keeper[33][7]_GND_1_o_add_302_OUT1
   optimized to 0
LUT3 		Madd_error_keeper[33][7]_GND_1_o_add_302_OUT2
   optimized to 0
LUT3 		Madd_error_keeper[33][7]_GND_1_o_add_302_OUT3
   optimized to 0
LUT3 		Madd_error_keeper[33][7]_GND_1_o_add_302_OUT4
   optimized to 0
LUT3 		Madd_error_keeper[33][7]_GND_1_o_add_302_OUT5
   optimized to 0
LUT3 		Madd_error_keeper[33][7]_GND_1_o_add_302_OUT6
   optimized to 0
LUT3 		Madd_error_keeper[33][7]_GND_1_o_add_878_OUT1
   optimized to 0
LUT3 		Madd_error_keeper[33][7]_GND_1_o_add_878_OUT2
   optimized to 0
LUT3 		Madd_error_keeper[33][7]_GND_1_o_add_878_OUT3
   optimized to 0
LUT3 		Madd_error_keeper[33][7]_GND_1_o_add_878_OUT4
   optimized to 0
LUT3 		Madd_error_keeper[33][7]_GND_1_o_add_878_OUT5
   optimized to 0
LUT3 		Madd_error_keeper[33][7]_GND_1_o_add_878_OUT6
   optimized to 0
LUT3 		Madd_error_keeper[34][7]_GND_1_o_add_316_OUT1
   optimized to 0
LUT3 		Madd_error_keeper[34][7]_GND_1_o_add_316_OUT2
   optimized to 0
LUT3 		Madd_error_keeper[34][7]_GND_1_o_add_316_OUT3
   optimized to 0
LUT3 		Madd_error_keeper[34][7]_GND_1_o_add_316_OUT4
   optimized to 0
LUT3 		Madd_error_keeper[34][7]_GND_1_o_add_316_OUT5
   optimized to 0
LUT3 		Madd_error_keeper[34][7]_GND_1_o_add_316_OUT6
   optimized to 0
LUT3 		Madd_error_keeper[34][7]_GND_1_o_add_892_OUT1
   optimized to 0
LUT3 		Madd_error_keeper[34][7]_GND_1_o_add_892_OUT2
   optimized to 0
LUT3 		Madd_error_keeper[34][7]_GND_1_o_add_892_OUT3
   optimized to 0
LUT3 		Madd_error_keeper[34][7]_GND_1_o_add_892_OUT4
   optimized to 0
LUT3 		Madd_error_keeper[34][7]_GND_1_o_add_892_OUT5
   optimized to 0
LUT3 		Madd_error_keeper[34][7]_GND_1_o_add_892_OUT6
   optimized to 0
LUT3 		Madd_error_keeper[35][7]_GND_1_o_add_320_OUT1
   optimized to 0
LUT3 		Madd_error_keeper[35][7]_GND_1_o_add_320_OUT2
   optimized to 0
LUT3 		Madd_error_keeper[35][7]_GND_1_o_add_320_OUT3
   optimized to 0
LUT3 		Madd_error_keeper[35][7]_GND_1_o_add_320_OUT4
   optimized to 0
LUT3 		Madd_error_keeper[35][7]_GND_1_o_add_320_OUT5
   optimized to 0
LUT3 		Madd_error_keeper[35][7]_GND_1_o_add_320_OUT6
   optimized to 0
LUT3 		Madd_error_keeper[35][7]_GND_1_o_add_896_OUT1
   optimized to 0
LUT3 		Madd_error_keeper[35][7]_GND_1_o_add_896_OUT2
   optimized to 0
LUT3 		Madd_error_keeper[35][7]_GND_1_o_add_896_OUT3
   optimized to 0
LUT3 		Madd_error_keeper[35][7]_GND_1_o_add_896_OUT4
   optimized to 0
LUT3 		Madd_error_keeper[35][7]_GND_1_o_add_896_OUT5
   optimized to 0
LUT3 		Madd_error_keeper[35][7]_GND_1_o_add_896_OUT6
   optimized to 0
LUT3 		Madd_error_keeper[36][7]_GND_1_o_add_334_OUT1
   optimized to 0
LUT3 		Madd_error_keeper[36][7]_GND_1_o_add_334_OUT2
   optimized to 0
LUT3 		Madd_error_keeper[36][7]_GND_1_o_add_334_OUT3
   optimized to 0
LUT3 		Madd_error_keeper[36][7]_GND_1_o_add_334_OUT4
   optimized to 0
LUT3 		Madd_error_keeper[36][7]_GND_1_o_add_334_OUT5
   optimized to 0
LUT3 		Madd_error_keeper[36][7]_GND_1_o_add_334_OUT6
   optimized to 0
LUT3 		Madd_error_keeper[36][7]_GND_1_o_add_910_OUT1
   optimized to 0
LUT3 		Madd_error_keeper[36][7]_GND_1_o_add_910_OUT2
   optimized to 0
LUT3 		Madd_error_keeper[36][7]_GND_1_o_add_910_OUT3
   optimized to 0
LUT3 		Madd_error_keeper[36][7]_GND_1_o_add_910_OUT4
   optimized to 0
LUT3 		Madd_error_keeper[36][7]_GND_1_o_add_910_OUT5
   optimized to 0
LUT3 		Madd_error_keeper[36][7]_GND_1_o_add_910_OUT6
   optimized to 0
LUT3 		Madd_error_keeper[37][7]_GND_1_o_add_338_OUT1
   optimized to 0
LUT3 		Madd_error_keeper[37][7]_GND_1_o_add_338_OUT2
   optimized to 0
LUT3 		Madd_error_keeper[37][7]_GND_1_o_add_338_OUT3
   optimized to 0
LUT3 		Madd_error_keeper[37][7]_GND_1_o_add_338_OUT4
   optimized to 0
LUT3 		Madd_error_keeper[37][7]_GND_1_o_add_338_OUT5
   optimized to 0
LUT3 		Madd_error_keeper[37][7]_GND_1_o_add_338_OUT6
   optimized to 0
LUT3 		Madd_error_keeper[37][7]_GND_1_o_add_914_OUT1
   optimized to 0
LUT3 		Madd_error_keeper[37][7]_GND_1_o_add_914_OUT2
   optimized to 0
LUT3 		Madd_error_keeper[37][7]_GND_1_o_add_914_OUT3
   optimized to 0
LUT3 		Madd_error_keeper[37][7]_GND_1_o_add_914_OUT4
   optimized to 0
LUT3 		Madd_error_keeper[37][7]_GND_1_o_add_914_OUT5
   optimized to 0
LUT3 		Madd_error_keeper[37][7]_GND_1_o_add_914_OUT6
   optimized to 0
LUT3 		Madd_error_keeper[38][7]_GND_1_o_add_352_OUT1
   optimized to 0
LUT3 		Madd_error_keeper[38][7]_GND_1_o_add_352_OUT2
   optimized to 0
LUT3 		Madd_error_keeper[38][7]_GND_1_o_add_352_OUT3
   optimized to 0
LUT3 		Madd_error_keeper[38][7]_GND_1_o_add_352_OUT4
   optimized to 0
LUT3 		Madd_error_keeper[38][7]_GND_1_o_add_352_OUT5
   optimized to 0
LUT3 		Madd_error_keeper[38][7]_GND_1_o_add_352_OUT6
   optimized to 0
LUT3 		Madd_error_keeper[38][7]_GND_1_o_add_928_OUT1
   optimized to 0
LUT3 		Madd_error_keeper[38][7]_GND_1_o_add_928_OUT2
   optimized to 0
LUT3 		Madd_error_keeper[38][7]_GND_1_o_add_928_OUT3
   optimized to 0
LUT3 		Madd_error_keeper[38][7]_GND_1_o_add_928_OUT4
   optimized to 0
LUT3 		Madd_error_keeper[38][7]_GND_1_o_add_928_OUT5
   optimized to 0
LUT3 		Madd_error_keeper[38][7]_GND_1_o_add_928_OUT6
   optimized to 0
LUT3 		Madd_error_keeper[39][7]_GND_1_o_add_356_OUT1
   optimized to 0
LUT3 		Madd_error_keeper[39][7]_GND_1_o_add_356_OUT2
   optimized to 0
LUT3 		Madd_error_keeper[39][7]_GND_1_o_add_356_OUT3
   optimized to 0
LUT3 		Madd_error_keeper[39][7]_GND_1_o_add_356_OUT4
   optimized to 0
LUT3 		Madd_error_keeper[39][7]_GND_1_o_add_356_OUT5
   optimized to 0
LUT3 		Madd_error_keeper[39][7]_GND_1_o_add_356_OUT6
   optimized to 0
LUT3 		Madd_error_keeper[39][7]_GND_1_o_add_932_OUT1
   optimized to 0
LUT3 		Madd_error_keeper[39][7]_GND_1_o_add_932_OUT2
   optimized to 0
LUT3 		Madd_error_keeper[39][7]_GND_1_o_add_932_OUT3
   optimized to 0
LUT3 		Madd_error_keeper[39][7]_GND_1_o_add_932_OUT4
   optimized to 0
LUT3 		Madd_error_keeper[39][7]_GND_1_o_add_932_OUT5
   optimized to 0
LUT3 		Madd_error_keeper[39][7]_GND_1_o_add_932_OUT6
   optimized to 0
LUT3 		Madd_error_keeper[3][7]_GND_1_o_add_32_OUT1
   optimized to 0
LUT3 		Madd_error_keeper[3][7]_GND_1_o_add_32_OUT2
   optimized to 0
LUT3 		Madd_error_keeper[3][7]_GND_1_o_add_32_OUT3
   optimized to 0
LUT3 		Madd_error_keeper[3][7]_GND_1_o_add_32_OUT4
   optimized to 0
LUT3 		Madd_error_keeper[3][7]_GND_1_o_add_32_OUT5
   optimized to 0
LUT3 		Madd_error_keeper[3][7]_GND_1_o_add_32_OUT6
   optimized to 0
LUT3 		Madd_error_keeper[3][7]_GND_1_o_add_608_OUT1
   optimized to 0
LUT3 		Madd_error_keeper[3][7]_GND_1_o_add_608_OUT2
   optimized to 0
LUT3 		Madd_error_keeper[3][7]_GND_1_o_add_608_OUT3
   optimized to 0
LUT3 		Madd_error_keeper[3][7]_GND_1_o_add_608_OUT4
   optimized to 0
LUT3 		Madd_error_keeper[3][7]_GND_1_o_add_608_OUT5
   optimized to 0
LUT3 		Madd_error_keeper[3][7]_GND_1_o_add_608_OUT6
   optimized to 0
LUT3 		Madd_error_keeper[40][7]_GND_1_o_add_370_OUT1
   optimized to 0
LUT3 		Madd_error_keeper[40][7]_GND_1_o_add_370_OUT2
   optimized to 0
LUT3 		Madd_error_keeper[40][7]_GND_1_o_add_370_OUT3
   optimized to 0
LUT3 		Madd_error_keeper[40][7]_GND_1_o_add_370_OUT4
   optimized to 0
LUT3 		Madd_error_keeper[40][7]_GND_1_o_add_370_OUT5
   optimized to 0
LUT3 		Madd_error_keeper[40][7]_GND_1_o_add_370_OUT6
   optimized to 0
LUT3 		Madd_error_keeper[40][7]_GND_1_o_add_946_OUT1
   optimized to 0
LUT3 		Madd_error_keeper[40][7]_GND_1_o_add_946_OUT2
   optimized to 0
LUT3 		Madd_error_keeper[40][7]_GND_1_o_add_946_OUT3
   optimized to 0
LUT3 		Madd_error_keeper[40][7]_GND_1_o_add_946_OUT4
   optimized to 0
LUT3 		Madd_error_keeper[40][7]_GND_1_o_add_946_OUT5
   optimized to 0
LUT3 		Madd_error_keeper[40][7]_GND_1_o_add_946_OUT6
   optimized to 0
LUT3 		Madd_error_keeper[41][7]_GND_1_o_add_374_OUT1
   optimized to 0
LUT3 		Madd_error_keeper[41][7]_GND_1_o_add_374_OUT2
   optimized to 0
LUT3 		Madd_error_keeper[41][7]_GND_1_o_add_374_OUT3
   optimized to 0
LUT3 		Madd_error_keeper[41][7]_GND_1_o_add_374_OUT4
   optimized to 0
LUT3 		Madd_error_keeper[41][7]_GND_1_o_add_374_OUT5
   optimized to 0
LUT3 		Madd_error_keeper[41][7]_GND_1_o_add_374_OUT6
   optimized to 0
LUT3 		Madd_error_keeper[41][7]_GND_1_o_add_950_OUT1
   optimized to 0
LUT3 		Madd_error_keeper[41][7]_GND_1_o_add_950_OUT2
   optimized to 0
LUT3 		Madd_error_keeper[41][7]_GND_1_o_add_950_OUT3
   optimized to 0
LUT3 		Madd_error_keeper[41][7]_GND_1_o_add_950_OUT4
   optimized to 0
LUT3 		Madd_error_keeper[41][7]_GND_1_o_add_950_OUT5
   optimized to 0
LUT3 		Madd_error_keeper[41][7]_GND_1_o_add_950_OUT6
   optimized to 0
LUT3 		Madd_error_keeper[42][7]_GND_1_o_add_388_OUT1
   optimized to 0
LUT3 		Madd_error_keeper[42][7]_GND_1_o_add_388_OUT2
   optimized to 0
LUT3 		Madd_error_keeper[42][7]_GND_1_o_add_388_OUT3
   optimized to 0
LUT3 		Madd_error_keeper[42][7]_GND_1_o_add_388_OUT4
   optimized to 0
LUT3 		Madd_error_keeper[42][7]_GND_1_o_add_388_OUT5
   optimized to 0
LUT3 		Madd_error_keeper[42][7]_GND_1_o_add_388_OUT6
   optimized to 0
LUT3 		Madd_error_keeper[42][7]_GND_1_o_add_964_OUT1
   optimized to 0
LUT3 		Madd_error_keeper[42][7]_GND_1_o_add_964_OUT2
   optimized to 0
LUT3 		Madd_error_keeper[42][7]_GND_1_o_add_964_OUT3
   optimized to 0
LUT3 		Madd_error_keeper[42][7]_GND_1_o_add_964_OUT4
   optimized to 0
LUT3 		Madd_error_keeper[42][7]_GND_1_o_add_964_OUT5
   optimized to 0
LUT3 		Madd_error_keeper[42][7]_GND_1_o_add_964_OUT6
   optimized to 0
LUT3 		Madd_error_keeper[43][7]_GND_1_o_add_392_OUT1
   optimized to 0
LUT3 		Madd_error_keeper[43][7]_GND_1_o_add_392_OUT2
   optimized to 0
LUT3 		Madd_error_keeper[43][7]_GND_1_o_add_392_OUT3
   optimized to 0
LUT3 		Madd_error_keeper[43][7]_GND_1_o_add_392_OUT4
   optimized to 0
LUT3 		Madd_error_keeper[43][7]_GND_1_o_add_392_OUT5
   optimized to 0
LUT3 		Madd_error_keeper[43][7]_GND_1_o_add_392_OUT6
   optimized to 0
LUT3 		Madd_error_keeper[43][7]_GND_1_o_add_968_OUT1
   optimized to 0
LUT3 		Madd_error_keeper[43][7]_GND_1_o_add_968_OUT2
   optimized to 0
LUT3 		Madd_error_keeper[43][7]_GND_1_o_add_968_OUT3
   optimized to 0
LUT3 		Madd_error_keeper[43][7]_GND_1_o_add_968_OUT4
   optimized to 0
LUT3 		Madd_error_keeper[43][7]_GND_1_o_add_968_OUT5
   optimized to 0
LUT3 		Madd_error_keeper[43][7]_GND_1_o_add_968_OUT6
   optimized to 0
LUT3 		Madd_error_keeper[44][7]_GND_1_o_add_406_OUT1
   optimized to 0
LUT3 		Madd_error_keeper[44][7]_GND_1_o_add_406_OUT2
   optimized to 0
LUT3 		Madd_error_keeper[44][7]_GND_1_o_add_406_OUT3
   optimized to 0
LUT3 		Madd_error_keeper[44][7]_GND_1_o_add_406_OUT4
   optimized to 0
LUT3 		Madd_error_keeper[44][7]_GND_1_o_add_406_OUT5
   optimized to 0
LUT3 		Madd_error_keeper[44][7]_GND_1_o_add_406_OUT6
   optimized to 0
LUT3 		Madd_error_keeper[44][7]_GND_1_o_add_982_OUT1
   optimized to 0
LUT3 		Madd_error_keeper[44][7]_GND_1_o_add_982_OUT2
   optimized to 0
LUT3 		Madd_error_keeper[44][7]_GND_1_o_add_982_OUT3
   optimized to 0
LUT3 		Madd_error_keeper[44][7]_GND_1_o_add_982_OUT4
   optimized to 0
LUT3 		Madd_error_keeper[44][7]_GND_1_o_add_982_OUT5
   optimized to 0
LUT3 		Madd_error_keeper[44][7]_GND_1_o_add_982_OUT6
   optimized to 0
LUT3 		Madd_error_keeper[45][7]_GND_1_o_add_410_OUT1
   optimized to 0
LUT3 		Madd_error_keeper[45][7]_GND_1_o_add_410_OUT2
   optimized to 0
LUT3 		Madd_error_keeper[45][7]_GND_1_o_add_410_OUT3
   optimized to 0
LUT3 		Madd_error_keeper[45][7]_GND_1_o_add_410_OUT4
   optimized to 0
LUT3 		Madd_error_keeper[45][7]_GND_1_o_add_410_OUT5
   optimized to 0
LUT3 		Madd_error_keeper[45][7]_GND_1_o_add_410_OUT6
   optimized to 0
LUT3 		Madd_error_keeper[45][7]_GND_1_o_add_986_OUT1
   optimized to 0
LUT3 		Madd_error_keeper[45][7]_GND_1_o_add_986_OUT2
   optimized to 0
LUT3 		Madd_error_keeper[45][7]_GND_1_o_add_986_OUT3
   optimized to 0
LUT3 		Madd_error_keeper[45][7]_GND_1_o_add_986_OUT4
   optimized to 0
LUT3 		Madd_error_keeper[45][7]_GND_1_o_add_986_OUT5
   optimized to 0
LUT3 		Madd_error_keeper[45][7]_GND_1_o_add_986_OUT6
   optimized to 0
LUT3 		Madd_error_keeper[46][7]_GND_1_o_add_1000_OUT1
   optimized to 0
LUT3 		Madd_error_keeper[46][7]_GND_1_o_add_1000_OUT2
   optimized to 0
LUT3 		Madd_error_keeper[46][7]_GND_1_o_add_1000_OUT3
   optimized to 0
LUT3 		Madd_error_keeper[46][7]_GND_1_o_add_1000_OUT4
   optimized to 0
LUT3 		Madd_error_keeper[46][7]_GND_1_o_add_1000_OUT5
   optimized to 0
LUT3 		Madd_error_keeper[46][7]_GND_1_o_add_1000_OUT6
   optimized to 0
LUT3 		Madd_error_keeper[46][7]_GND_1_o_add_424_OUT1
   optimized to 0
LUT3 		Madd_error_keeper[46][7]_GND_1_o_add_424_OUT2
   optimized to 0
LUT3 		Madd_error_keeper[46][7]_GND_1_o_add_424_OUT3
   optimized to 0
LUT3 		Madd_error_keeper[46][7]_GND_1_o_add_424_OUT4
   optimized to 0
LUT3 		Madd_error_keeper[46][7]_GND_1_o_add_424_OUT5
   optimized to 0
LUT3 		Madd_error_keeper[46][7]_GND_1_o_add_424_OUT6
   optimized to 0
LUT3 		Madd_error_keeper[47][7]_GND_1_o_add_1004_OUT1
   optimized to 0
LUT3 		Madd_error_keeper[47][7]_GND_1_o_add_1004_OUT2
   optimized to 0
LUT3 		Madd_error_keeper[47][7]_GND_1_o_add_1004_OUT3
   optimized to 0
LUT3 		Madd_error_keeper[47][7]_GND_1_o_add_1004_OUT4
   optimized to 0
LUT3 		Madd_error_keeper[47][7]_GND_1_o_add_1004_OUT5
   optimized to 0
LUT3 		Madd_error_keeper[47][7]_GND_1_o_add_1004_OUT6
   optimized to 0
LUT3 		Madd_error_keeper[47][7]_GND_1_o_add_428_OUT1
   optimized to 0
LUT3 		Madd_error_keeper[47][7]_GND_1_o_add_428_OUT2
   optimized to 0
LUT3 		Madd_error_keeper[47][7]_GND_1_o_add_428_OUT3
   optimized to 0
LUT3 		Madd_error_keeper[47][7]_GND_1_o_add_428_OUT4
   optimized to 0
LUT3 		Madd_error_keeper[47][7]_GND_1_o_add_428_OUT5
   optimized to 0
LUT3 		Madd_error_keeper[47][7]_GND_1_o_add_428_OUT6
   optimized to 0
LUT3 		Madd_error_keeper[48][7]_GND_1_o_add_1018_OUT1
   optimized to 0
LUT3 		Madd_error_keeper[48][7]_GND_1_o_add_1018_OUT2
   optimized to 0
LUT3 		Madd_error_keeper[48][7]_GND_1_o_add_1018_OUT3
   optimized to 0
LUT3 		Madd_error_keeper[48][7]_GND_1_o_add_1018_OUT4
   optimized to 0
LUT3 		Madd_error_keeper[48][7]_GND_1_o_add_1018_OUT5
   optimized to 0
LUT3 		Madd_error_keeper[48][7]_GND_1_o_add_1018_OUT6
   optimized to 0
LUT3 		Madd_error_keeper[48][7]_GND_1_o_add_442_OUT1
   optimized to 0
LUT3 		Madd_error_keeper[48][7]_GND_1_o_add_442_OUT2
   optimized to 0
LUT3 		Madd_error_keeper[48][7]_GND_1_o_add_442_OUT3
   optimized to 0
LUT3 		Madd_error_keeper[48][7]_GND_1_o_add_442_OUT4
   optimized to 0
LUT3 		Madd_error_keeper[48][7]_GND_1_o_add_442_OUT5
   optimized to 0
LUT3 		Madd_error_keeper[48][7]_GND_1_o_add_442_OUT6
   optimized to 0
LUT3 		Madd_error_keeper[49][7]_GND_1_o_add_1022_OUT1
   optimized to 0
LUT3 		Madd_error_keeper[49][7]_GND_1_o_add_1022_OUT2
   optimized to 0
LUT3 		Madd_error_keeper[49][7]_GND_1_o_add_1022_OUT3
   optimized to 0
LUT3 		Madd_error_keeper[49][7]_GND_1_o_add_1022_OUT4
   optimized to 0
LUT3 		Madd_error_keeper[49][7]_GND_1_o_add_1022_OUT5
   optimized to 0
LUT3 		Madd_error_keeper[49][7]_GND_1_o_add_1022_OUT6
   optimized to 0
LUT3 		Madd_error_keeper[49][7]_GND_1_o_add_446_OUT1
   optimized to 0
LUT3 		Madd_error_keeper[49][7]_GND_1_o_add_446_OUT2
   optimized to 0
LUT3 		Madd_error_keeper[49][7]_GND_1_o_add_446_OUT3
   optimized to 0
LUT3 		Madd_error_keeper[49][7]_GND_1_o_add_446_OUT4
   optimized to 0
LUT3 		Madd_error_keeper[49][7]_GND_1_o_add_446_OUT5
   optimized to 0
LUT3 		Madd_error_keeper[49][7]_GND_1_o_add_446_OUT6
   optimized to 0
LUT3 		Madd_error_keeper[4][7]_GND_1_o_add_46_OUT1
   optimized to 0
LUT3 		Madd_error_keeper[4][7]_GND_1_o_add_46_OUT2
   optimized to 0
LUT3 		Madd_error_keeper[4][7]_GND_1_o_add_46_OUT3
   optimized to 0
LUT3 		Madd_error_keeper[4][7]_GND_1_o_add_46_OUT4
   optimized to 0
LUT3 		Madd_error_keeper[4][7]_GND_1_o_add_46_OUT5
   optimized to 0
LUT3 		Madd_error_keeper[4][7]_GND_1_o_add_46_OUT6
   optimized to 0
LUT3 		Madd_error_keeper[4][7]_GND_1_o_add_622_OUT1
   optimized to 0
LUT3 		Madd_error_keeper[4][7]_GND_1_o_add_622_OUT2
   optimized to 0
LUT3 		Madd_error_keeper[4][7]_GND_1_o_add_622_OUT3
   optimized to 0
LUT3 		Madd_error_keeper[4][7]_GND_1_o_add_622_OUT4
   optimized to 0
LUT3 		Madd_error_keeper[4][7]_GND_1_o_add_622_OUT5
   optimized to 0
LUT3 		Madd_error_keeper[4][7]_GND_1_o_add_622_OUT6
   optimized to 0
LUT3 		Madd_error_keeper[50][7]_GND_1_o_add_1036_OUT1
   optimized to 0
LUT3 		Madd_error_keeper[50][7]_GND_1_o_add_1036_OUT2
   optimized to 0
LUT3 		Madd_error_keeper[50][7]_GND_1_o_add_1036_OUT3
   optimized to 0
LUT3 		Madd_error_keeper[50][7]_GND_1_o_add_1036_OUT4
   optimized to 0
LUT3 		Madd_error_keeper[50][7]_GND_1_o_add_1036_OUT5
   optimized to 0
LUT3 		Madd_error_keeper[50][7]_GND_1_o_add_1036_OUT6
   optimized to 0
LUT3 		Madd_error_keeper[50][7]_GND_1_o_add_460_OUT1
   optimized to 0
LUT3 		Madd_error_keeper[50][7]_GND_1_o_add_460_OUT2
   optimized to 0
LUT3 		Madd_error_keeper[50][7]_GND_1_o_add_460_OUT3
   optimized to 0
LUT3 		Madd_error_keeper[50][7]_GND_1_o_add_460_OUT4
   optimized to 0
LUT3 		Madd_error_keeper[50][7]_GND_1_o_add_460_OUT5
   optimized to 0
LUT3 		Madd_error_keeper[50][7]_GND_1_o_add_460_OUT6
   optimized to 0
LUT3 		Madd_error_keeper[51][7]_GND_1_o_add_1040_OUT1
   optimized to 0
LUT3 		Madd_error_keeper[51][7]_GND_1_o_add_1040_OUT2
   optimized to 0
LUT3 		Madd_error_keeper[51][7]_GND_1_o_add_1040_OUT3
   optimized to 0
LUT3 		Madd_error_keeper[51][7]_GND_1_o_add_1040_OUT4
   optimized to 0
LUT3 		Madd_error_keeper[51][7]_GND_1_o_add_1040_OUT5
   optimized to 0
LUT3 		Madd_error_keeper[51][7]_GND_1_o_add_1040_OUT6
   optimized to 0
LUT3 		Madd_error_keeper[51][7]_GND_1_o_add_464_OUT1
   optimized to 0
LUT3 		Madd_error_keeper[51][7]_GND_1_o_add_464_OUT2
   optimized to 0
LUT3 		Madd_error_keeper[51][7]_GND_1_o_add_464_OUT3
   optimized to 0
LUT3 		Madd_error_keeper[51][7]_GND_1_o_add_464_OUT4
   optimized to 0
LUT3 		Madd_error_keeper[51][7]_GND_1_o_add_464_OUT5
   optimized to 0
LUT3 		Madd_error_keeper[51][7]_GND_1_o_add_464_OUT6
   optimized to 0
LUT3 		Madd_error_keeper[52][7]_GND_1_o_add_1054_OUT1
   optimized to 0
LUT3 		Madd_error_keeper[52][7]_GND_1_o_add_1054_OUT2
   optimized to 0
LUT3 		Madd_error_keeper[52][7]_GND_1_o_add_1054_OUT3
   optimized to 0
LUT3 		Madd_error_keeper[52][7]_GND_1_o_add_1054_OUT4
   optimized to 0
LUT3 		Madd_error_keeper[52][7]_GND_1_o_add_1054_OUT5
   optimized to 0
LUT3 		Madd_error_keeper[52][7]_GND_1_o_add_1054_OUT6
   optimized to 0
LUT3 		Madd_error_keeper[52][7]_GND_1_o_add_478_OUT1
   optimized to 0
LUT3 		Madd_error_keeper[52][7]_GND_1_o_add_478_OUT2
   optimized to 0
LUT3 		Madd_error_keeper[52][7]_GND_1_o_add_478_OUT3
   optimized to 0
LUT3 		Madd_error_keeper[52][7]_GND_1_o_add_478_OUT4
   optimized to 0
LUT3 		Madd_error_keeper[52][7]_GND_1_o_add_478_OUT5
   optimized to 0
LUT3 		Madd_error_keeper[52][7]_GND_1_o_add_478_OUT6
   optimized to 0
LUT3 		Madd_error_keeper[53][7]_GND_1_o_add_1058_OUT1
   optimized to 0
LUT3 		Madd_error_keeper[53][7]_GND_1_o_add_1058_OUT2
   optimized to 0
LUT3 		Madd_error_keeper[53][7]_GND_1_o_add_1058_OUT3
   optimized to 0
LUT3 		Madd_error_keeper[53][7]_GND_1_o_add_1058_OUT4
   optimized to 0
LUT3 		Madd_error_keeper[53][7]_GND_1_o_add_1058_OUT5
   optimized to 0
LUT3 		Madd_error_keeper[53][7]_GND_1_o_add_1058_OUT6
   optimized to 0
LUT3 		Madd_error_keeper[53][7]_GND_1_o_add_482_OUT1
   optimized to 0
LUT3 		Madd_error_keeper[53][7]_GND_1_o_add_482_OUT2
   optimized to 0
LUT3 		Madd_error_keeper[53][7]_GND_1_o_add_482_OUT3
   optimized to 0
LUT3 		Madd_error_keeper[53][7]_GND_1_o_add_482_OUT4
   optimized to 0
LUT3 		Madd_error_keeper[53][7]_GND_1_o_add_482_OUT5
   optimized to 0
LUT3 		Madd_error_keeper[53][7]_GND_1_o_add_482_OUT6
   optimized to 0
LUT3 		Madd_error_keeper[54][7]_GND_1_o_add_1072_OUT1
   optimized to 0
LUT3 		Madd_error_keeper[54][7]_GND_1_o_add_1072_OUT2
   optimized to 0
LUT3 		Madd_error_keeper[54][7]_GND_1_o_add_1072_OUT3
   optimized to 0
LUT3 		Madd_error_keeper[54][7]_GND_1_o_add_1072_OUT4
   optimized to 0
LUT3 		Madd_error_keeper[54][7]_GND_1_o_add_1072_OUT5
   optimized to 0
LUT3 		Madd_error_keeper[54][7]_GND_1_o_add_1072_OUT6
   optimized to 0
LUT3 		Madd_error_keeper[54][7]_GND_1_o_add_496_OUT1
   optimized to 0
LUT3 		Madd_error_keeper[54][7]_GND_1_o_add_496_OUT2
   optimized to 0
LUT3 		Madd_error_keeper[54][7]_GND_1_o_add_496_OUT3
   optimized to 0
LUT3 		Madd_error_keeper[54][7]_GND_1_o_add_496_OUT4
   optimized to 0
LUT3 		Madd_error_keeper[54][7]_GND_1_o_add_496_OUT5
   optimized to 0
LUT3 		Madd_error_keeper[54][7]_GND_1_o_add_496_OUT6
   optimized to 0
LUT3 		Madd_error_keeper[55][7]_GND_1_o_add_1076_OUT1
   optimized to 0
LUT3 		Madd_error_keeper[55][7]_GND_1_o_add_1076_OUT2
   optimized to 0
LUT3 		Madd_error_keeper[55][7]_GND_1_o_add_1076_OUT3
   optimized to 0
LUT3 		Madd_error_keeper[55][7]_GND_1_o_add_1076_OUT4
   optimized to 0
LUT3 		Madd_error_keeper[55][7]_GND_1_o_add_1076_OUT5
   optimized to 0
LUT3 		Madd_error_keeper[55][7]_GND_1_o_add_1076_OUT6
   optimized to 0
LUT3 		Madd_error_keeper[55][7]_GND_1_o_add_500_OUT1
   optimized to 0
LUT3 		Madd_error_keeper[55][7]_GND_1_o_add_500_OUT2
   optimized to 0
LUT3 		Madd_error_keeper[55][7]_GND_1_o_add_500_OUT3
   optimized to 0
LUT3 		Madd_error_keeper[55][7]_GND_1_o_add_500_OUT4
   optimized to 0
LUT3 		Madd_error_keeper[55][7]_GND_1_o_add_500_OUT5
   optimized to 0
LUT3 		Madd_error_keeper[55][7]_GND_1_o_add_500_OUT6
   optimized to 0
LUT3 		Madd_error_keeper[56][7]_GND_1_o_add_1090_OUT1
   optimized to 0
LUT3 		Madd_error_keeper[56][7]_GND_1_o_add_1090_OUT2
   optimized to 0
LUT3 		Madd_error_keeper[56][7]_GND_1_o_add_1090_OUT3
   optimized to 0
LUT3 		Madd_error_keeper[56][7]_GND_1_o_add_1090_OUT4
   optimized to 0
LUT3 		Madd_error_keeper[56][7]_GND_1_o_add_1090_OUT5
   optimized to 0
LUT3 		Madd_error_keeper[56][7]_GND_1_o_add_1090_OUT6
   optimized to 0
LUT3 		Madd_error_keeper[56][7]_GND_1_o_add_514_OUT1
   optimized to 0
LUT3 		Madd_error_keeper[56][7]_GND_1_o_add_514_OUT2
   optimized to 0
LUT3 		Madd_error_keeper[56][7]_GND_1_o_add_514_OUT3
   optimized to 0
LUT3 		Madd_error_keeper[56][7]_GND_1_o_add_514_OUT4
   optimized to 0
LUT3 		Madd_error_keeper[56][7]_GND_1_o_add_514_OUT5
   optimized to 0
LUT3 		Madd_error_keeper[56][7]_GND_1_o_add_514_OUT6
   optimized to 0
LUT3 		Madd_error_keeper[57][7]_GND_1_o_add_1094_OUT1
   optimized to 0
LUT3 		Madd_error_keeper[57][7]_GND_1_o_add_1094_OUT2
   optimized to 0
LUT3 		Madd_error_keeper[57][7]_GND_1_o_add_1094_OUT3
   optimized to 0
LUT3 		Madd_error_keeper[57][7]_GND_1_o_add_1094_OUT4
   optimized to 0
LUT3 		Madd_error_keeper[57][7]_GND_1_o_add_1094_OUT5
   optimized to 0
LUT3 		Madd_error_keeper[57][7]_GND_1_o_add_1094_OUT6
   optimized to 0
LUT3 		Madd_error_keeper[57][7]_GND_1_o_add_518_OUT1
   optimized to 0
LUT3 		Madd_error_keeper[57][7]_GND_1_o_add_518_OUT2
   optimized to 0
LUT3 		Madd_error_keeper[57][7]_GND_1_o_add_518_OUT3
   optimized to 0
LUT3 		Madd_error_keeper[57][7]_GND_1_o_add_518_OUT4
   optimized to 0
LUT3 		Madd_error_keeper[57][7]_GND_1_o_add_518_OUT5
   optimized to 0
LUT3 		Madd_error_keeper[57][7]_GND_1_o_add_518_OUT6
   optimized to 0
LUT3 		Madd_error_keeper[58][7]_GND_1_o_add_1108_OUT1
   optimized to 0
LUT3 		Madd_error_keeper[58][7]_GND_1_o_add_1108_OUT2
   optimized to 0
LUT3 		Madd_error_keeper[58][7]_GND_1_o_add_1108_OUT3
   optimized to 0
LUT3 		Madd_error_keeper[58][7]_GND_1_o_add_1108_OUT4
   optimized to 0
LUT3 		Madd_error_keeper[58][7]_GND_1_o_add_1108_OUT5
   optimized to 0
LUT3 		Madd_error_keeper[58][7]_GND_1_o_add_1108_OUT6
   optimized to 0
LUT3 		Madd_error_keeper[58][7]_GND_1_o_add_532_OUT1
   optimized to 0
LUT3 		Madd_error_keeper[58][7]_GND_1_o_add_532_OUT2
   optimized to 0
LUT3 		Madd_error_keeper[58][7]_GND_1_o_add_532_OUT3
   optimized to 0
LUT3 		Madd_error_keeper[58][7]_GND_1_o_add_532_OUT4
   optimized to 0
LUT3 		Madd_error_keeper[58][7]_GND_1_o_add_532_OUT5
   optimized to 0
LUT3 		Madd_error_keeper[58][7]_GND_1_o_add_532_OUT6
   optimized to 0
LUT3 		Madd_error_keeper[59][7]_GND_1_o_add_1112_OUT1
   optimized to 0
LUT3 		Madd_error_keeper[59][7]_GND_1_o_add_1112_OUT2
   optimized to 0
LUT3 		Madd_error_keeper[59][7]_GND_1_o_add_1112_OUT3
   optimized to 0
LUT3 		Madd_error_keeper[59][7]_GND_1_o_add_1112_OUT4
   optimized to 0
LUT3 		Madd_error_keeper[59][7]_GND_1_o_add_1112_OUT5
   optimized to 0
LUT3 		Madd_error_keeper[59][7]_GND_1_o_add_1112_OUT6
   optimized to 0
LUT3 		Madd_error_keeper[59][7]_GND_1_o_add_536_OUT1
   optimized to 0
LUT3 		Madd_error_keeper[59][7]_GND_1_o_add_536_OUT2
   optimized to 0
LUT3 		Madd_error_keeper[59][7]_GND_1_o_add_536_OUT3
   optimized to 0
LUT3 		Madd_error_keeper[59][7]_GND_1_o_add_536_OUT4
   optimized to 0
LUT3 		Madd_error_keeper[59][7]_GND_1_o_add_536_OUT5
   optimized to 0
LUT3 		Madd_error_keeper[59][7]_GND_1_o_add_536_OUT6
   optimized to 0
LUT3 		Madd_error_keeper[5][7]_GND_1_o_add_50_OUT1
   optimized to 0
LUT3 		Madd_error_keeper[5][7]_GND_1_o_add_50_OUT2
   optimized to 0
LUT3 		Madd_error_keeper[5][7]_GND_1_o_add_50_OUT3
   optimized to 0
LUT3 		Madd_error_keeper[5][7]_GND_1_o_add_50_OUT4
   optimized to 0
LUT3 		Madd_error_keeper[5][7]_GND_1_o_add_50_OUT5
   optimized to 0
LUT3 		Madd_error_keeper[5][7]_GND_1_o_add_50_OUT6
   optimized to 0
LUT3 		Madd_error_keeper[5][7]_GND_1_o_add_626_OUT1
   optimized to 0
LUT3 		Madd_error_keeper[5][7]_GND_1_o_add_626_OUT2
   optimized to 0
LUT3 		Madd_error_keeper[5][7]_GND_1_o_add_626_OUT3
   optimized to 0
LUT3 		Madd_error_keeper[5][7]_GND_1_o_add_626_OUT4
   optimized to 0
LUT3 		Madd_error_keeper[5][7]_GND_1_o_add_626_OUT5
   optimized to 0
LUT3 		Madd_error_keeper[5][7]_GND_1_o_add_626_OUT6
   optimized to 0
LUT3 		Madd_error_keeper[60][7]_GND_1_o_add_1126_OUT1
   optimized to 0
LUT3 		Madd_error_keeper[60][7]_GND_1_o_add_1126_OUT2
   optimized to 0
LUT3 		Madd_error_keeper[60][7]_GND_1_o_add_1126_OUT3
   optimized to 0
LUT3 		Madd_error_keeper[60][7]_GND_1_o_add_1126_OUT4
   optimized to 0
LUT3 		Madd_error_keeper[60][7]_GND_1_o_add_1126_OUT5
   optimized to 0
LUT3 		Madd_error_keeper[60][7]_GND_1_o_add_1126_OUT6
   optimized to 0
LUT3 		Madd_error_keeper[60][7]_GND_1_o_add_550_OUT1
   optimized to 0
LUT3 		Madd_error_keeper[60][7]_GND_1_o_add_550_OUT2
   optimized to 0
LUT3 		Madd_error_keeper[60][7]_GND_1_o_add_550_OUT3
   optimized to 0
LUT3 		Madd_error_keeper[60][7]_GND_1_o_add_550_OUT4
   optimized to 0
LUT3 		Madd_error_keeper[60][7]_GND_1_o_add_550_OUT5
   optimized to 0
LUT3 		Madd_error_keeper[60][7]_GND_1_o_add_550_OUT6
   optimized to 0
LUT3 		Madd_error_keeper[61][7]_GND_1_o_add_1130_OUT1
   optimized to 0
LUT3 		Madd_error_keeper[61][7]_GND_1_o_add_1130_OUT2
   optimized to 0
LUT3 		Madd_error_keeper[61][7]_GND_1_o_add_1130_OUT3
   optimized to 0
LUT3 		Madd_error_keeper[61][7]_GND_1_o_add_1130_OUT4
   optimized to 0
LUT3 		Madd_error_keeper[61][7]_GND_1_o_add_1130_OUT5
   optimized to 0
LUT3 		Madd_error_keeper[61][7]_GND_1_o_add_1130_OUT6
   optimized to 0
LUT3 		Madd_error_keeper[61][7]_GND_1_o_add_554_OUT1
   optimized to 0
LUT3 		Madd_error_keeper[61][7]_GND_1_o_add_554_OUT2
   optimized to 0
LUT3 		Madd_error_keeper[61][7]_GND_1_o_add_554_OUT3
   optimized to 0
LUT3 		Madd_error_keeper[61][7]_GND_1_o_add_554_OUT4
   optimized to 0
LUT3 		Madd_error_keeper[61][7]_GND_1_o_add_554_OUT5
   optimized to 0
LUT3 		Madd_error_keeper[61][7]_GND_1_o_add_554_OUT6
   optimized to 0
LUT3 		Madd_error_keeper[62][7]_GND_1_o_add_1144_OUT1
   optimized to 0
LUT3 		Madd_error_keeper[62][7]_GND_1_o_add_1144_OUT2
   optimized to 0
LUT3 		Madd_error_keeper[62][7]_GND_1_o_add_1144_OUT3
   optimized to 0
LUT3 		Madd_error_keeper[62][7]_GND_1_o_add_1144_OUT4
   optimized to 0
LUT3 		Madd_error_keeper[62][7]_GND_1_o_add_1144_OUT5
   optimized to 0
LUT3 		Madd_error_keeper[62][7]_GND_1_o_add_1144_OUT6
   optimized to 0
LUT3 		Madd_error_keeper[62][7]_GND_1_o_add_568_OUT1
   optimized to 0
LUT3 		Madd_error_keeper[62][7]_GND_1_o_add_568_OUT2
   optimized to 0
LUT3 		Madd_error_keeper[62][7]_GND_1_o_add_568_OUT3
   optimized to 0
LUT3 		Madd_error_keeper[62][7]_GND_1_o_add_568_OUT4
   optimized to 0
LUT3 		Madd_error_keeper[62][7]_GND_1_o_add_568_OUT5
   optimized to 0
LUT3 		Madd_error_keeper[62][7]_GND_1_o_add_568_OUT6
   optimized to 0
LUT3 		Madd_error_keeper[63][7]_GND_1_o_add_1148_OUT1
   optimized to 0
LUT3 		Madd_error_keeper[63][7]_GND_1_o_add_1148_OUT2
   optimized to 0
LUT3 		Madd_error_keeper[63][7]_GND_1_o_add_1148_OUT3
   optimized to 0
LUT3 		Madd_error_keeper[63][7]_GND_1_o_add_1148_OUT4
   optimized to 0
LUT3 		Madd_error_keeper[63][7]_GND_1_o_add_1148_OUT5
   optimized to 0
LUT3 		Madd_error_keeper[63][7]_GND_1_o_add_1148_OUT6
   optimized to 0
LUT3 		Madd_error_keeper[63][7]_GND_1_o_add_572_OUT1
   optimized to 0
LUT3 		Madd_error_keeper[63][7]_GND_1_o_add_572_OUT2
   optimized to 0
LUT3 		Madd_error_keeper[63][7]_GND_1_o_add_572_OUT3
   optimized to 0
LUT3 		Madd_error_keeper[63][7]_GND_1_o_add_572_OUT4
   optimized to 0
LUT3 		Madd_error_keeper[63][7]_GND_1_o_add_572_OUT5
   optimized to 0
LUT3 		Madd_error_keeper[63][7]_GND_1_o_add_572_OUT6
   optimized to 0
LUT3 		Madd_error_keeper[6][7]_GND_1_o_add_640_OUT1
   optimized to 0
LUT3 		Madd_error_keeper[6][7]_GND_1_o_add_640_OUT2
   optimized to 0
LUT3 		Madd_error_keeper[6][7]_GND_1_o_add_640_OUT3
   optimized to 0
LUT3 		Madd_error_keeper[6][7]_GND_1_o_add_640_OUT4
   optimized to 0
LUT3 		Madd_error_keeper[6][7]_GND_1_o_add_640_OUT5
   optimized to 0
LUT3 		Madd_error_keeper[6][7]_GND_1_o_add_640_OUT6
   optimized to 0
LUT3 		Madd_error_keeper[6][7]_GND_1_o_add_64_OUT1
   optimized to 0
LUT3 		Madd_error_keeper[6][7]_GND_1_o_add_64_OUT2
   optimized to 0
LUT3 		Madd_error_keeper[6][7]_GND_1_o_add_64_OUT3
   optimized to 0
LUT3 		Madd_error_keeper[6][7]_GND_1_o_add_64_OUT4
   optimized to 0
LUT3 		Madd_error_keeper[6][7]_GND_1_o_add_64_OUT5
   optimized to 0
LUT3 		Madd_error_keeper[6][7]_GND_1_o_add_64_OUT6
   optimized to 0
LUT3 		Madd_error_keeper[7][7]_GND_1_o_add_644_OUT1
   optimized to 0
LUT3 		Madd_error_keeper[7][7]_GND_1_o_add_644_OUT2
   optimized to 0
LUT3 		Madd_error_keeper[7][7]_GND_1_o_add_644_OUT3
   optimized to 0
LUT3 		Madd_error_keeper[7][7]_GND_1_o_add_644_OUT4
   optimized to 0
LUT3 		Madd_error_keeper[7][7]_GND_1_o_add_644_OUT5
   optimized to 0
LUT3 		Madd_error_keeper[7][7]_GND_1_o_add_644_OUT6
   optimized to 0
LUT3 		Madd_error_keeper[7][7]_GND_1_o_add_68_OUT1
   optimized to 0
LUT3 		Madd_error_keeper[7][7]_GND_1_o_add_68_OUT2
   optimized to 0
LUT3 		Madd_error_keeper[7][7]_GND_1_o_add_68_OUT3
   optimized to 0
LUT3 		Madd_error_keeper[7][7]_GND_1_o_add_68_OUT4
   optimized to 0
LUT3 		Madd_error_keeper[7][7]_GND_1_o_add_68_OUT5
   optimized to 0
LUT3 		Madd_error_keeper[7][7]_GND_1_o_add_68_OUT6
   optimized to 0
LUT3 		Madd_error_keeper[8][7]_GND_1_o_add_658_OUT1
   optimized to 0
LUT3 		Madd_error_keeper[8][7]_GND_1_o_add_658_OUT2
   optimized to 0
LUT3 		Madd_error_keeper[8][7]_GND_1_o_add_658_OUT3
   optimized to 0
LUT3 		Madd_error_keeper[8][7]_GND_1_o_add_658_OUT4
   optimized to 0
LUT3 		Madd_error_keeper[8][7]_GND_1_o_add_658_OUT5
   optimized to 0
LUT3 		Madd_error_keeper[8][7]_GND_1_o_add_658_OUT6
   optimized to 0
LUT3 		Madd_error_keeper[8][7]_GND_1_o_add_82_OUT1
   optimized to 0
LUT3 		Madd_error_keeper[8][7]_GND_1_o_add_82_OUT2
   optimized to 0
LUT3 		Madd_error_keeper[8][7]_GND_1_o_add_82_OUT3
   optimized to 0
LUT3 		Madd_error_keeper[8][7]_GND_1_o_add_82_OUT4
   optimized to 0
LUT3 		Madd_error_keeper[8][7]_GND_1_o_add_82_OUT5
   optimized to 0
LUT3 		Madd_error_keeper[8][7]_GND_1_o_add_82_OUT6
   optimized to 0
LUT3 		Madd_error_keeper[9][7]_GND_1_o_add_662_OUT1
   optimized to 0
LUT3 		Madd_error_keeper[9][7]_GND_1_o_add_662_OUT2
   optimized to 0
LUT3 		Madd_error_keeper[9][7]_GND_1_o_add_662_OUT3
   optimized to 0
LUT3 		Madd_error_keeper[9][7]_GND_1_o_add_662_OUT4
   optimized to 0
LUT3 		Madd_error_keeper[9][7]_GND_1_o_add_662_OUT5
   optimized to 0
LUT3 		Madd_error_keeper[9][7]_GND_1_o_add_662_OUT6
   optimized to 0
LUT3 		Madd_error_keeper[9][7]_GND_1_o_add_86_OUT1
   optimized to 0
LUT3 		Madd_error_keeper[9][7]_GND_1_o_add_86_OUT2
   optimized to 0
LUT3 		Madd_error_keeper[9][7]_GND_1_o_add_86_OUT3
   optimized to 0
LUT3 		Madd_error_keeper[9][7]_GND_1_o_add_86_OUT4
   optimized to 0
LUT3 		Madd_error_keeper[9][7]_GND_1_o_add_86_OUT5
   optimized to 0
LUT3 		Madd_error_keeper[9][7]_GND_1_o_add_86_OUT6
   optimized to 0
GND 		XST_GND

To enable printing of redundant blocks removed and signals merged, set the
detailed map report option and rerun map.

Section 6 - IOB Properties
--------------------------

+---------------------------------------------------------------------------------------------------------------------------------------------------------+
| IOB Name                           | Type             | Direction | IO Standard          | Diff  | Drive    | Slew | Reg (s)      | Resistor | IOB      |
|                                    |                  |           |                      | Term  | Strength | Rate |              |          | Delay    |
+---------------------------------------------------------------------------------------------------------------------------------------------------------+
| Clk                                | IOB              | INPUT     | LVCMOS25             |       |          |      |              |          |          |
| in                                 | IOB              | INPUT     | LVCMOS25             |       |          |      |              |          |          |
| out                                | IOB              | OUTPUT    | LVCMOS25             |       | 12       | SLOW |              |          |          |
| reset                              | IOB              | INPUT     | LVCMOS25             |       |          |      |              |          |          |
| valid_out                          | IOB              | OUTPUT    | LVCMOS25             |       | 12       | SLOW |              |          |          |
+---------------------------------------------------------------------------------------------------------------------------------------------------------+

Section 7 - RPMs
----------------

Section 8 - Guide Report
------------------------
Guide not run on this design.

Section 9 - Area Group and Partition Summary
--------------------------------------------

Partition Implementation Status
-------------------------------

  No Partitions were found in this design.

-------------------------------

Area Group Information
----------------------

  No area groups were found in this design.

----------------------

Section 10 - Timing Report
--------------------------
A logic-level (pre-route) timing report can be generated by using Xilinx static
timing analysis tools, Timing Analyzer (GUI) or TRCE (command line), with the
mapped NCD and PCF files. Please note that this timing report will be generated
using estimated delay information. For accurate numbers, please generate a
timing report with the post Place and Route NCD file.

For more information about the Timing Analyzer, consult the Xilinx Timing
Analyzer Reference Manual; for more information about TRCE, consult the Xilinx
Command Line Tools User Guide "TRACE" chapter.

Section 11 - Configuration String Details
-----------------------------------------
Use the "-detail" map option to print out Configuration Strings

Section 12 - Control Set Information
------------------------------------
Use the "-detail" map option to print out Control Set Information.

Section 13 - Utilization by Hierarchy
-------------------------------------
Use the "-detail" map option to print out the Utilization by Hierarchy section.
