Release 14.7 Map P.20131013 (nt64)
Xilinx Mapping Report File for Design 'CORDIC_tanh'

Design Information
------------------
Command Line   : map -intstyle ise -p xc6slx45-csg324-3 -w -logic_opt off -ol
high -t 1 -xt 0 -register_duplication off -r 4 -global_opt off -mt off -ir off
-pr off -lc off -power off -o CORDIC_tanh_map.ncd CORDIC_tanh.ngd
CORDIC_tanh.pcf 
Target Device  : xc6slx45
Target Package : csg324
Target Speed   : -3
Mapper Version : spartan6 -- $Revision: 1.55 $
Mapped Date    : Thu Apr 29 22:04:45 2021

Design Summary
--------------
Number of errors:      0
Number of warnings:    0
Slice Logic Utilization:
  Number of Slice Registers:                   207 out of  54,576    1%
    Number used as Flip Flops:                 156
    Number used as Latches:                      0
    Number used as Latch-thrus:                  0
    Number used as AND/OR logics:               51
  Number of Slice LUTs:                        927 out of  27,288    3%
    Number used as logic:                      927 out of  27,288    3%
      Number using O6 output only:             752
      Number using O5 output only:               1
      Number using O5 and O6:                  174
      Number used as ROM:                        0
    Number used as Memory:                       0 out of   6,408    0%

Slice Logic Distribution:
  Number of occupied Slices:                   313 out of   6,822    4%
  Number of MUXCYs used:                       356 out of  13,644    2%
  Number of LUT Flip Flop pairs used:          935
    Number with an unused Flip Flop:           731 out of     935   78%
    Number with an unused LUT:                   8 out of     935    1%
    Number of fully used LUT-FF pairs:         196 out of     935   20%
    Number of unique control sets:               4
    Number of slice register sites lost
      to control set restrictions:              12 out of  54,576    1%

  A LUT Flip Flop pair for this architecture represents one LUT paired with
  one Flip Flop within a slice.  A control set is a unique combination of
  clock, reset, set, and enable signals for a registered element.
  The Slice Logic Distribution report is not meaningful if the design is
  over-mapped for a non-slice resource or if Placement fails.

IO Utilization:
  Number of bonded IOBs:                        35 out of     218   16%

Specific Feature Utilization:
  Number of RAMB16BWERs:                         0 out of     116    0%
  Number of RAMB8BWERs:                          0 out of     232    0%
  Number of BUFIO2/BUFIO2_2CLKs:                 0 out of      32    0%
  Number of BUFIO2FB/BUFIO2FB_2CLKs:             0 out of      32    0%
  Number of BUFG/BUFGMUXs:                       1 out of      16    6%
    Number used as BUFGs:                        1
    Number used as BUFGMUX:                      0
  Number of DCM/DCM_CLKGENs:                     0 out of       8    0%
  Number of ILOGIC2/ISERDES2s:                   0 out of     376    0%
  Number of IODELAY2/IODRP2/IODRP2_MCBs:         0 out of     376    0%
  Number of OLOGIC2/OSERDES2s:                   0 out of     376    0%
  Number of BSCANs:                              0 out of       4    0%
  Number of BUFHs:                               0 out of     256    0%
  Number of BUFPLLs:                             0 out of       8    0%
  Number of BUFPLL_MCBs:                         0 out of       4    0%
  Number of DSP48A1s:                            0 out of      58    0%
  Number of ICAPs:                               0 out of       1    0%
  Number of MCBs:                                0 out of       2    0%
  Number of PCILOGICSEs:                         0 out of       2    0%
  Number of PLL_ADVs:                            0 out of       4    0%
  Number of PMVs:                                0 out of       1    0%
  Number of STARTUPs:                            0 out of       1    0%
  Number of SUSPEND_SYNCs:                       0 out of       1    0%

Average Fanout of Non-Clock Nets:                4.71

Peak Memory Usage:  470 MB
Total REAL time to MAP completion:  1 mins 10 secs 
Total CPU time to MAP completion:   37 secs 

Table of Contents
-----------------
Section 1 - Errors
Section 2 - Warnings
Section 3 - Informational
Section 4 - Removed Logic Summary
Section 5 - Removed Logic
Section 6 - IOB Properties
Section 7 - RPMs
Section 8 - Guide Report
Section 9 - Area Group and Partition Summary
Section 10 - Timing Report
Section 11 - Configuration String Information
Section 12 - Control Set Information
Section 13 - Utilization by Hierarchy

Section 1 - Errors
------------------

Section 2 - Warnings
--------------------

Section 3 - Informational
-------------------------
INFO:MapLib:562 - No environment variables are currently set.
INFO:LIT:244 - All of the single ended outputs in this design are using slew
   rate limited output drivers. The delay on speed critical single ended outputs
   can be dramatically reduced by designating them as fast outputs.
INFO:Pack:1716 - Initializing temperature to 85.000 Celsius. (default - Range:
   0.000 to 85.000 Celsius)
INFO:Pack:1720 - Initializing voltage to 1.140 Volts. (default - Range: 1.140 to
   1.260 Volts)
INFO:Map:215 - The Interim Design Summary has been generated in the MAP Report
   (.mrp).
INFO:Pack:1650 - Map created a placed design.

Section 4 - Removed Logic Summary
---------------------------------
   2 block(s) removed
   2 block(s) optimized away

Section 5 - Removed Logic
-------------------------

The trimmed logic report below shows the logic removed from your design due to
sourceless or loadless signals, and VCC or ground connections.  If the removal
of a signal or symbol results in the subsequent removal of an additional signal
or symbol, the message explaining that second removal will be indented.  This
indentation will be repeated as a chain of related logic is removed.

To quickly locate the original cause for the removal of a chain of logic, look
above the place where that logic is listed in the trimming report, then locate
the lines that are least indented (begin at the leftmost edge).

Loadless block "Madd_sinh_Angle[3]_cosh_Angle[3]_add_20_OUT53" (ROM) removed.
Loadless block "Mmux_cosh_Angle[3]_cosh_Angle[3]_mux_45_OUT_rs53" (ROM) removed.

Optimized Block(s):
TYPE 		BLOCK
GND 		XST_GND
VCC 		XST_VCC

Section 6 - IOB Properties
--------------------------

+---------------------------------------------------------------------------------------------------------------------------------------------------------+
| IOB Name                           | Type             | Direction | IO Standard          | Diff  | Drive    | Slew | Reg (s)      | Resistor | IOB      |
|                                    |                  |           |                      | Term  | Strength | Rate |              |          | Delay    |
+---------------------------------------------------------------------------------------------------------------------------------------------------------+
| Angle<0>                           | IOB              | INPUT     | LVCMOS25             |       |          |      |              |          |          |
| Angle<1>                           | IOB              | INPUT     | LVCMOS25             |       |          |      |              |          |          |
| Angle<2>                           | IOB              | INPUT     | LVCMOS25             |       |          |      |              |          |          |
| Angle<3>                           | IOB              | INPUT     | LVCMOS25             |       |          |      |              |          |          |
| Angle<-1>                          | IOB              | INPUT     | LVCMOS25             |       |          |      |              |          |          |
| Angle<-2>                          | IOB              | INPUT     | LVCMOS25             |       |          |      |              |          |          |
| Angle<-3>                          | IOB              | INPUT     | LVCMOS25             |       |          |      |              |          |          |
| Angle<-4>                          | IOB              | INPUT     | LVCMOS25             |       |          |      |              |          |          |
| Angle<-5>                          | IOB              | INPUT     | LVCMOS25             |       |          |      |              |          |          |
| Angle<-6>                          | IOB              | INPUT     | LVCMOS25             |       |          |      |              |          |          |
| Angle<-7>                          | IOB              | INPUT     | LVCMOS25             |       |          |      |              |          |          |
| Angle<-8>                          | IOB              | INPUT     | LVCMOS25             |       |          |      |              |          |          |
| Angle<-9>                          | IOB              | INPUT     | LVCMOS25             |       |          |      |              |          |          |
| Angle<-10>                         | IOB              | INPUT     | LVCMOS25             |       |          |      |              |          |          |
| Angle<-11>                         | IOB              | INPUT     | LVCMOS25             |       |          |      |              |          |          |
| Angle<-12>                         | IOB              | INPUT     | LVCMOS25             |       |          |      |              |          |          |
| Clk                                | IOB              | INPUT     | LVCMOS25             |       |          |      |              |          |          |
| Reset                              | IOB              | INPUT     | LVCMOS25             |       |          |      |              |          |          |
| Tanh<0>                            | IOB              | OUTPUT    | LVCMOS25             |       | 12       | SLOW |              |          |          |
| Tanh<1>                            | IOB              | OUTPUT    | LVCMOS25             |       | 12       | SLOW |              |          |          |
| Tanh<2>                            | IOB              | OUTPUT    | LVCMOS25             |       | 12       | SLOW |              |          |          |
| Tanh<3>                            | IOB              | OUTPUT    | LVCMOS25             |       | 12       | SLOW |              |          |          |
| Tanh<-1>                           | IOB              | OUTPUT    | LVCMOS25             |       | 12       | SLOW |              |          |          |
| Tanh<-2>                           | IOB              | OUTPUT    | LVCMOS25             |       | 12       | SLOW |              |          |          |
| Tanh<-3>                           | IOB              | OUTPUT    | LVCMOS25             |       | 12       | SLOW |              |          |          |
| Tanh<-4>                           | IOB              | OUTPUT    | LVCMOS25             |       | 12       | SLOW |              |          |          |
| Tanh<-5>                           | IOB              | OUTPUT    | LVCMOS25             |       | 12       | SLOW |              |          |          |
| Tanh<-6>                           | IOB              | OUTPUT    | LVCMOS25             |       | 12       | SLOW |              |          |          |
| Tanh<-7>                           | IOB              | OUTPUT    | LVCMOS25             |       | 12       | SLOW |              |          |          |
| Tanh<-8>                           | IOB              | OUTPUT    | LVCMOS25             |       | 12       | SLOW |              |          |          |
| Tanh<-9>                           | IOB              | OUTPUT    | LVCMOS25             |       | 12       | SLOW |              |          |          |
| Tanh<-10>                          | IOB              | OUTPUT    | LVCMOS25             |       | 12       | SLOW |              |          |          |
| Tanh<-11>                          | IOB              | OUTPUT    | LVCMOS25             |       | 12       | SLOW |              |          |          |
| Tanh<-12>                          | IOB              | OUTPUT    | LVCMOS25             |       | 12       | SLOW |              |          |          |
| Tanh<-13>                          | IOB              | OUTPUT    | LVCMOS25             |       | 12       | SLOW |              |          |          |
+---------------------------------------------------------------------------------------------------------------------------------------------------------+

Section 7 - RPMs
----------------

Section 8 - Guide Report
------------------------
Guide not run on this design.

Section 9 - Area Group and Partition Summary
--------------------------------------------

Partition Implementation Status
-------------------------------

  No Partitions were found in this design.

-------------------------------

Area Group Information
----------------------

  No area groups were found in this design.

----------------------

Section 10 - Timing Report
--------------------------
A logic-level (pre-route) timing report can be generated by using Xilinx static
timing analysis tools, Timing Analyzer (GUI) or TRCE (command line), with the
mapped NCD and PCF files. Please note that this timing report will be generated
using estimated delay information. For accurate numbers, please generate a
timing report with the post Place and Route NCD file.

For more information about the Timing Analyzer, consult the Xilinx Timing
Analyzer Reference Manual; for more information about TRCE, consult the Xilinx
Command Line Tools User Guide "TRACE" chapter.

Section 11 - Configuration String Details
-----------------------------------------
Use the "-detail" map option to print out Configuration Strings

Section 12 - Control Set Information
------------------------------------
Use the "-detail" map option to print out Control Set Information.

Section 13 - Utilization by Hierarchy
-------------------------------------
Use the "-detail" map option to print out the Utilization by Hierarchy section.
