Release 14.7 Map P.20131013 (nt64)
Xilinx Mapping Report File for Design 'Receiver'

Design Information
------------------
Command Line   : map -intstyle ise -p xc6slx45-csg324-3 -w -logic_opt off -ol
high -t 1 -xt 0 -register_duplication off -r 4 -global_opt off -mt off -ir off
-pr off -lc off -power off -o Receiver_map.ncd Receiver.ngd Receiver.pcf 
Target Device  : xc6slx45
Target Package : csg324
Target Speed   : -3
Mapper Version : spartan6 -- $Revision: 1.55 $
Mapped Date    : Fri Jul 09 19:58:58 2021

Design Summary
--------------
Number of errors:      0
Number of warnings:    0
Slice Logic Utilization:
  Number of Slice Registers:                 3,926 out of  54,576    7%
    Number used as Flip Flops:               3,926
    Number used as Latches:                      0
    Number used as Latch-thrus:                  0
    Number used as AND/OR logics:                0
  Number of Slice LUTs:                      4,964 out of  27,288   18%
    Number used as logic:                    4,366 out of  27,288   15%
      Number using O6 output only:           3,365
      Number using O5 output only:             661
      Number using O5 and O6:                  340
      Number used as ROM:                        0
    Number used as Memory:                     418 out of   6,408    6%
      Number used as Dual Port RAM:              0
      Number used as Single Port RAM:            0
      Number used as Shift Register:           418
        Number using O6 output only:             2
        Number using O5 output only:             0
        Number using O5 and O6:                416
    Number used exclusively as route-thrus:    180
      Number with same-slice register load:     50
      Number with same-slice carry load:       130
      Number with other load:                    0

Slice Logic Distribution:
  Number of occupied Slices:                 1,568 out of   6,822   22%
  Number of MUXCYs used:                     1,084 out of  13,644    7%
  Number of LUT Flip Flop pairs used:        5,368
    Number with an unused Flip Flop:         2,076 out of   5,368   38%
    Number with an unused LUT:                 404 out of   5,368    7%
    Number of fully used LUT-FF pairs:       2,888 out of   5,368   53%
    Number of unique control sets:              20
    Number of slice register sites lost
      to control set restrictions:              56 out of  54,576    1%

  A LUT Flip Flop pair for this architecture represents one LUT paired with
  one Flip Flop within a slice.  A control set is a unique combination of
  clock, reset, set, and enable signals for a registered element.
  The Slice Logic Distribution report is not meaningful if the design is
  over-mapped for a non-slice resource or if Placement fails.

IO Utilization:
  Number of bonded IOBs:                         9 out of     218    4%

Specific Feature Utilization:
  Number of RAMB16BWERs:                         0 out of     116    0%
  Number of RAMB8BWERs:                          0 out of     232    0%
  Number of BUFIO2/BUFIO2_2CLKs:                 0 out of      32    0%
  Number of BUFIO2FB/BUFIO2FB_2CLKs:             0 out of      32    0%
  Number of BUFG/BUFGMUXs:                       1 out of      16    6%
    Number used as BUFGs:                        1
    Number used as BUFGMUX:                      0
  Number of DCM/DCM_CLKGENs:                     0 out of       8    0%
  Number of ILOGIC2/ISERDES2s:                   0 out of     376    0%
  Number of IODELAY2/IODRP2/IODRP2_MCBs:         0 out of     376    0%
  Number of OLOGIC2/OSERDES2s:                   0 out of     376    0%
  Number of BSCANs:                              0 out of       4    0%
  Number of BUFHs:                               0 out of     256    0%
  Number of BUFPLLs:                             0 out of       8    0%
  Number of BUFPLL_MCBs:                         0 out of       4    0%
  Number of DSP48A1s:                            0 out of      58    0%
  Number of ICAPs:                               0 out of       1    0%
  Number of MCBs:                                0 out of       2    0%
  Number of PCILOGICSEs:                         0 out of       2    0%
  Number of PLL_ADVs:                            0 out of       4    0%
  Number of PMVs:                                0 out of       1    0%
  Number of STARTUPs:                            0 out of       1    0%
  Number of SUSPEND_SYNCs:                       0 out of       1    0%

Average Fanout of Non-Clock Nets:                3.67

Peak Memory Usage:  527 MB
Total REAL time to MAP completion:  2 mins 42 secs 
Total CPU time to MAP completion:   2 mins 37 secs 

Table of Contents
-----------------
Section 1 - Errors
Section 2 - Warnings
Section 3 - Informational
Section 4 - Removed Logic Summary
Section 5 - Removed Logic
Section 6 - IOB Properties
Section 7 - RPMs
Section 8 - Guide Report
Section 9 - Area Group and Partition Summary
Section 10 - Timing Report
Section 11 - Configuration String Information
Section 12 - Control Set Information
Section 13 - Utilization by Hierarchy

Section 1 - Errors
------------------

Section 2 - Warnings
--------------------

Section 3 - Informational
-------------------------
INFO:MapLib:562 - No environment variables are currently set.
INFO:LIT:244 - All of the single ended outputs in this design are using slew
   rate limited output drivers. The delay on speed critical single ended outputs
   can be dramatically reduced by designating them as fast outputs.
INFO:Pack:1716 - Initializing temperature to 85.000 Celsius. (default - Range:
   0.000 to 85.000 Celsius)
INFO:Pack:1720 - Initializing voltage to 1.140 Volts. (default - Range: 1.140 to
   1.260 Volts)
INFO:Map:215 - The Interim Design Summary has been generated in the MAP Report
   (.mrp).
INFO:Pack:1650 - Map created a placed design.

Section 4 - Removed Logic Summary
---------------------------------
 128 block(s) removed
 770 block(s) optimized away

Section 5 - Removed Logic
-------------------------

The trimmed logic report below shows the logic removed from your design due to
sourceless or loadless signals, and VCC or ground connections.  If the removal
of a signal or symbol results in the subsequent removal of an additional signal
or symbol, the message explaining that second removal will be indented.  This
indentation will be repeated as a chain of related logic is removed.

To quickly locate the original cause for the removal of a chain of logic, look
above the place where that logic is listed in the trimming report, then locate
the lines that are least indented (begin at the leftmost edge).

Loadless block "Decoding/Madd_error_keeper[0][7]_GND_3_o_add_11_OUT7" (ROM)
removed.
Loadless block "Decoding/Madd_error_keeper[0][7]_GND_3_o_add_587_OUT7" (ROM)
removed.
Loadless block "Decoding/Madd_error_keeper[10][7]_GND_3_o_add_101_OUT7" (ROM)
removed.
Loadless block "Decoding/Madd_error_keeper[10][7]_GND_3_o_add_677_OUT7" (ROM)
removed.
Loadless block "Decoding/Madd_error_keeper[11][7]_GND_3_o_add_105_OUT7" (ROM)
removed.
Loadless block "Decoding/Madd_error_keeper[11][7]_GND_3_o_add_681_OUT7" (ROM)
removed.
Loadless block "Decoding/Madd_error_keeper[12][7]_GND_3_o_add_119_OUT7" (ROM)
removed.
Loadless block "Decoding/Madd_error_keeper[12][7]_GND_3_o_add_695_OUT7" (ROM)
removed.
Loadless block "Decoding/Madd_error_keeper[13][7]_GND_3_o_add_123_OUT7" (ROM)
removed.
Loadless block "Decoding/Madd_error_keeper[13][7]_GND_3_o_add_699_OUT7" (ROM)
removed.
Loadless block "Decoding/Madd_error_keeper[14][7]_GND_3_o_add_137_OUT7" (ROM)
removed.
Loadless block "Decoding/Madd_error_keeper[14][7]_GND_3_o_add_713_OUT7" (ROM)
removed.
Loadless block "Decoding/Madd_error_keeper[15][7]_GND_3_o_add_141_OUT7" (ROM)
removed.
Loadless block "Decoding/Madd_error_keeper[15][7]_GND_3_o_add_717_OUT7" (ROM)
removed.
Loadless block "Decoding/Madd_error_keeper[16][7]_GND_3_o_add_155_OUT7" (ROM)
removed.
Loadless block "Decoding/Madd_error_keeper[16][7]_GND_3_o_add_731_OUT7" (ROM)
removed.
Loadless block "Decoding/Madd_error_keeper[17][7]_GND_3_o_add_159_OUT7" (ROM)
removed.
Loadless block "Decoding/Madd_error_keeper[17][7]_GND_3_o_add_735_OUT7" (ROM)
removed.
Loadless block "Decoding/Madd_error_keeper[18][7]_GND_3_o_add_173_OUT7" (ROM)
removed.
Loadless block "Decoding/Madd_error_keeper[18][7]_GND_3_o_add_749_OUT7" (ROM)
removed.
Loadless block "Decoding/Madd_error_keeper[19][7]_GND_3_o_add_177_OUT7" (ROM)
removed.
Loadless block "Decoding/Madd_error_keeper[19][7]_GND_3_o_add_753_OUT7" (ROM)
removed.
Loadless block "Decoding/Madd_error_keeper[1][7]_GND_3_o_add_15_OUT7" (ROM)
removed.
Loadless block "Decoding/Madd_error_keeper[1][7]_GND_3_o_add_591_OUT7" (ROM)
removed.
Loadless block "Decoding/Madd_error_keeper[20][7]_GND_3_o_add_191_OUT7" (ROM)
removed.
Loadless block "Decoding/Madd_error_keeper[20][7]_GND_3_o_add_767_OUT7" (ROM)
removed.
Loadless block "Decoding/Madd_error_keeper[21][7]_GND_3_o_add_195_OUT7" (ROM)
removed.
Loadless block "Decoding/Madd_error_keeper[21][7]_GND_3_o_add_771_OUT7" (ROM)
removed.
Loadless block "Decoding/Madd_error_keeper[22][7]_GND_3_o_add_209_OUT7" (ROM)
removed.
Loadless block "Decoding/Madd_error_keeper[22][7]_GND_3_o_add_785_OUT7" (ROM)
removed.
Loadless block "Decoding/Madd_error_keeper[23][7]_GND_3_o_add_213_OUT7" (ROM)
removed.
Loadless block "Decoding/Madd_error_keeper[23][7]_GND_3_o_add_789_OUT7" (ROM)
removed.
Loadless block "Decoding/Madd_error_keeper[24][7]_GND_3_o_add_227_OUT7" (ROM)
removed.
Loadless block "Decoding/Madd_error_keeper[24][7]_GND_3_o_add_803_OUT7" (ROM)
removed.
Loadless block "Decoding/Madd_error_keeper[25][7]_GND_3_o_add_231_OUT7" (ROM)
removed.
Loadless block "Decoding/Madd_error_keeper[25][7]_GND_3_o_add_807_OUT7" (ROM)
removed.
Loadless block "Decoding/Madd_error_keeper[26][7]_GND_3_o_add_245_OUT7" (ROM)
removed.
Loadless block "Decoding/Madd_error_keeper[26][7]_GND_3_o_add_821_OUT7" (ROM)
removed.
Loadless block "Decoding/Madd_error_keeper[27][7]_GND_3_o_add_249_OUT7" (ROM)
removed.
Loadless block "Decoding/Madd_error_keeper[27][7]_GND_3_o_add_825_OUT7" (ROM)
removed.
Loadless block "Decoding/Madd_error_keeper[28][7]_GND_3_o_add_263_OUT7" (ROM)
removed.
Loadless block "Decoding/Madd_error_keeper[28][7]_GND_3_o_add_839_OUT7" (ROM)
removed.
Loadless block "Decoding/Madd_error_keeper[29][7]_GND_3_o_add_267_OUT7" (ROM)
removed.
Loadless block "Decoding/Madd_error_keeper[29][7]_GND_3_o_add_843_OUT7" (ROM)
removed.
Loadless block "Decoding/Madd_error_keeper[2][7]_GND_3_o_add_29_OUT7" (ROM)
removed.
Loadless block "Decoding/Madd_error_keeper[2][7]_GND_3_o_add_605_OUT7" (ROM)
removed.
Loadless block "Decoding/Madd_error_keeper[30][7]_GND_3_o_add_281_OUT7" (ROM)
removed.
Loadless block "Decoding/Madd_error_keeper[30][7]_GND_3_o_add_857_OUT7" (ROM)
removed.
Loadless block "Decoding/Madd_error_keeper[31][7]_GND_3_o_add_285_OUT7" (ROM)
removed.
Loadless block "Decoding/Madd_error_keeper[31][7]_GND_3_o_add_861_OUT7" (ROM)
removed.
Loadless block "Decoding/Madd_error_keeper[32][7]_GND_3_o_add_299_OUT7" (ROM)
removed.
Loadless block "Decoding/Madd_error_keeper[32][7]_GND_3_o_add_875_OUT7" (ROM)
removed.
Loadless block "Decoding/Madd_error_keeper[33][7]_GND_3_o_add_303_OUT7" (ROM)
removed.
Loadless block "Decoding/Madd_error_keeper[33][7]_GND_3_o_add_879_OUT7" (ROM)
removed.
Loadless block "Decoding/Madd_error_keeper[34][7]_GND_3_o_add_317_OUT7" (ROM)
removed.
Loadless block "Decoding/Madd_error_keeper[34][7]_GND_3_o_add_893_OUT7" (ROM)
removed.
Loadless block "Decoding/Madd_error_keeper[35][7]_GND_3_o_add_321_OUT7" (ROM)
removed.
Loadless block "Decoding/Madd_error_keeper[35][7]_GND_3_o_add_897_OUT7" (ROM)
removed.
Loadless block "Decoding/Madd_error_keeper[36][7]_GND_3_o_add_335_OUT7" (ROM)
removed.
Loadless block "Decoding/Madd_error_keeper[36][7]_GND_3_o_add_911_OUT7" (ROM)
removed.
Loadless block "Decoding/Madd_error_keeper[37][7]_GND_3_o_add_339_OUT7" (ROM)
removed.
Loadless block "Decoding/Madd_error_keeper[37][7]_GND_3_o_add_915_OUT7" (ROM)
removed.
Loadless block "Decoding/Madd_error_keeper[38][7]_GND_3_o_add_353_OUT7" (ROM)
removed.
Loadless block "Decoding/Madd_error_keeper[38][7]_GND_3_o_add_929_OUT7" (ROM)
removed.
Loadless block "Decoding/Madd_error_keeper[39][7]_GND_3_o_add_357_OUT7" (ROM)
removed.
Loadless block "Decoding/Madd_error_keeper[39][7]_GND_3_o_add_933_OUT7" (ROM)
removed.
Loadless block "Decoding/Madd_error_keeper[3][7]_GND_3_o_add_33_OUT7" (ROM)
removed.
Loadless block "Decoding/Madd_error_keeper[3][7]_GND_3_o_add_609_OUT7" (ROM)
removed.
Loadless block "Decoding/Madd_error_keeper[40][7]_GND_3_o_add_371_OUT7" (ROM)
removed.
Loadless block "Decoding/Madd_error_keeper[40][7]_GND_3_o_add_947_OUT7" (ROM)
removed.
Loadless block "Decoding/Madd_error_keeper[41][7]_GND_3_o_add_375_OUT7" (ROM)
removed.
Loadless block "Decoding/Madd_error_keeper[41][7]_GND_3_o_add_951_OUT7" (ROM)
removed.
Loadless block "Decoding/Madd_error_keeper[42][7]_GND_3_o_add_389_OUT7" (ROM)
removed.
Loadless block "Decoding/Madd_error_keeper[42][7]_GND_3_o_add_965_OUT7" (ROM)
removed.
Loadless block "Decoding/Madd_error_keeper[43][7]_GND_3_o_add_393_OUT7" (ROM)
removed.
Loadless block "Decoding/Madd_error_keeper[43][7]_GND_3_o_add_969_OUT7" (ROM)
removed.
Loadless block "Decoding/Madd_error_keeper[44][7]_GND_3_o_add_407_OUT7" (ROM)
removed.
Loadless block "Decoding/Madd_error_keeper[44][7]_GND_3_o_add_983_OUT7" (ROM)
removed.
Loadless block "Decoding/Madd_error_keeper[45][7]_GND_3_o_add_411_OUT7" (ROM)
removed.
Loadless block "Decoding/Madd_error_keeper[45][7]_GND_3_o_add_987_OUT7" (ROM)
removed.
Loadless block "Decoding/Madd_error_keeper[46][7]_GND_3_o_add_1001_OUT7" (ROM)
removed.
Loadless block "Decoding/Madd_error_keeper[46][7]_GND_3_o_add_425_OUT7" (ROM)
removed.
Loadless block "Decoding/Madd_error_keeper[47][7]_GND_3_o_add_1005_OUT7" (ROM)
removed.
Loadless block "Decoding/Madd_error_keeper[47][7]_GND_3_o_add_429_OUT7" (ROM)
removed.
Loadless block "Decoding/Madd_error_keeper[48][7]_GND_3_o_add_1019_OUT7" (ROM)
removed.
Loadless block "Decoding/Madd_error_keeper[48][7]_GND_3_o_add_443_OUT7" (ROM)
removed.
Loadless block "Decoding/Madd_error_keeper[49][7]_GND_3_o_add_1023_OUT7" (ROM)
removed.
Loadless block "Decoding/Madd_error_keeper[49][7]_GND_3_o_add_447_OUT7" (ROM)
removed.
Loadless block "Decoding/Madd_error_keeper[4][7]_GND_3_o_add_47_OUT7" (ROM)
removed.
Loadless block "Decoding/Madd_error_keeper[4][7]_GND_3_o_add_623_OUT7" (ROM)
removed.
Loadless block "Decoding/Madd_error_keeper[50][7]_GND_3_o_add_1037_OUT7" (ROM)
removed.
Loadless block "Decoding/Madd_error_keeper[50][7]_GND_3_o_add_461_OUT7" (ROM)
removed.
Loadless block "Decoding/Madd_error_keeper[51][7]_GND_3_o_add_1041_OUT7" (ROM)
removed.
Loadless block "Decoding/Madd_error_keeper[51][7]_GND_3_o_add_465_OUT7" (ROM)
removed.
Loadless block "Decoding/Madd_error_keeper[52][7]_GND_3_o_add_1055_OUT7" (ROM)
removed.
Loadless block "Decoding/Madd_error_keeper[52][7]_GND_3_o_add_479_OUT7" (ROM)
removed.
Loadless block "Decoding/Madd_error_keeper[53][7]_GND_3_o_add_1059_OUT7" (ROM)
removed.
Loadless block "Decoding/Madd_error_keeper[53][7]_GND_3_o_add_483_OUT7" (ROM)
removed.
Loadless block "Decoding/Madd_error_keeper[54][7]_GND_3_o_add_1073_OUT7" (ROM)
removed.
Loadless block "Decoding/Madd_error_keeper[54][7]_GND_3_o_add_497_OUT7" (ROM)
removed.
Loadless block "Decoding/Madd_error_keeper[55][7]_GND_3_o_add_1077_OUT7" (ROM)
removed.
Loadless block "Decoding/Madd_error_keeper[55][7]_GND_3_o_add_501_OUT7" (ROM)
removed.
Loadless block "Decoding/Madd_error_keeper[56][7]_GND_3_o_add_1091_OUT7" (ROM)
removed.
Loadless block "Decoding/Madd_error_keeper[56][7]_GND_3_o_add_515_OUT7" (ROM)
removed.
Loadless block "Decoding/Madd_error_keeper[57][7]_GND_3_o_add_1095_OUT7" (ROM)
removed.
Loadless block "Decoding/Madd_error_keeper[57][7]_GND_3_o_add_519_OUT7" (ROM)
removed.
Loadless block "Decoding/Madd_error_keeper[58][7]_GND_3_o_add_1109_OUT7" (ROM)
removed.
Loadless block "Decoding/Madd_error_keeper[58][7]_GND_3_o_add_533_OUT7" (ROM)
removed.
Loadless block "Decoding/Madd_error_keeper[59][7]_GND_3_o_add_1113_OUT7" (ROM)
removed.
Loadless block "Decoding/Madd_error_keeper[59][7]_GND_3_o_add_537_OUT7" (ROM)
removed.
Loadless block "Decoding/Madd_error_keeper[5][7]_GND_3_o_add_51_OUT7" (ROM)
removed.
Loadless block "Decoding/Madd_error_keeper[5][7]_GND_3_o_add_627_OUT7" (ROM)
removed.
Loadless block "Decoding/Madd_error_keeper[60][7]_GND_3_o_add_1127_OUT7" (ROM)
removed.
Loadless block "Decoding/Madd_error_keeper[60][7]_GND_3_o_add_551_OUT7" (ROM)
removed.
Loadless block "Decoding/Madd_error_keeper[61][7]_GND_3_o_add_1131_OUT7" (ROM)
removed.
Loadless block "Decoding/Madd_error_keeper[61][7]_GND_3_o_add_555_OUT7" (ROM)
removed.
Loadless block "Decoding/Madd_error_keeper[62][7]_GND_3_o_add_1145_OUT7" (ROM)
removed.
Loadless block "Decoding/Madd_error_keeper[62][7]_GND_3_o_add_569_OUT7" (ROM)
removed.
Loadless block "Decoding/Madd_error_keeper[63][7]_GND_3_o_add_1149_OUT7" (ROM)
removed.
Loadless block "Decoding/Madd_error_keeper[63][7]_GND_3_o_add_573_OUT7" (ROM)
removed.
Loadless block "Decoding/Madd_error_keeper[6][7]_GND_3_o_add_641_OUT7" (ROM)
removed.
Loadless block "Decoding/Madd_error_keeper[6][7]_GND_3_o_add_65_OUT7" (ROM)
removed.
Loadless block "Decoding/Madd_error_keeper[7][7]_GND_3_o_add_645_OUT7" (ROM)
removed.
Loadless block "Decoding/Madd_error_keeper[7][7]_GND_3_o_add_69_OUT7" (ROM)
removed.
Loadless block "Decoding/Madd_error_keeper[8][7]_GND_3_o_add_659_OUT7" (ROM)
removed.
Loadless block "Decoding/Madd_error_keeper[8][7]_GND_3_o_add_83_OUT7" (ROM)
removed.
Loadless block "Decoding/Madd_error_keeper[9][7]_GND_3_o_add_663_OUT7" (ROM)
removed.
Loadless block "Decoding/Madd_error_keeper[9][7]_GND_3_o_add_87_OUT7" (ROM)
removed.

Optimized Block(s):
TYPE 		BLOCK
LUT3 		Decoding/Madd_error_keeper[0][7]_GND_3_o_add_11_OUT1
   optimized to 0
LUT3 		Decoding/Madd_error_keeper[0][7]_GND_3_o_add_11_OUT2
   optimized to 0
LUT3 		Decoding/Madd_error_keeper[0][7]_GND_3_o_add_11_OUT3
   optimized to 0
LUT3 		Decoding/Madd_error_keeper[0][7]_GND_3_o_add_11_OUT4
   optimized to 0
LUT3 		Decoding/Madd_error_keeper[0][7]_GND_3_o_add_11_OUT5
   optimized to 0
LUT3 		Decoding/Madd_error_keeper[0][7]_GND_3_o_add_11_OUT6
   optimized to 0
LUT3 		Decoding/Madd_error_keeper[0][7]_GND_3_o_add_587_OUT1
   optimized to 0
LUT3 		Decoding/Madd_error_keeper[0][7]_GND_3_o_add_587_OUT2
   optimized to 0
LUT3 		Decoding/Madd_error_keeper[0][7]_GND_3_o_add_587_OUT3
   optimized to 0
LUT3 		Decoding/Madd_error_keeper[0][7]_GND_3_o_add_587_OUT4
   optimized to 0
LUT3 		Decoding/Madd_error_keeper[0][7]_GND_3_o_add_587_OUT5
   optimized to 0
LUT3 		Decoding/Madd_error_keeper[0][7]_GND_3_o_add_587_OUT6
   optimized to 0
LUT3 		Decoding/Madd_error_keeper[10][7]_GND_3_o_add_101_OUT1
   optimized to 0
LUT3 		Decoding/Madd_error_keeper[10][7]_GND_3_o_add_101_OUT2
   optimized to 0
LUT3 		Decoding/Madd_error_keeper[10][7]_GND_3_o_add_101_OUT3
   optimized to 0
LUT3 		Decoding/Madd_error_keeper[10][7]_GND_3_o_add_101_OUT4
   optimized to 0
LUT3 		Decoding/Madd_error_keeper[10][7]_GND_3_o_add_101_OUT5
   optimized to 0
LUT3 		Decoding/Madd_error_keeper[10][7]_GND_3_o_add_101_OUT6
   optimized to 0
LUT3 		Decoding/Madd_error_keeper[10][7]_GND_3_o_add_677_OUT1
   optimized to 0
LUT3 		Decoding/Madd_error_keeper[10][7]_GND_3_o_add_677_OUT2
   optimized to 0
LUT3 		Decoding/Madd_error_keeper[10][7]_GND_3_o_add_677_OUT3
   optimized to 0
LUT3 		Decoding/Madd_error_keeper[10][7]_GND_3_o_add_677_OUT4
   optimized to 0
LUT3 		Decoding/Madd_error_keeper[10][7]_GND_3_o_add_677_OUT5
   optimized to 0
LUT3 		Decoding/Madd_error_keeper[10][7]_GND_3_o_add_677_OUT6
   optimized to 0
LUT3 		Decoding/Madd_error_keeper[11][7]_GND_3_o_add_105_OUT1
   optimized to 0
LUT3 		Decoding/Madd_error_keeper[11][7]_GND_3_o_add_105_OUT2
   optimized to 0
LUT3 		Decoding/Madd_error_keeper[11][7]_GND_3_o_add_105_OUT3
   optimized to 0
LUT3 		Decoding/Madd_error_keeper[11][7]_GND_3_o_add_105_OUT4
   optimized to 0
LUT3 		Decoding/Madd_error_keeper[11][7]_GND_3_o_add_105_OUT5
   optimized to 0
LUT3 		Decoding/Madd_error_keeper[11][7]_GND_3_o_add_105_OUT6
   optimized to 0
LUT3 		Decoding/Madd_error_keeper[11][7]_GND_3_o_add_681_OUT1
   optimized to 0
LUT3 		Decoding/Madd_error_keeper[11][7]_GND_3_o_add_681_OUT2
   optimized to 0
LUT3 		Decoding/Madd_error_keeper[11][7]_GND_3_o_add_681_OUT3
   optimized to 0
LUT3 		Decoding/Madd_error_keeper[11][7]_GND_3_o_add_681_OUT4
   optimized to 0
LUT3 		Decoding/Madd_error_keeper[11][7]_GND_3_o_add_681_OUT5
   optimized to 0
LUT3 		Decoding/Madd_error_keeper[11][7]_GND_3_o_add_681_OUT6
   optimized to 0
LUT3 		Decoding/Madd_error_keeper[12][7]_GND_3_o_add_119_OUT1
   optimized to 0
LUT3 		Decoding/Madd_error_keeper[12][7]_GND_3_o_add_119_OUT2
   optimized to 0
LUT3 		Decoding/Madd_error_keeper[12][7]_GND_3_o_add_119_OUT3
   optimized to 0
LUT3 		Decoding/Madd_error_keeper[12][7]_GND_3_o_add_119_OUT4
   optimized to 0
LUT3 		Decoding/Madd_error_keeper[12][7]_GND_3_o_add_119_OUT5
   optimized to 0
LUT3 		Decoding/Madd_error_keeper[12][7]_GND_3_o_add_119_OUT6
   optimized to 0
LUT3 		Decoding/Madd_error_keeper[12][7]_GND_3_o_add_695_OUT1
   optimized to 0
LUT3 		Decoding/Madd_error_keeper[12][7]_GND_3_o_add_695_OUT2
   optimized to 0
LUT3 		Decoding/Madd_error_keeper[12][7]_GND_3_o_add_695_OUT3
   optimized to 0
LUT3 		Decoding/Madd_error_keeper[12][7]_GND_3_o_add_695_OUT4
   optimized to 0
LUT3 		Decoding/Madd_error_keeper[12][7]_GND_3_o_add_695_OUT5
   optimized to 0
LUT3 		Decoding/Madd_error_keeper[12][7]_GND_3_o_add_695_OUT6
   optimized to 0
LUT3 		Decoding/Madd_error_keeper[13][7]_GND_3_o_add_123_OUT1
   optimized to 0
LUT3 		Decoding/Madd_error_keeper[13][7]_GND_3_o_add_123_OUT2
   optimized to 0
LUT3 		Decoding/Madd_error_keeper[13][7]_GND_3_o_add_123_OUT3
   optimized to 0
LUT3 		Decoding/Madd_error_keeper[13][7]_GND_3_o_add_123_OUT4
   optimized to 0
LUT3 		Decoding/Madd_error_keeper[13][7]_GND_3_o_add_123_OUT5
   optimized to 0
LUT3 		Decoding/Madd_error_keeper[13][7]_GND_3_o_add_123_OUT6
   optimized to 0
LUT3 		Decoding/Madd_error_keeper[13][7]_GND_3_o_add_699_OUT1
   optimized to 0
LUT3 		Decoding/Madd_error_keeper[13][7]_GND_3_o_add_699_OUT2
   optimized to 0
LUT3 		Decoding/Madd_error_keeper[13][7]_GND_3_o_add_699_OUT3
   optimized to 0
LUT3 		Decoding/Madd_error_keeper[13][7]_GND_3_o_add_699_OUT4
   optimized to 0
LUT3 		Decoding/Madd_error_keeper[13][7]_GND_3_o_add_699_OUT5
   optimized to 0
LUT3 		Decoding/Madd_error_keeper[13][7]_GND_3_o_add_699_OUT6
   optimized to 0
LUT3 		Decoding/Madd_error_keeper[14][7]_GND_3_o_add_137_OUT1
   optimized to 0
LUT3 		Decoding/Madd_error_keeper[14][7]_GND_3_o_add_137_OUT2
   optimized to 0
LUT3 		Decoding/Madd_error_keeper[14][7]_GND_3_o_add_137_OUT3
   optimized to 0
LUT3 		Decoding/Madd_error_keeper[14][7]_GND_3_o_add_137_OUT4
   optimized to 0
LUT3 		Decoding/Madd_error_keeper[14][7]_GND_3_o_add_137_OUT5
   optimized to 0
LUT3 		Decoding/Madd_error_keeper[14][7]_GND_3_o_add_137_OUT6
   optimized to 0
LUT3 		Decoding/Madd_error_keeper[14][7]_GND_3_o_add_713_OUT1
   optimized to 0
LUT3 		Decoding/Madd_error_keeper[14][7]_GND_3_o_add_713_OUT2
   optimized to 0
LUT3 		Decoding/Madd_error_keeper[14][7]_GND_3_o_add_713_OUT3
   optimized to 0
LUT3 		Decoding/Madd_error_keeper[14][7]_GND_3_o_add_713_OUT4
   optimized to 0
LUT3 		Decoding/Madd_error_keeper[14][7]_GND_3_o_add_713_OUT5
   optimized to 0
LUT3 		Decoding/Madd_error_keeper[14][7]_GND_3_o_add_713_OUT6
   optimized to 0
LUT3 		Decoding/Madd_error_keeper[15][7]_GND_3_o_add_141_OUT1
   optimized to 0
LUT3 		Decoding/Madd_error_keeper[15][7]_GND_3_o_add_141_OUT2
   optimized to 0
LUT3 		Decoding/Madd_error_keeper[15][7]_GND_3_o_add_141_OUT3
   optimized to 0
LUT3 		Decoding/Madd_error_keeper[15][7]_GND_3_o_add_141_OUT4
   optimized to 0
LUT3 		Decoding/Madd_error_keeper[15][7]_GND_3_o_add_141_OUT5
   optimized to 0
LUT3 		Decoding/Madd_error_keeper[15][7]_GND_3_o_add_141_OUT6
   optimized to 0
LUT3 		Decoding/Madd_error_keeper[15][7]_GND_3_o_add_717_OUT1
   optimized to 0
LUT3 		Decoding/Madd_error_keeper[15][7]_GND_3_o_add_717_OUT2
   optimized to 0
LUT3 		Decoding/Madd_error_keeper[15][7]_GND_3_o_add_717_OUT3
   optimized to 0
LUT3 		Decoding/Madd_error_keeper[15][7]_GND_3_o_add_717_OUT4
   optimized to 0
LUT3 		Decoding/Madd_error_keeper[15][7]_GND_3_o_add_717_OUT5
   optimized to 0
LUT3 		Decoding/Madd_error_keeper[15][7]_GND_3_o_add_717_OUT6
   optimized to 0
LUT3 		Decoding/Madd_error_keeper[16][7]_GND_3_o_add_155_OUT1
   optimized to 0
LUT3 		Decoding/Madd_error_keeper[16][7]_GND_3_o_add_155_OUT2
   optimized to 0
LUT3 		Decoding/Madd_error_keeper[16][7]_GND_3_o_add_155_OUT3
   optimized to 0
LUT3 		Decoding/Madd_error_keeper[16][7]_GND_3_o_add_155_OUT4
   optimized to 0
LUT3 		Decoding/Madd_error_keeper[16][7]_GND_3_o_add_155_OUT5
   optimized to 0
LUT3 		Decoding/Madd_error_keeper[16][7]_GND_3_o_add_155_OUT6
   optimized to 0
LUT3 		Decoding/Madd_error_keeper[16][7]_GND_3_o_add_731_OUT1
   optimized to 0
LUT3 		Decoding/Madd_error_keeper[16][7]_GND_3_o_add_731_OUT2
   optimized to 0
LUT3 		Decoding/Madd_error_keeper[16][7]_GND_3_o_add_731_OUT3
   optimized to 0
LUT3 		Decoding/Madd_error_keeper[16][7]_GND_3_o_add_731_OUT4
   optimized to 0
LUT3 		Decoding/Madd_error_keeper[16][7]_GND_3_o_add_731_OUT5
   optimized to 0
LUT3 		Decoding/Madd_error_keeper[16][7]_GND_3_o_add_731_OUT6
   optimized to 0
LUT3 		Decoding/Madd_error_keeper[17][7]_GND_3_o_add_159_OUT1
   optimized to 0
LUT3 		Decoding/Madd_error_keeper[17][7]_GND_3_o_add_159_OUT2
   optimized to 0
LUT3 		Decoding/Madd_error_keeper[17][7]_GND_3_o_add_159_OUT3
   optimized to 0
LUT3 		Decoding/Madd_error_keeper[17][7]_GND_3_o_add_159_OUT4
   optimized to 0
LUT3 		Decoding/Madd_error_keeper[17][7]_GND_3_o_add_159_OUT5
   optimized to 0
LUT3 		Decoding/Madd_error_keeper[17][7]_GND_3_o_add_159_OUT6
   optimized to 0
LUT3 		Decoding/Madd_error_keeper[17][7]_GND_3_o_add_735_OUT1
   optimized to 0
LUT3 		Decoding/Madd_error_keeper[17][7]_GND_3_o_add_735_OUT2
   optimized to 0
LUT3 		Decoding/Madd_error_keeper[17][7]_GND_3_o_add_735_OUT3
   optimized to 0
LUT3 		Decoding/Madd_error_keeper[17][7]_GND_3_o_add_735_OUT4
   optimized to 0
LUT3 		Decoding/Madd_error_keeper[17][7]_GND_3_o_add_735_OUT5
   optimized to 0
LUT3 		Decoding/Madd_error_keeper[17][7]_GND_3_o_add_735_OUT6
   optimized to 0
LUT3 		Decoding/Madd_error_keeper[18][7]_GND_3_o_add_173_OUT1
   optimized to 0
LUT3 		Decoding/Madd_error_keeper[18][7]_GND_3_o_add_173_OUT2
   optimized to 0
LUT3 		Decoding/Madd_error_keeper[18][7]_GND_3_o_add_173_OUT3
   optimized to 0
LUT3 		Decoding/Madd_error_keeper[18][7]_GND_3_o_add_173_OUT4
   optimized to 0
LUT3 		Decoding/Madd_error_keeper[18][7]_GND_3_o_add_173_OUT5
   optimized to 0
LUT3 		Decoding/Madd_error_keeper[18][7]_GND_3_o_add_173_OUT6
   optimized to 0
LUT3 		Decoding/Madd_error_keeper[18][7]_GND_3_o_add_749_OUT1
   optimized to 0
LUT3 		Decoding/Madd_error_keeper[18][7]_GND_3_o_add_749_OUT2
   optimized to 0
LUT3 		Decoding/Madd_error_keeper[18][7]_GND_3_o_add_749_OUT3
   optimized to 0
LUT3 		Decoding/Madd_error_keeper[18][7]_GND_3_o_add_749_OUT4
   optimized to 0
LUT3 		Decoding/Madd_error_keeper[18][7]_GND_3_o_add_749_OUT5
   optimized to 0
LUT3 		Decoding/Madd_error_keeper[18][7]_GND_3_o_add_749_OUT6
   optimized to 0
LUT3 		Decoding/Madd_error_keeper[19][7]_GND_3_o_add_177_OUT1
   optimized to 0
LUT3 		Decoding/Madd_error_keeper[19][7]_GND_3_o_add_177_OUT2
   optimized to 0
LUT3 		Decoding/Madd_error_keeper[19][7]_GND_3_o_add_177_OUT3
   optimized to 0
LUT3 		Decoding/Madd_error_keeper[19][7]_GND_3_o_add_177_OUT4
   optimized to 0
LUT3 		Decoding/Madd_error_keeper[19][7]_GND_3_o_add_177_OUT5
   optimized to 0
LUT3 		Decoding/Madd_error_keeper[19][7]_GND_3_o_add_177_OUT6
   optimized to 0
LUT3 		Decoding/Madd_error_keeper[19][7]_GND_3_o_add_753_OUT1
   optimized to 0
LUT3 		Decoding/Madd_error_keeper[19][7]_GND_3_o_add_753_OUT2
   optimized to 0
LUT3 		Decoding/Madd_error_keeper[19][7]_GND_3_o_add_753_OUT3
   optimized to 0
LUT3 		Decoding/Madd_error_keeper[19][7]_GND_3_o_add_753_OUT4
   optimized to 0
LUT3 		Decoding/Madd_error_keeper[19][7]_GND_3_o_add_753_OUT5
   optimized to 0
LUT3 		Decoding/Madd_error_keeper[19][7]_GND_3_o_add_753_OUT6
   optimized to 0
LUT3 		Decoding/Madd_error_keeper[1][7]_GND_3_o_add_15_OUT1
   optimized to 0
LUT3 		Decoding/Madd_error_keeper[1][7]_GND_3_o_add_15_OUT2
   optimized to 0
LUT3 		Decoding/Madd_error_keeper[1][7]_GND_3_o_add_15_OUT3
   optimized to 0
LUT3 		Decoding/Madd_error_keeper[1][7]_GND_3_o_add_15_OUT4
   optimized to 0
LUT3 		Decoding/Madd_error_keeper[1][7]_GND_3_o_add_15_OUT5
   optimized to 0
LUT3 		Decoding/Madd_error_keeper[1][7]_GND_3_o_add_15_OUT6
   optimized to 0
LUT3 		Decoding/Madd_error_keeper[1][7]_GND_3_o_add_591_OUT1
   optimized to 0
LUT3 		Decoding/Madd_error_keeper[1][7]_GND_3_o_add_591_OUT2
   optimized to 0
LUT3 		Decoding/Madd_error_keeper[1][7]_GND_3_o_add_591_OUT3
   optimized to 0
LUT3 		Decoding/Madd_error_keeper[1][7]_GND_3_o_add_591_OUT4
   optimized to 0
LUT3 		Decoding/Madd_error_keeper[1][7]_GND_3_o_add_591_OUT5
   optimized to 0
LUT3 		Decoding/Madd_error_keeper[1][7]_GND_3_o_add_591_OUT6
   optimized to 0
LUT3 		Decoding/Madd_error_keeper[20][7]_GND_3_o_add_191_OUT1
   optimized to 0
LUT3 		Decoding/Madd_error_keeper[20][7]_GND_3_o_add_191_OUT2
   optimized to 0
LUT3 		Decoding/Madd_error_keeper[20][7]_GND_3_o_add_191_OUT3
   optimized to 0
LUT3 		Decoding/Madd_error_keeper[20][7]_GND_3_o_add_191_OUT4
   optimized to 0
LUT3 		Decoding/Madd_error_keeper[20][7]_GND_3_o_add_191_OUT5
   optimized to 0
LUT3 		Decoding/Madd_error_keeper[20][7]_GND_3_o_add_191_OUT6
   optimized to 0
LUT3 		Decoding/Madd_error_keeper[20][7]_GND_3_o_add_767_OUT1
   optimized to 0
LUT3 		Decoding/Madd_error_keeper[20][7]_GND_3_o_add_767_OUT2
   optimized to 0
LUT3 		Decoding/Madd_error_keeper[20][7]_GND_3_o_add_767_OUT3
   optimized to 0
LUT3 		Decoding/Madd_error_keeper[20][7]_GND_3_o_add_767_OUT4
   optimized to 0
LUT3 		Decoding/Madd_error_keeper[20][7]_GND_3_o_add_767_OUT5
   optimized to 0
LUT3 		Decoding/Madd_error_keeper[20][7]_GND_3_o_add_767_OUT6
   optimized to 0
LUT3 		Decoding/Madd_error_keeper[21][7]_GND_3_o_add_195_OUT1
   optimized to 0
LUT3 		Decoding/Madd_error_keeper[21][7]_GND_3_o_add_195_OUT2
   optimized to 0
LUT3 		Decoding/Madd_error_keeper[21][7]_GND_3_o_add_195_OUT3
   optimized to 0
LUT3 		Decoding/Madd_error_keeper[21][7]_GND_3_o_add_195_OUT4
   optimized to 0
LUT3 		Decoding/Madd_error_keeper[21][7]_GND_3_o_add_195_OUT5
   optimized to 0
LUT3 		Decoding/Madd_error_keeper[21][7]_GND_3_o_add_195_OUT6
   optimized to 0
LUT3 		Decoding/Madd_error_keeper[21][7]_GND_3_o_add_771_OUT1
   optimized to 0
LUT3 		Decoding/Madd_error_keeper[21][7]_GND_3_o_add_771_OUT2
   optimized to 0
LUT3 		Decoding/Madd_error_keeper[21][7]_GND_3_o_add_771_OUT3
   optimized to 0
LUT3 		Decoding/Madd_error_keeper[21][7]_GND_3_o_add_771_OUT4
   optimized to 0
LUT3 		Decoding/Madd_error_keeper[21][7]_GND_3_o_add_771_OUT5
   optimized to 0
LUT3 		Decoding/Madd_error_keeper[21][7]_GND_3_o_add_771_OUT6
   optimized to 0
LUT3 		Decoding/Madd_error_keeper[22][7]_GND_3_o_add_209_OUT1
   optimized to 0
LUT3 		Decoding/Madd_error_keeper[22][7]_GND_3_o_add_209_OUT2
   optimized to 0
LUT3 		Decoding/Madd_error_keeper[22][7]_GND_3_o_add_209_OUT3
   optimized to 0
LUT3 		Decoding/Madd_error_keeper[22][7]_GND_3_o_add_209_OUT4
   optimized to 0
LUT3 		Decoding/Madd_error_keeper[22][7]_GND_3_o_add_209_OUT5
   optimized to 0
LUT3 		Decoding/Madd_error_keeper[22][7]_GND_3_o_add_209_OUT6
   optimized to 0
LUT3 		Decoding/Madd_error_keeper[22][7]_GND_3_o_add_785_OUT1
   optimized to 0
LUT3 		Decoding/Madd_error_keeper[22][7]_GND_3_o_add_785_OUT2
   optimized to 0
LUT3 		Decoding/Madd_error_keeper[22][7]_GND_3_o_add_785_OUT3
   optimized to 0
LUT3 		Decoding/Madd_error_keeper[22][7]_GND_3_o_add_785_OUT4
   optimized to 0
LUT3 		Decoding/Madd_error_keeper[22][7]_GND_3_o_add_785_OUT5
   optimized to 0
LUT3 		Decoding/Madd_error_keeper[22][7]_GND_3_o_add_785_OUT6
   optimized to 0
LUT3 		Decoding/Madd_error_keeper[23][7]_GND_3_o_add_213_OUT1
   optimized to 0
LUT3 		Decoding/Madd_error_keeper[23][7]_GND_3_o_add_213_OUT2
   optimized to 0
LUT3 		Decoding/Madd_error_keeper[23][7]_GND_3_o_add_213_OUT3
   optimized to 0
LUT3 		Decoding/Madd_error_keeper[23][7]_GND_3_o_add_213_OUT4
   optimized to 0
LUT3 		Decoding/Madd_error_keeper[23][7]_GND_3_o_add_213_OUT5
   optimized to 0
LUT3 		Decoding/Madd_error_keeper[23][7]_GND_3_o_add_213_OUT6
   optimized to 0
LUT3 		Decoding/Madd_error_keeper[23][7]_GND_3_o_add_789_OUT1
   optimized to 0
LUT3 		Decoding/Madd_error_keeper[23][7]_GND_3_o_add_789_OUT2
   optimized to 0
LUT3 		Decoding/Madd_error_keeper[23][7]_GND_3_o_add_789_OUT3
   optimized to 0
LUT3 		Decoding/Madd_error_keeper[23][7]_GND_3_o_add_789_OUT4
   optimized to 0
LUT3 		Decoding/Madd_error_keeper[23][7]_GND_3_o_add_789_OUT5
   optimized to 0
LUT3 		Decoding/Madd_error_keeper[23][7]_GND_3_o_add_789_OUT6
   optimized to 0
LUT3 		Decoding/Madd_error_keeper[24][7]_GND_3_o_add_227_OUT1
   optimized to 0
LUT3 		Decoding/Madd_error_keeper[24][7]_GND_3_o_add_227_OUT2
   optimized to 0
LUT3 		Decoding/Madd_error_keeper[24][7]_GND_3_o_add_227_OUT3
   optimized to 0
LUT3 		Decoding/Madd_error_keeper[24][7]_GND_3_o_add_227_OUT4
   optimized to 0
LUT3 		Decoding/Madd_error_keeper[24][7]_GND_3_o_add_227_OUT5
   optimized to 0
LUT3 		Decoding/Madd_error_keeper[24][7]_GND_3_o_add_227_OUT6
   optimized to 0
LUT3 		Decoding/Madd_error_keeper[24][7]_GND_3_o_add_803_OUT1
   optimized to 0
LUT3 		Decoding/Madd_error_keeper[24][7]_GND_3_o_add_803_OUT2
   optimized to 0
LUT3 		Decoding/Madd_error_keeper[24][7]_GND_3_o_add_803_OUT3
   optimized to 0
LUT3 		Decoding/Madd_error_keeper[24][7]_GND_3_o_add_803_OUT4
   optimized to 0
LUT3 		Decoding/Madd_error_keeper[24][7]_GND_3_o_add_803_OUT5
   optimized to 0
LUT3 		Decoding/Madd_error_keeper[24][7]_GND_3_o_add_803_OUT6
   optimized to 0
LUT3 		Decoding/Madd_error_keeper[25][7]_GND_3_o_add_231_OUT1
   optimized to 0
LUT3 		Decoding/Madd_error_keeper[25][7]_GND_3_o_add_231_OUT2
   optimized to 0
LUT3 		Decoding/Madd_error_keeper[25][7]_GND_3_o_add_231_OUT3
   optimized to 0
LUT3 		Decoding/Madd_error_keeper[25][7]_GND_3_o_add_231_OUT4
   optimized to 0
LUT3 		Decoding/Madd_error_keeper[25][7]_GND_3_o_add_231_OUT5
   optimized to 0
LUT3 		Decoding/Madd_error_keeper[25][7]_GND_3_o_add_231_OUT6
   optimized to 0
LUT3 		Decoding/Madd_error_keeper[25][7]_GND_3_o_add_807_OUT1
   optimized to 0
LUT3 		Decoding/Madd_error_keeper[25][7]_GND_3_o_add_807_OUT2
   optimized to 0
LUT3 		Decoding/Madd_error_keeper[25][7]_GND_3_o_add_807_OUT3
   optimized to 0
LUT3 		Decoding/Madd_error_keeper[25][7]_GND_3_o_add_807_OUT4
   optimized to 0
LUT3 		Decoding/Madd_error_keeper[25][7]_GND_3_o_add_807_OUT5
   optimized to 0
LUT3 		Decoding/Madd_error_keeper[25][7]_GND_3_o_add_807_OUT6
   optimized to 0
LUT3 		Decoding/Madd_error_keeper[26][7]_GND_3_o_add_245_OUT1
   optimized to 0
LUT3 		Decoding/Madd_error_keeper[26][7]_GND_3_o_add_245_OUT2
   optimized to 0
LUT3 		Decoding/Madd_error_keeper[26][7]_GND_3_o_add_245_OUT3
   optimized to 0
LUT3 		Decoding/Madd_error_keeper[26][7]_GND_3_o_add_245_OUT4
   optimized to 0
LUT3 		Decoding/Madd_error_keeper[26][7]_GND_3_o_add_245_OUT5
   optimized to 0
LUT3 		Decoding/Madd_error_keeper[26][7]_GND_3_o_add_245_OUT6
   optimized to 0
LUT3 		Decoding/Madd_error_keeper[26][7]_GND_3_o_add_821_OUT1
   optimized to 0
LUT3 		Decoding/Madd_error_keeper[26][7]_GND_3_o_add_821_OUT2
   optimized to 0
LUT3 		Decoding/Madd_error_keeper[26][7]_GND_3_o_add_821_OUT3
   optimized to 0
LUT3 		Decoding/Madd_error_keeper[26][7]_GND_3_o_add_821_OUT4
   optimized to 0
LUT3 		Decoding/Madd_error_keeper[26][7]_GND_3_o_add_821_OUT5
   optimized to 0
LUT3 		Decoding/Madd_error_keeper[26][7]_GND_3_o_add_821_OUT6
   optimized to 0
LUT3 		Decoding/Madd_error_keeper[27][7]_GND_3_o_add_249_OUT1
   optimized to 0
LUT3 		Decoding/Madd_error_keeper[27][7]_GND_3_o_add_249_OUT2
   optimized to 0
LUT3 		Decoding/Madd_error_keeper[27][7]_GND_3_o_add_249_OUT3
   optimized to 0
LUT3 		Decoding/Madd_error_keeper[27][7]_GND_3_o_add_249_OUT4
   optimized to 0
LUT3 		Decoding/Madd_error_keeper[27][7]_GND_3_o_add_249_OUT5
   optimized to 0
LUT3 		Decoding/Madd_error_keeper[27][7]_GND_3_o_add_249_OUT6
   optimized to 0
LUT3 		Decoding/Madd_error_keeper[27][7]_GND_3_o_add_825_OUT1
   optimized to 0
LUT3 		Decoding/Madd_error_keeper[27][7]_GND_3_o_add_825_OUT2
   optimized to 0
LUT3 		Decoding/Madd_error_keeper[27][7]_GND_3_o_add_825_OUT3
   optimized to 0
LUT3 		Decoding/Madd_error_keeper[27][7]_GND_3_o_add_825_OUT4
   optimized to 0
LUT3 		Decoding/Madd_error_keeper[27][7]_GND_3_o_add_825_OUT5
   optimized to 0
LUT3 		Decoding/Madd_error_keeper[27][7]_GND_3_o_add_825_OUT6
   optimized to 0
LUT3 		Decoding/Madd_error_keeper[28][7]_GND_3_o_add_263_OUT1
   optimized to 0
LUT3 		Decoding/Madd_error_keeper[28][7]_GND_3_o_add_263_OUT2
   optimized to 0
LUT3 		Decoding/Madd_error_keeper[28][7]_GND_3_o_add_263_OUT3
   optimized to 0
LUT3 		Decoding/Madd_error_keeper[28][7]_GND_3_o_add_263_OUT4
   optimized to 0
LUT3 		Decoding/Madd_error_keeper[28][7]_GND_3_o_add_263_OUT5
   optimized to 0
LUT3 		Decoding/Madd_error_keeper[28][7]_GND_3_o_add_263_OUT6
   optimized to 0
LUT3 		Decoding/Madd_error_keeper[28][7]_GND_3_o_add_839_OUT1
   optimized to 0
LUT3 		Decoding/Madd_error_keeper[28][7]_GND_3_o_add_839_OUT2
   optimized to 0
LUT3 		Decoding/Madd_error_keeper[28][7]_GND_3_o_add_839_OUT3
   optimized to 0
LUT3 		Decoding/Madd_error_keeper[28][7]_GND_3_o_add_839_OUT4
   optimized to 0
LUT3 		Decoding/Madd_error_keeper[28][7]_GND_3_o_add_839_OUT5
   optimized to 0
LUT3 		Decoding/Madd_error_keeper[28][7]_GND_3_o_add_839_OUT6
   optimized to 0
LUT3 		Decoding/Madd_error_keeper[29][7]_GND_3_o_add_267_OUT1
   optimized to 0
LUT3 		Decoding/Madd_error_keeper[29][7]_GND_3_o_add_267_OUT2
   optimized to 0
LUT3 		Decoding/Madd_error_keeper[29][7]_GND_3_o_add_267_OUT3
   optimized to 0
LUT3 		Decoding/Madd_error_keeper[29][7]_GND_3_o_add_267_OUT4
   optimized to 0
LUT3 		Decoding/Madd_error_keeper[29][7]_GND_3_o_add_267_OUT5
   optimized to 0
LUT3 		Decoding/Madd_error_keeper[29][7]_GND_3_o_add_267_OUT6
   optimized to 0
LUT3 		Decoding/Madd_error_keeper[29][7]_GND_3_o_add_843_OUT1
   optimized to 0
LUT3 		Decoding/Madd_error_keeper[29][7]_GND_3_o_add_843_OUT2
   optimized to 0
LUT3 		Decoding/Madd_error_keeper[29][7]_GND_3_o_add_843_OUT3
   optimized to 0
LUT3 		Decoding/Madd_error_keeper[29][7]_GND_3_o_add_843_OUT4
   optimized to 0
LUT3 		Decoding/Madd_error_keeper[29][7]_GND_3_o_add_843_OUT5
   optimized to 0
LUT3 		Decoding/Madd_error_keeper[29][7]_GND_3_o_add_843_OUT6
   optimized to 0
LUT3 		Decoding/Madd_error_keeper[2][7]_GND_3_o_add_29_OUT1
   optimized to 0
LUT3 		Decoding/Madd_error_keeper[2][7]_GND_3_o_add_29_OUT2
   optimized to 0
LUT3 		Decoding/Madd_error_keeper[2][7]_GND_3_o_add_29_OUT3
   optimized to 0
LUT3 		Decoding/Madd_error_keeper[2][7]_GND_3_o_add_29_OUT4
   optimized to 0
LUT3 		Decoding/Madd_error_keeper[2][7]_GND_3_o_add_29_OUT5
   optimized to 0
LUT3 		Decoding/Madd_error_keeper[2][7]_GND_3_o_add_29_OUT6
   optimized to 0
LUT3 		Decoding/Madd_error_keeper[2][7]_GND_3_o_add_605_OUT1
   optimized to 0
LUT3 		Decoding/Madd_error_keeper[2][7]_GND_3_o_add_605_OUT2
   optimized to 0
LUT3 		Decoding/Madd_error_keeper[2][7]_GND_3_o_add_605_OUT3
   optimized to 0
LUT3 		Decoding/Madd_error_keeper[2][7]_GND_3_o_add_605_OUT4
   optimized to 0
LUT3 		Decoding/Madd_error_keeper[2][7]_GND_3_o_add_605_OUT5
   optimized to 0
LUT3 		Decoding/Madd_error_keeper[2][7]_GND_3_o_add_605_OUT6
   optimized to 0
LUT3 		Decoding/Madd_error_keeper[30][7]_GND_3_o_add_281_OUT1
   optimized to 0
LUT3 		Decoding/Madd_error_keeper[30][7]_GND_3_o_add_281_OUT2
   optimized to 0
LUT3 		Decoding/Madd_error_keeper[30][7]_GND_3_o_add_281_OUT3
   optimized to 0
LUT3 		Decoding/Madd_error_keeper[30][7]_GND_3_o_add_281_OUT4
   optimized to 0
LUT3 		Decoding/Madd_error_keeper[30][7]_GND_3_o_add_281_OUT5
   optimized to 0
LUT3 		Decoding/Madd_error_keeper[30][7]_GND_3_o_add_281_OUT6
   optimized to 0
LUT3 		Decoding/Madd_error_keeper[30][7]_GND_3_o_add_857_OUT1
   optimized to 0
LUT3 		Decoding/Madd_error_keeper[30][7]_GND_3_o_add_857_OUT2
   optimized to 0
LUT3 		Decoding/Madd_error_keeper[30][7]_GND_3_o_add_857_OUT3
   optimized to 0
LUT3 		Decoding/Madd_error_keeper[30][7]_GND_3_o_add_857_OUT4
   optimized to 0
LUT3 		Decoding/Madd_error_keeper[30][7]_GND_3_o_add_857_OUT5
   optimized to 0
LUT3 		Decoding/Madd_error_keeper[30][7]_GND_3_o_add_857_OUT6
   optimized to 0
LUT3 		Decoding/Madd_error_keeper[31][7]_GND_3_o_add_285_OUT1
   optimized to 0
LUT3 		Decoding/Madd_error_keeper[31][7]_GND_3_o_add_285_OUT2
   optimized to 0
LUT3 		Decoding/Madd_error_keeper[31][7]_GND_3_o_add_285_OUT3
   optimized to 0
LUT3 		Decoding/Madd_error_keeper[31][7]_GND_3_o_add_285_OUT4
   optimized to 0
LUT3 		Decoding/Madd_error_keeper[31][7]_GND_3_o_add_285_OUT5
   optimized to 0
LUT3 		Decoding/Madd_error_keeper[31][7]_GND_3_o_add_285_OUT6
   optimized to 0
LUT3 		Decoding/Madd_error_keeper[31][7]_GND_3_o_add_861_OUT1
   optimized to 0
LUT3 		Decoding/Madd_error_keeper[31][7]_GND_3_o_add_861_OUT2
   optimized to 0
LUT3 		Decoding/Madd_error_keeper[31][7]_GND_3_o_add_861_OUT3
   optimized to 0
LUT3 		Decoding/Madd_error_keeper[31][7]_GND_3_o_add_861_OUT4
   optimized to 0
LUT3 		Decoding/Madd_error_keeper[31][7]_GND_3_o_add_861_OUT5
   optimized to 0
LUT3 		Decoding/Madd_error_keeper[31][7]_GND_3_o_add_861_OUT6
   optimized to 0
LUT3 		Decoding/Madd_error_keeper[32][7]_GND_3_o_add_299_OUT1
   optimized to 0
LUT3 		Decoding/Madd_error_keeper[32][7]_GND_3_o_add_299_OUT2
   optimized to 0
LUT3 		Decoding/Madd_error_keeper[32][7]_GND_3_o_add_299_OUT3
   optimized to 0
LUT3 		Decoding/Madd_error_keeper[32][7]_GND_3_o_add_299_OUT4
   optimized to 0
LUT3 		Decoding/Madd_error_keeper[32][7]_GND_3_o_add_299_OUT5
   optimized to 0
LUT3 		Decoding/Madd_error_keeper[32][7]_GND_3_o_add_299_OUT6
   optimized to 0
LUT3 		Decoding/Madd_error_keeper[32][7]_GND_3_o_add_875_OUT1
   optimized to 0
LUT3 		Decoding/Madd_error_keeper[32][7]_GND_3_o_add_875_OUT2
   optimized to 0
LUT3 		Decoding/Madd_error_keeper[32][7]_GND_3_o_add_875_OUT3
   optimized to 0
LUT3 		Decoding/Madd_error_keeper[32][7]_GND_3_o_add_875_OUT4
   optimized to 0
LUT3 		Decoding/Madd_error_keeper[32][7]_GND_3_o_add_875_OUT5
   optimized to 0
LUT3 		Decoding/Madd_error_keeper[32][7]_GND_3_o_add_875_OUT6
   optimized to 0
LUT3 		Decoding/Madd_error_keeper[33][7]_GND_3_o_add_303_OUT1
   optimized to 0
LUT3 		Decoding/Madd_error_keeper[33][7]_GND_3_o_add_303_OUT2
   optimized to 0
LUT3 		Decoding/Madd_error_keeper[33][7]_GND_3_o_add_303_OUT3
   optimized to 0
LUT3 		Decoding/Madd_error_keeper[33][7]_GND_3_o_add_303_OUT4
   optimized to 0
LUT3 		Decoding/Madd_error_keeper[33][7]_GND_3_o_add_303_OUT5
   optimized to 0
LUT3 		Decoding/Madd_error_keeper[33][7]_GND_3_o_add_303_OUT6
   optimized to 0
LUT3 		Decoding/Madd_error_keeper[33][7]_GND_3_o_add_879_OUT1
   optimized to 0
LUT3 		Decoding/Madd_error_keeper[33][7]_GND_3_o_add_879_OUT2
   optimized to 0
LUT3 		Decoding/Madd_error_keeper[33][7]_GND_3_o_add_879_OUT3
   optimized to 0
LUT3 		Decoding/Madd_error_keeper[33][7]_GND_3_o_add_879_OUT4
   optimized to 0
LUT3 		Decoding/Madd_error_keeper[33][7]_GND_3_o_add_879_OUT5
   optimized to 0
LUT3 		Decoding/Madd_error_keeper[33][7]_GND_3_o_add_879_OUT6
   optimized to 0
LUT3 		Decoding/Madd_error_keeper[34][7]_GND_3_o_add_317_OUT1
   optimized to 0
LUT3 		Decoding/Madd_error_keeper[34][7]_GND_3_o_add_317_OUT2
   optimized to 0
LUT3 		Decoding/Madd_error_keeper[34][7]_GND_3_o_add_317_OUT3
   optimized to 0
LUT3 		Decoding/Madd_error_keeper[34][7]_GND_3_o_add_317_OUT4
   optimized to 0
LUT3 		Decoding/Madd_error_keeper[34][7]_GND_3_o_add_317_OUT5
   optimized to 0
LUT3 		Decoding/Madd_error_keeper[34][7]_GND_3_o_add_317_OUT6
   optimized to 0
LUT3 		Decoding/Madd_error_keeper[34][7]_GND_3_o_add_893_OUT1
   optimized to 0
LUT3 		Decoding/Madd_error_keeper[34][7]_GND_3_o_add_893_OUT2
   optimized to 0
LUT3 		Decoding/Madd_error_keeper[34][7]_GND_3_o_add_893_OUT3
   optimized to 0
LUT3 		Decoding/Madd_error_keeper[34][7]_GND_3_o_add_893_OUT4
   optimized to 0
LUT3 		Decoding/Madd_error_keeper[34][7]_GND_3_o_add_893_OUT5
   optimized to 0
LUT3 		Decoding/Madd_error_keeper[34][7]_GND_3_o_add_893_OUT6
   optimized to 0
LUT3 		Decoding/Madd_error_keeper[35][7]_GND_3_o_add_321_OUT1
   optimized to 0
LUT3 		Decoding/Madd_error_keeper[35][7]_GND_3_o_add_321_OUT2
   optimized to 0
LUT3 		Decoding/Madd_error_keeper[35][7]_GND_3_o_add_321_OUT3
   optimized to 0
LUT3 		Decoding/Madd_error_keeper[35][7]_GND_3_o_add_321_OUT4
   optimized to 0
LUT3 		Decoding/Madd_error_keeper[35][7]_GND_3_o_add_321_OUT5
   optimized to 0
LUT3 		Decoding/Madd_error_keeper[35][7]_GND_3_o_add_321_OUT6
   optimized to 0
LUT3 		Decoding/Madd_error_keeper[35][7]_GND_3_o_add_897_OUT1
   optimized to 0
LUT3 		Decoding/Madd_error_keeper[35][7]_GND_3_o_add_897_OUT2
   optimized to 0
LUT3 		Decoding/Madd_error_keeper[35][7]_GND_3_o_add_897_OUT3
   optimized to 0
LUT3 		Decoding/Madd_error_keeper[35][7]_GND_3_o_add_897_OUT4
   optimized to 0
LUT3 		Decoding/Madd_error_keeper[35][7]_GND_3_o_add_897_OUT5
   optimized to 0
LUT3 		Decoding/Madd_error_keeper[35][7]_GND_3_o_add_897_OUT6
   optimized to 0
LUT3 		Decoding/Madd_error_keeper[36][7]_GND_3_o_add_335_OUT1
   optimized to 0
LUT3 		Decoding/Madd_error_keeper[36][7]_GND_3_o_add_335_OUT2
   optimized to 0
LUT3 		Decoding/Madd_error_keeper[36][7]_GND_3_o_add_335_OUT3
   optimized to 0
LUT3 		Decoding/Madd_error_keeper[36][7]_GND_3_o_add_335_OUT4
   optimized to 0
LUT3 		Decoding/Madd_error_keeper[36][7]_GND_3_o_add_335_OUT5
   optimized to 0
LUT3 		Decoding/Madd_error_keeper[36][7]_GND_3_o_add_335_OUT6
   optimized to 0
LUT3 		Decoding/Madd_error_keeper[36][7]_GND_3_o_add_911_OUT1
   optimized to 0
LUT3 		Decoding/Madd_error_keeper[36][7]_GND_3_o_add_911_OUT2
   optimized to 0
LUT3 		Decoding/Madd_error_keeper[36][7]_GND_3_o_add_911_OUT3
   optimized to 0
LUT3 		Decoding/Madd_error_keeper[36][7]_GND_3_o_add_911_OUT4
   optimized to 0
LUT3 		Decoding/Madd_error_keeper[36][7]_GND_3_o_add_911_OUT5
   optimized to 0
LUT3 		Decoding/Madd_error_keeper[36][7]_GND_3_o_add_911_OUT6
   optimized to 0
LUT3 		Decoding/Madd_error_keeper[37][7]_GND_3_o_add_339_OUT1
   optimized to 0
LUT3 		Decoding/Madd_error_keeper[37][7]_GND_3_o_add_339_OUT2
   optimized to 0
LUT3 		Decoding/Madd_error_keeper[37][7]_GND_3_o_add_339_OUT3
   optimized to 0
LUT3 		Decoding/Madd_error_keeper[37][7]_GND_3_o_add_339_OUT4
   optimized to 0
LUT3 		Decoding/Madd_error_keeper[37][7]_GND_3_o_add_339_OUT5
   optimized to 0
LUT3 		Decoding/Madd_error_keeper[37][7]_GND_3_o_add_339_OUT6
   optimized to 0
LUT3 		Decoding/Madd_error_keeper[37][7]_GND_3_o_add_915_OUT1
   optimized to 0
LUT3 		Decoding/Madd_error_keeper[37][7]_GND_3_o_add_915_OUT2
   optimized to 0
LUT3 		Decoding/Madd_error_keeper[37][7]_GND_3_o_add_915_OUT3
   optimized to 0
LUT3 		Decoding/Madd_error_keeper[37][7]_GND_3_o_add_915_OUT4
   optimized to 0
LUT3 		Decoding/Madd_error_keeper[37][7]_GND_3_o_add_915_OUT5
   optimized to 0
LUT3 		Decoding/Madd_error_keeper[37][7]_GND_3_o_add_915_OUT6
   optimized to 0
LUT3 		Decoding/Madd_error_keeper[38][7]_GND_3_o_add_353_OUT1
   optimized to 0
LUT3 		Decoding/Madd_error_keeper[38][7]_GND_3_o_add_353_OUT2
   optimized to 0
LUT3 		Decoding/Madd_error_keeper[38][7]_GND_3_o_add_353_OUT3
   optimized to 0
LUT3 		Decoding/Madd_error_keeper[38][7]_GND_3_o_add_353_OUT4
   optimized to 0
LUT3 		Decoding/Madd_error_keeper[38][7]_GND_3_o_add_353_OUT5
   optimized to 0
LUT3 		Decoding/Madd_error_keeper[38][7]_GND_3_o_add_353_OUT6
   optimized to 0
LUT3 		Decoding/Madd_error_keeper[38][7]_GND_3_o_add_929_OUT1
   optimized to 0
LUT3 		Decoding/Madd_error_keeper[38][7]_GND_3_o_add_929_OUT2
   optimized to 0
LUT3 		Decoding/Madd_error_keeper[38][7]_GND_3_o_add_929_OUT3
   optimized to 0
LUT3 		Decoding/Madd_error_keeper[38][7]_GND_3_o_add_929_OUT4
   optimized to 0
LUT3 		Decoding/Madd_error_keeper[38][7]_GND_3_o_add_929_OUT5
   optimized to 0
LUT3 		Decoding/Madd_error_keeper[38][7]_GND_3_o_add_929_OUT6
   optimized to 0
LUT3 		Decoding/Madd_error_keeper[39][7]_GND_3_o_add_357_OUT1
   optimized to 0
LUT3 		Decoding/Madd_error_keeper[39][7]_GND_3_o_add_357_OUT2
   optimized to 0
LUT3 		Decoding/Madd_error_keeper[39][7]_GND_3_o_add_357_OUT3
   optimized to 0
LUT3 		Decoding/Madd_error_keeper[39][7]_GND_3_o_add_357_OUT4
   optimized to 0
LUT3 		Decoding/Madd_error_keeper[39][7]_GND_3_o_add_357_OUT5
   optimized to 0
LUT3 		Decoding/Madd_error_keeper[39][7]_GND_3_o_add_357_OUT6
   optimized to 0
LUT3 		Decoding/Madd_error_keeper[39][7]_GND_3_o_add_933_OUT1
   optimized to 0
LUT3 		Decoding/Madd_error_keeper[39][7]_GND_3_o_add_933_OUT2
   optimized to 0
LUT3 		Decoding/Madd_error_keeper[39][7]_GND_3_o_add_933_OUT3
   optimized to 0
LUT3 		Decoding/Madd_error_keeper[39][7]_GND_3_o_add_933_OUT4
   optimized to 0
LUT3 		Decoding/Madd_error_keeper[39][7]_GND_3_o_add_933_OUT5
   optimized to 0
LUT3 		Decoding/Madd_error_keeper[39][7]_GND_3_o_add_933_OUT6
   optimized to 0
LUT3 		Decoding/Madd_error_keeper[3][7]_GND_3_o_add_33_OUT1
   optimized to 0
LUT3 		Decoding/Madd_error_keeper[3][7]_GND_3_o_add_33_OUT2
   optimized to 0
LUT3 		Decoding/Madd_error_keeper[3][7]_GND_3_o_add_33_OUT3
   optimized to 0
LUT3 		Decoding/Madd_error_keeper[3][7]_GND_3_o_add_33_OUT4
   optimized to 0
LUT3 		Decoding/Madd_error_keeper[3][7]_GND_3_o_add_33_OUT5
   optimized to 0
LUT3 		Decoding/Madd_error_keeper[3][7]_GND_3_o_add_33_OUT6
   optimized to 0
LUT3 		Decoding/Madd_error_keeper[3][7]_GND_3_o_add_609_OUT1
   optimized to 0
LUT3 		Decoding/Madd_error_keeper[3][7]_GND_3_o_add_609_OUT2
   optimized to 0
LUT3 		Decoding/Madd_error_keeper[3][7]_GND_3_o_add_609_OUT3
   optimized to 0
LUT3 		Decoding/Madd_error_keeper[3][7]_GND_3_o_add_609_OUT4
   optimized to 0
LUT3 		Decoding/Madd_error_keeper[3][7]_GND_3_o_add_609_OUT5
   optimized to 0
LUT3 		Decoding/Madd_error_keeper[3][7]_GND_3_o_add_609_OUT6
   optimized to 0
LUT3 		Decoding/Madd_error_keeper[40][7]_GND_3_o_add_371_OUT1
   optimized to 0
LUT3 		Decoding/Madd_error_keeper[40][7]_GND_3_o_add_371_OUT2
   optimized to 0
LUT3 		Decoding/Madd_error_keeper[40][7]_GND_3_o_add_371_OUT3
   optimized to 0
LUT3 		Decoding/Madd_error_keeper[40][7]_GND_3_o_add_371_OUT4
   optimized to 0
LUT3 		Decoding/Madd_error_keeper[40][7]_GND_3_o_add_371_OUT5
   optimized to 0
LUT3 		Decoding/Madd_error_keeper[40][7]_GND_3_o_add_371_OUT6
   optimized to 0
LUT3 		Decoding/Madd_error_keeper[40][7]_GND_3_o_add_947_OUT1
   optimized to 0
LUT3 		Decoding/Madd_error_keeper[40][7]_GND_3_o_add_947_OUT2
   optimized to 0
LUT3 		Decoding/Madd_error_keeper[40][7]_GND_3_o_add_947_OUT3
   optimized to 0
LUT3 		Decoding/Madd_error_keeper[40][7]_GND_3_o_add_947_OUT4
   optimized to 0
LUT3 		Decoding/Madd_error_keeper[40][7]_GND_3_o_add_947_OUT5
   optimized to 0
LUT3 		Decoding/Madd_error_keeper[40][7]_GND_3_o_add_947_OUT6
   optimized to 0
LUT3 		Decoding/Madd_error_keeper[41][7]_GND_3_o_add_375_OUT1
   optimized to 0
LUT3 		Decoding/Madd_error_keeper[41][7]_GND_3_o_add_375_OUT2
   optimized to 0
LUT3 		Decoding/Madd_error_keeper[41][7]_GND_3_o_add_375_OUT3
   optimized to 0
LUT3 		Decoding/Madd_error_keeper[41][7]_GND_3_o_add_375_OUT4
   optimized to 0
LUT3 		Decoding/Madd_error_keeper[41][7]_GND_3_o_add_375_OUT5
   optimized to 0
LUT3 		Decoding/Madd_error_keeper[41][7]_GND_3_o_add_375_OUT6
   optimized to 0
LUT3 		Decoding/Madd_error_keeper[41][7]_GND_3_o_add_951_OUT1
   optimized to 0
LUT3 		Decoding/Madd_error_keeper[41][7]_GND_3_o_add_951_OUT2
   optimized to 0
LUT3 		Decoding/Madd_error_keeper[41][7]_GND_3_o_add_951_OUT3
   optimized to 0
LUT3 		Decoding/Madd_error_keeper[41][7]_GND_3_o_add_951_OUT4
   optimized to 0
LUT3 		Decoding/Madd_error_keeper[41][7]_GND_3_o_add_951_OUT5
   optimized to 0
LUT3 		Decoding/Madd_error_keeper[41][7]_GND_3_o_add_951_OUT6
   optimized to 0
LUT3 		Decoding/Madd_error_keeper[42][7]_GND_3_o_add_389_OUT1
   optimized to 0
LUT3 		Decoding/Madd_error_keeper[42][7]_GND_3_o_add_389_OUT2
   optimized to 0
LUT3 		Decoding/Madd_error_keeper[42][7]_GND_3_o_add_389_OUT3
   optimized to 0
LUT3 		Decoding/Madd_error_keeper[42][7]_GND_3_o_add_389_OUT4
   optimized to 0
LUT3 		Decoding/Madd_error_keeper[42][7]_GND_3_o_add_389_OUT5
   optimized to 0
LUT3 		Decoding/Madd_error_keeper[42][7]_GND_3_o_add_389_OUT6
   optimized to 0
LUT3 		Decoding/Madd_error_keeper[42][7]_GND_3_o_add_965_OUT1
   optimized to 0
LUT3 		Decoding/Madd_error_keeper[42][7]_GND_3_o_add_965_OUT2
   optimized to 0
LUT3 		Decoding/Madd_error_keeper[42][7]_GND_3_o_add_965_OUT3
   optimized to 0
LUT3 		Decoding/Madd_error_keeper[42][7]_GND_3_o_add_965_OUT4
   optimized to 0
LUT3 		Decoding/Madd_error_keeper[42][7]_GND_3_o_add_965_OUT5
   optimized to 0
LUT3 		Decoding/Madd_error_keeper[42][7]_GND_3_o_add_965_OUT6
   optimized to 0
LUT3 		Decoding/Madd_error_keeper[43][7]_GND_3_o_add_393_OUT1
   optimized to 0
LUT3 		Decoding/Madd_error_keeper[43][7]_GND_3_o_add_393_OUT2
   optimized to 0
LUT3 		Decoding/Madd_error_keeper[43][7]_GND_3_o_add_393_OUT3
   optimized to 0
LUT3 		Decoding/Madd_error_keeper[43][7]_GND_3_o_add_393_OUT4
   optimized to 0
LUT3 		Decoding/Madd_error_keeper[43][7]_GND_3_o_add_393_OUT5
   optimized to 0
LUT3 		Decoding/Madd_error_keeper[43][7]_GND_3_o_add_393_OUT6
   optimized to 0
LUT3 		Decoding/Madd_error_keeper[43][7]_GND_3_o_add_969_OUT1
   optimized to 0
LUT3 		Decoding/Madd_error_keeper[43][7]_GND_3_o_add_969_OUT2
   optimized to 0
LUT3 		Decoding/Madd_error_keeper[43][7]_GND_3_o_add_969_OUT3
   optimized to 0
LUT3 		Decoding/Madd_error_keeper[43][7]_GND_3_o_add_969_OUT4
   optimized to 0
LUT3 		Decoding/Madd_error_keeper[43][7]_GND_3_o_add_969_OUT5
   optimized to 0
LUT3 		Decoding/Madd_error_keeper[43][7]_GND_3_o_add_969_OUT6
   optimized to 0
LUT3 		Decoding/Madd_error_keeper[44][7]_GND_3_o_add_407_OUT1
   optimized to 0
LUT3 		Decoding/Madd_error_keeper[44][7]_GND_3_o_add_407_OUT2
   optimized to 0
LUT3 		Decoding/Madd_error_keeper[44][7]_GND_3_o_add_407_OUT3
   optimized to 0
LUT3 		Decoding/Madd_error_keeper[44][7]_GND_3_o_add_407_OUT4
   optimized to 0
LUT3 		Decoding/Madd_error_keeper[44][7]_GND_3_o_add_407_OUT5
   optimized to 0
LUT3 		Decoding/Madd_error_keeper[44][7]_GND_3_o_add_407_OUT6
   optimized to 0
LUT3 		Decoding/Madd_error_keeper[44][7]_GND_3_o_add_983_OUT1
   optimized to 0
LUT3 		Decoding/Madd_error_keeper[44][7]_GND_3_o_add_983_OUT2
   optimized to 0
LUT3 		Decoding/Madd_error_keeper[44][7]_GND_3_o_add_983_OUT3
   optimized to 0
LUT3 		Decoding/Madd_error_keeper[44][7]_GND_3_o_add_983_OUT4
   optimized to 0
LUT3 		Decoding/Madd_error_keeper[44][7]_GND_3_o_add_983_OUT5
   optimized to 0
LUT3 		Decoding/Madd_error_keeper[44][7]_GND_3_o_add_983_OUT6
   optimized to 0
LUT3 		Decoding/Madd_error_keeper[45][7]_GND_3_o_add_411_OUT1
   optimized to 0
LUT3 		Decoding/Madd_error_keeper[45][7]_GND_3_o_add_411_OUT2
   optimized to 0
LUT3 		Decoding/Madd_error_keeper[45][7]_GND_3_o_add_411_OUT3
   optimized to 0
LUT3 		Decoding/Madd_error_keeper[45][7]_GND_3_o_add_411_OUT4
   optimized to 0
LUT3 		Decoding/Madd_error_keeper[45][7]_GND_3_o_add_411_OUT5
   optimized to 0
LUT3 		Decoding/Madd_error_keeper[45][7]_GND_3_o_add_411_OUT6
   optimized to 0
LUT3 		Decoding/Madd_error_keeper[45][7]_GND_3_o_add_987_OUT1
   optimized to 0
LUT3 		Decoding/Madd_error_keeper[45][7]_GND_3_o_add_987_OUT2
   optimized to 0
LUT3 		Decoding/Madd_error_keeper[45][7]_GND_3_o_add_987_OUT3
   optimized to 0
LUT3 		Decoding/Madd_error_keeper[45][7]_GND_3_o_add_987_OUT4
   optimized to 0
LUT3 		Decoding/Madd_error_keeper[45][7]_GND_3_o_add_987_OUT5
   optimized to 0
LUT3 		Decoding/Madd_error_keeper[45][7]_GND_3_o_add_987_OUT6
   optimized to 0
LUT3 		Decoding/Madd_error_keeper[46][7]_GND_3_o_add_1001_OUT1
   optimized to 0
LUT3 		Decoding/Madd_error_keeper[46][7]_GND_3_o_add_1001_OUT2
   optimized to 0
LUT3 		Decoding/Madd_error_keeper[46][7]_GND_3_o_add_1001_OUT3
   optimized to 0
LUT3 		Decoding/Madd_error_keeper[46][7]_GND_3_o_add_1001_OUT4
   optimized to 0
LUT3 		Decoding/Madd_error_keeper[46][7]_GND_3_o_add_1001_OUT5
   optimized to 0
LUT3 		Decoding/Madd_error_keeper[46][7]_GND_3_o_add_1001_OUT6
   optimized to 0
LUT3 		Decoding/Madd_error_keeper[46][7]_GND_3_o_add_425_OUT1
   optimized to 0
LUT3 		Decoding/Madd_error_keeper[46][7]_GND_3_o_add_425_OUT2
   optimized to 0
LUT3 		Decoding/Madd_error_keeper[46][7]_GND_3_o_add_425_OUT3
   optimized to 0
LUT3 		Decoding/Madd_error_keeper[46][7]_GND_3_o_add_425_OUT4
   optimized to 0
LUT3 		Decoding/Madd_error_keeper[46][7]_GND_3_o_add_425_OUT5
   optimized to 0
LUT3 		Decoding/Madd_error_keeper[46][7]_GND_3_o_add_425_OUT6
   optimized to 0
LUT3 		Decoding/Madd_error_keeper[47][7]_GND_3_o_add_1005_OUT1
   optimized to 0
LUT3 		Decoding/Madd_error_keeper[47][7]_GND_3_o_add_1005_OUT2
   optimized to 0
LUT3 		Decoding/Madd_error_keeper[47][7]_GND_3_o_add_1005_OUT3
   optimized to 0
LUT3 		Decoding/Madd_error_keeper[47][7]_GND_3_o_add_1005_OUT4
   optimized to 0
LUT3 		Decoding/Madd_error_keeper[47][7]_GND_3_o_add_1005_OUT5
   optimized to 0
LUT3 		Decoding/Madd_error_keeper[47][7]_GND_3_o_add_1005_OUT6
   optimized to 0
LUT3 		Decoding/Madd_error_keeper[47][7]_GND_3_o_add_429_OUT1
   optimized to 0
LUT3 		Decoding/Madd_error_keeper[47][7]_GND_3_o_add_429_OUT2
   optimized to 0
LUT3 		Decoding/Madd_error_keeper[47][7]_GND_3_o_add_429_OUT3
   optimized to 0
LUT3 		Decoding/Madd_error_keeper[47][7]_GND_3_o_add_429_OUT4
   optimized to 0
LUT3 		Decoding/Madd_error_keeper[47][7]_GND_3_o_add_429_OUT5
   optimized to 0
LUT3 		Decoding/Madd_error_keeper[47][7]_GND_3_o_add_429_OUT6
   optimized to 0
LUT3 		Decoding/Madd_error_keeper[48][7]_GND_3_o_add_1019_OUT1
   optimized to 0
LUT3 		Decoding/Madd_error_keeper[48][7]_GND_3_o_add_1019_OUT2
   optimized to 0
LUT3 		Decoding/Madd_error_keeper[48][7]_GND_3_o_add_1019_OUT3
   optimized to 0
LUT3 		Decoding/Madd_error_keeper[48][7]_GND_3_o_add_1019_OUT4
   optimized to 0
LUT3 		Decoding/Madd_error_keeper[48][7]_GND_3_o_add_1019_OUT5
   optimized to 0
LUT3 		Decoding/Madd_error_keeper[48][7]_GND_3_o_add_1019_OUT6
   optimized to 0
LUT3 		Decoding/Madd_error_keeper[48][7]_GND_3_o_add_443_OUT1
   optimized to 0
LUT3 		Decoding/Madd_error_keeper[48][7]_GND_3_o_add_443_OUT2
   optimized to 0
LUT3 		Decoding/Madd_error_keeper[48][7]_GND_3_o_add_443_OUT3
   optimized to 0
LUT3 		Decoding/Madd_error_keeper[48][7]_GND_3_o_add_443_OUT4
   optimized to 0
LUT3 		Decoding/Madd_error_keeper[48][7]_GND_3_o_add_443_OUT5
   optimized to 0
LUT3 		Decoding/Madd_error_keeper[48][7]_GND_3_o_add_443_OUT6
   optimized to 0
LUT3 		Decoding/Madd_error_keeper[49][7]_GND_3_o_add_1023_OUT1
   optimized to 0
LUT3 		Decoding/Madd_error_keeper[49][7]_GND_3_o_add_1023_OUT2
   optimized to 0
LUT3 		Decoding/Madd_error_keeper[49][7]_GND_3_o_add_1023_OUT3
   optimized to 0
LUT3 		Decoding/Madd_error_keeper[49][7]_GND_3_o_add_1023_OUT4
   optimized to 0
LUT3 		Decoding/Madd_error_keeper[49][7]_GND_3_o_add_1023_OUT5
   optimized to 0
LUT3 		Decoding/Madd_error_keeper[49][7]_GND_3_o_add_1023_OUT6
   optimized to 0
LUT3 		Decoding/Madd_error_keeper[49][7]_GND_3_o_add_447_OUT1
   optimized to 0
LUT3 		Decoding/Madd_error_keeper[49][7]_GND_3_o_add_447_OUT2
   optimized to 0
LUT3 		Decoding/Madd_error_keeper[49][7]_GND_3_o_add_447_OUT3
   optimized to 0
LUT3 		Decoding/Madd_error_keeper[49][7]_GND_3_o_add_447_OUT4
   optimized to 0
LUT3 		Decoding/Madd_error_keeper[49][7]_GND_3_o_add_447_OUT5
   optimized to 0
LUT3 		Decoding/Madd_error_keeper[49][7]_GND_3_o_add_447_OUT6
   optimized to 0
LUT3 		Decoding/Madd_error_keeper[4][7]_GND_3_o_add_47_OUT1
   optimized to 0
LUT3 		Decoding/Madd_error_keeper[4][7]_GND_3_o_add_47_OUT2
   optimized to 0
LUT3 		Decoding/Madd_error_keeper[4][7]_GND_3_o_add_47_OUT3
   optimized to 0
LUT3 		Decoding/Madd_error_keeper[4][7]_GND_3_o_add_47_OUT4
   optimized to 0
LUT3 		Decoding/Madd_error_keeper[4][7]_GND_3_o_add_47_OUT5
   optimized to 0
LUT3 		Decoding/Madd_error_keeper[4][7]_GND_3_o_add_47_OUT6
   optimized to 0
LUT3 		Decoding/Madd_error_keeper[4][7]_GND_3_o_add_623_OUT1
   optimized to 0
LUT3 		Decoding/Madd_error_keeper[4][7]_GND_3_o_add_623_OUT2
   optimized to 0
LUT3 		Decoding/Madd_error_keeper[4][7]_GND_3_o_add_623_OUT3
   optimized to 0
LUT3 		Decoding/Madd_error_keeper[4][7]_GND_3_o_add_623_OUT4
   optimized to 0
LUT3 		Decoding/Madd_error_keeper[4][7]_GND_3_o_add_623_OUT5
   optimized to 0
LUT3 		Decoding/Madd_error_keeper[4][7]_GND_3_o_add_623_OUT6
   optimized to 0
LUT3 		Decoding/Madd_error_keeper[50][7]_GND_3_o_add_1037_OUT1
   optimized to 0
LUT3 		Decoding/Madd_error_keeper[50][7]_GND_3_o_add_1037_OUT2
   optimized to 0
LUT3 		Decoding/Madd_error_keeper[50][7]_GND_3_o_add_1037_OUT3
   optimized to 0
LUT3 		Decoding/Madd_error_keeper[50][7]_GND_3_o_add_1037_OUT4
   optimized to 0
LUT3 		Decoding/Madd_error_keeper[50][7]_GND_3_o_add_1037_OUT5
   optimized to 0
LUT3 		Decoding/Madd_error_keeper[50][7]_GND_3_o_add_1037_OUT6
   optimized to 0
LUT3 		Decoding/Madd_error_keeper[50][7]_GND_3_o_add_461_OUT1
   optimized to 0
LUT3 		Decoding/Madd_error_keeper[50][7]_GND_3_o_add_461_OUT2
   optimized to 0
LUT3 		Decoding/Madd_error_keeper[50][7]_GND_3_o_add_461_OUT3
   optimized to 0
LUT3 		Decoding/Madd_error_keeper[50][7]_GND_3_o_add_461_OUT4
   optimized to 0
LUT3 		Decoding/Madd_error_keeper[50][7]_GND_3_o_add_461_OUT5
   optimized to 0
LUT3 		Decoding/Madd_error_keeper[50][7]_GND_3_o_add_461_OUT6
   optimized to 0
LUT3 		Decoding/Madd_error_keeper[51][7]_GND_3_o_add_1041_OUT1
   optimized to 0
LUT3 		Decoding/Madd_error_keeper[51][7]_GND_3_o_add_1041_OUT2
   optimized to 0
LUT3 		Decoding/Madd_error_keeper[51][7]_GND_3_o_add_1041_OUT3
   optimized to 0
LUT3 		Decoding/Madd_error_keeper[51][7]_GND_3_o_add_1041_OUT4
   optimized to 0
LUT3 		Decoding/Madd_error_keeper[51][7]_GND_3_o_add_1041_OUT5
   optimized to 0
LUT3 		Decoding/Madd_error_keeper[51][7]_GND_3_o_add_1041_OUT6
   optimized to 0
LUT3 		Decoding/Madd_error_keeper[51][7]_GND_3_o_add_465_OUT1
   optimized to 0
LUT3 		Decoding/Madd_error_keeper[51][7]_GND_3_o_add_465_OUT2
   optimized to 0
LUT3 		Decoding/Madd_error_keeper[51][7]_GND_3_o_add_465_OUT3
   optimized to 0
LUT3 		Decoding/Madd_error_keeper[51][7]_GND_3_o_add_465_OUT4
   optimized to 0
LUT3 		Decoding/Madd_error_keeper[51][7]_GND_3_o_add_465_OUT5
   optimized to 0
LUT3 		Decoding/Madd_error_keeper[51][7]_GND_3_o_add_465_OUT6
   optimized to 0
LUT3 		Decoding/Madd_error_keeper[52][7]_GND_3_o_add_1055_OUT1
   optimized to 0
LUT3 		Decoding/Madd_error_keeper[52][7]_GND_3_o_add_1055_OUT2
   optimized to 0
LUT3 		Decoding/Madd_error_keeper[52][7]_GND_3_o_add_1055_OUT3
   optimized to 0
LUT3 		Decoding/Madd_error_keeper[52][7]_GND_3_o_add_1055_OUT4
   optimized to 0
LUT3 		Decoding/Madd_error_keeper[52][7]_GND_3_o_add_1055_OUT5
   optimized to 0
LUT3 		Decoding/Madd_error_keeper[52][7]_GND_3_o_add_1055_OUT6
   optimized to 0
LUT3 		Decoding/Madd_error_keeper[52][7]_GND_3_o_add_479_OUT1
   optimized to 0
LUT3 		Decoding/Madd_error_keeper[52][7]_GND_3_o_add_479_OUT2
   optimized to 0
LUT3 		Decoding/Madd_error_keeper[52][7]_GND_3_o_add_479_OUT3
   optimized to 0
LUT3 		Decoding/Madd_error_keeper[52][7]_GND_3_o_add_479_OUT4
   optimized to 0
LUT3 		Decoding/Madd_error_keeper[52][7]_GND_3_o_add_479_OUT5
   optimized to 0
LUT3 		Decoding/Madd_error_keeper[52][7]_GND_3_o_add_479_OUT6
   optimized to 0
LUT3 		Decoding/Madd_error_keeper[53][7]_GND_3_o_add_1059_OUT1
   optimized to 0
LUT3 		Decoding/Madd_error_keeper[53][7]_GND_3_o_add_1059_OUT2
   optimized to 0
LUT3 		Decoding/Madd_error_keeper[53][7]_GND_3_o_add_1059_OUT3
   optimized to 0
LUT3 		Decoding/Madd_error_keeper[53][7]_GND_3_o_add_1059_OUT4
   optimized to 0
LUT3 		Decoding/Madd_error_keeper[53][7]_GND_3_o_add_1059_OUT5
   optimized to 0
LUT3 		Decoding/Madd_error_keeper[53][7]_GND_3_o_add_1059_OUT6
   optimized to 0
LUT3 		Decoding/Madd_error_keeper[53][7]_GND_3_o_add_483_OUT1
   optimized to 0
LUT3 		Decoding/Madd_error_keeper[53][7]_GND_3_o_add_483_OUT2
   optimized to 0
LUT3 		Decoding/Madd_error_keeper[53][7]_GND_3_o_add_483_OUT3
   optimized to 0
LUT3 		Decoding/Madd_error_keeper[53][7]_GND_3_o_add_483_OUT4
   optimized to 0
LUT3 		Decoding/Madd_error_keeper[53][7]_GND_3_o_add_483_OUT5
   optimized to 0
LUT3 		Decoding/Madd_error_keeper[53][7]_GND_3_o_add_483_OUT6
   optimized to 0
LUT3 		Decoding/Madd_error_keeper[54][7]_GND_3_o_add_1073_OUT1
   optimized to 0
LUT3 		Decoding/Madd_error_keeper[54][7]_GND_3_o_add_1073_OUT2
   optimized to 0
LUT3 		Decoding/Madd_error_keeper[54][7]_GND_3_o_add_1073_OUT3
   optimized to 0
LUT3 		Decoding/Madd_error_keeper[54][7]_GND_3_o_add_1073_OUT4
   optimized to 0
LUT3 		Decoding/Madd_error_keeper[54][7]_GND_3_o_add_1073_OUT5
   optimized to 0
LUT3 		Decoding/Madd_error_keeper[54][7]_GND_3_o_add_1073_OUT6
   optimized to 0
LUT3 		Decoding/Madd_error_keeper[54][7]_GND_3_o_add_497_OUT1
   optimized to 0
LUT3 		Decoding/Madd_error_keeper[54][7]_GND_3_o_add_497_OUT2
   optimized to 0
LUT3 		Decoding/Madd_error_keeper[54][7]_GND_3_o_add_497_OUT3
   optimized to 0
LUT3 		Decoding/Madd_error_keeper[54][7]_GND_3_o_add_497_OUT4
   optimized to 0
LUT3 		Decoding/Madd_error_keeper[54][7]_GND_3_o_add_497_OUT5
   optimized to 0
LUT3 		Decoding/Madd_error_keeper[54][7]_GND_3_o_add_497_OUT6
   optimized to 0
LUT3 		Decoding/Madd_error_keeper[55][7]_GND_3_o_add_1077_OUT1
   optimized to 0
LUT3 		Decoding/Madd_error_keeper[55][7]_GND_3_o_add_1077_OUT2
   optimized to 0
LUT3 		Decoding/Madd_error_keeper[55][7]_GND_3_o_add_1077_OUT3
   optimized to 0
LUT3 		Decoding/Madd_error_keeper[55][7]_GND_3_o_add_1077_OUT4
   optimized to 0
LUT3 		Decoding/Madd_error_keeper[55][7]_GND_3_o_add_1077_OUT5
   optimized to 0
LUT3 		Decoding/Madd_error_keeper[55][7]_GND_3_o_add_1077_OUT6
   optimized to 0
LUT3 		Decoding/Madd_error_keeper[55][7]_GND_3_o_add_501_OUT1
   optimized to 0
LUT3 		Decoding/Madd_error_keeper[55][7]_GND_3_o_add_501_OUT2
   optimized to 0
LUT3 		Decoding/Madd_error_keeper[55][7]_GND_3_o_add_501_OUT3
   optimized to 0
LUT3 		Decoding/Madd_error_keeper[55][7]_GND_3_o_add_501_OUT4
   optimized to 0
LUT3 		Decoding/Madd_error_keeper[55][7]_GND_3_o_add_501_OUT5
   optimized to 0
LUT3 		Decoding/Madd_error_keeper[55][7]_GND_3_o_add_501_OUT6
   optimized to 0
LUT3 		Decoding/Madd_error_keeper[56][7]_GND_3_o_add_1091_OUT1
   optimized to 0
LUT3 		Decoding/Madd_error_keeper[56][7]_GND_3_o_add_1091_OUT2
   optimized to 0
LUT3 		Decoding/Madd_error_keeper[56][7]_GND_3_o_add_1091_OUT3
   optimized to 0
LUT3 		Decoding/Madd_error_keeper[56][7]_GND_3_o_add_1091_OUT4
   optimized to 0
LUT3 		Decoding/Madd_error_keeper[56][7]_GND_3_o_add_1091_OUT5
   optimized to 0
LUT3 		Decoding/Madd_error_keeper[56][7]_GND_3_o_add_1091_OUT6
   optimized to 0
LUT3 		Decoding/Madd_error_keeper[56][7]_GND_3_o_add_515_OUT1
   optimized to 0
LUT3 		Decoding/Madd_error_keeper[56][7]_GND_3_o_add_515_OUT2
   optimized to 0
LUT3 		Decoding/Madd_error_keeper[56][7]_GND_3_o_add_515_OUT3
   optimized to 0
LUT3 		Decoding/Madd_error_keeper[56][7]_GND_3_o_add_515_OUT4
   optimized to 0
LUT3 		Decoding/Madd_error_keeper[56][7]_GND_3_o_add_515_OUT5
   optimized to 0
LUT3 		Decoding/Madd_error_keeper[56][7]_GND_3_o_add_515_OUT6
   optimized to 0
LUT3 		Decoding/Madd_error_keeper[57][7]_GND_3_o_add_1095_OUT1
   optimized to 0
LUT3 		Decoding/Madd_error_keeper[57][7]_GND_3_o_add_1095_OUT2
   optimized to 0
LUT3 		Decoding/Madd_error_keeper[57][7]_GND_3_o_add_1095_OUT3
   optimized to 0
LUT3 		Decoding/Madd_error_keeper[57][7]_GND_3_o_add_1095_OUT4
   optimized to 0
LUT3 		Decoding/Madd_error_keeper[57][7]_GND_3_o_add_1095_OUT5
   optimized to 0
LUT3 		Decoding/Madd_error_keeper[57][7]_GND_3_o_add_1095_OUT6
   optimized to 0
LUT3 		Decoding/Madd_error_keeper[57][7]_GND_3_o_add_519_OUT1
   optimized to 0
LUT3 		Decoding/Madd_error_keeper[57][7]_GND_3_o_add_519_OUT2
   optimized to 0
LUT3 		Decoding/Madd_error_keeper[57][7]_GND_3_o_add_519_OUT3
   optimized to 0
LUT3 		Decoding/Madd_error_keeper[57][7]_GND_3_o_add_519_OUT4
   optimized to 0
LUT3 		Decoding/Madd_error_keeper[57][7]_GND_3_o_add_519_OUT5
   optimized to 0
LUT3 		Decoding/Madd_error_keeper[57][7]_GND_3_o_add_519_OUT6
   optimized to 0
LUT3 		Decoding/Madd_error_keeper[58][7]_GND_3_o_add_1109_OUT1
   optimized to 0
LUT3 		Decoding/Madd_error_keeper[58][7]_GND_3_o_add_1109_OUT2
   optimized to 0
LUT3 		Decoding/Madd_error_keeper[58][7]_GND_3_o_add_1109_OUT3
   optimized to 0
LUT3 		Decoding/Madd_error_keeper[58][7]_GND_3_o_add_1109_OUT4
   optimized to 0
LUT3 		Decoding/Madd_error_keeper[58][7]_GND_3_o_add_1109_OUT5
   optimized to 0
LUT3 		Decoding/Madd_error_keeper[58][7]_GND_3_o_add_1109_OUT6
   optimized to 0
LUT3 		Decoding/Madd_error_keeper[58][7]_GND_3_o_add_533_OUT1
   optimized to 0
LUT3 		Decoding/Madd_error_keeper[58][7]_GND_3_o_add_533_OUT2
   optimized to 0
LUT3 		Decoding/Madd_error_keeper[58][7]_GND_3_o_add_533_OUT3
   optimized to 0
LUT3 		Decoding/Madd_error_keeper[58][7]_GND_3_o_add_533_OUT4
   optimized to 0
LUT3 		Decoding/Madd_error_keeper[58][7]_GND_3_o_add_533_OUT5
   optimized to 0
LUT3 		Decoding/Madd_error_keeper[58][7]_GND_3_o_add_533_OUT6
   optimized to 0
LUT3 		Decoding/Madd_error_keeper[59][7]_GND_3_o_add_1113_OUT1
   optimized to 0
LUT3 		Decoding/Madd_error_keeper[59][7]_GND_3_o_add_1113_OUT2
   optimized to 0
LUT3 		Decoding/Madd_error_keeper[59][7]_GND_3_o_add_1113_OUT3
   optimized to 0
LUT3 		Decoding/Madd_error_keeper[59][7]_GND_3_o_add_1113_OUT4
   optimized to 0
LUT3 		Decoding/Madd_error_keeper[59][7]_GND_3_o_add_1113_OUT5
   optimized to 0
LUT3 		Decoding/Madd_error_keeper[59][7]_GND_3_o_add_1113_OUT6
   optimized to 0
LUT3 		Decoding/Madd_error_keeper[59][7]_GND_3_o_add_537_OUT1
   optimized to 0
LUT3 		Decoding/Madd_error_keeper[59][7]_GND_3_o_add_537_OUT2
   optimized to 0
LUT3 		Decoding/Madd_error_keeper[59][7]_GND_3_o_add_537_OUT3
   optimized to 0
LUT3 		Decoding/Madd_error_keeper[59][7]_GND_3_o_add_537_OUT4
   optimized to 0
LUT3 		Decoding/Madd_error_keeper[59][7]_GND_3_o_add_537_OUT5
   optimized to 0
LUT3 		Decoding/Madd_error_keeper[59][7]_GND_3_o_add_537_OUT6
   optimized to 0
LUT3 		Decoding/Madd_error_keeper[5][7]_GND_3_o_add_51_OUT1
   optimized to 0
LUT3 		Decoding/Madd_error_keeper[5][7]_GND_3_o_add_51_OUT2
   optimized to 0
LUT3 		Decoding/Madd_error_keeper[5][7]_GND_3_o_add_51_OUT3
   optimized to 0
LUT3 		Decoding/Madd_error_keeper[5][7]_GND_3_o_add_51_OUT4
   optimized to 0
LUT3 		Decoding/Madd_error_keeper[5][7]_GND_3_o_add_51_OUT5
   optimized to 0
LUT3 		Decoding/Madd_error_keeper[5][7]_GND_3_o_add_51_OUT6
   optimized to 0
LUT3 		Decoding/Madd_error_keeper[5][7]_GND_3_o_add_627_OUT1
   optimized to 0
LUT3 		Decoding/Madd_error_keeper[5][7]_GND_3_o_add_627_OUT2
   optimized to 0
LUT3 		Decoding/Madd_error_keeper[5][7]_GND_3_o_add_627_OUT3
   optimized to 0
LUT3 		Decoding/Madd_error_keeper[5][7]_GND_3_o_add_627_OUT4
   optimized to 0
LUT3 		Decoding/Madd_error_keeper[5][7]_GND_3_o_add_627_OUT5
   optimized to 0
LUT3 		Decoding/Madd_error_keeper[5][7]_GND_3_o_add_627_OUT6
   optimized to 0
LUT3 		Decoding/Madd_error_keeper[60][7]_GND_3_o_add_1127_OUT1
   optimized to 0
LUT3 		Decoding/Madd_error_keeper[60][7]_GND_3_o_add_1127_OUT2
   optimized to 0
LUT3 		Decoding/Madd_error_keeper[60][7]_GND_3_o_add_1127_OUT3
   optimized to 0
LUT3 		Decoding/Madd_error_keeper[60][7]_GND_3_o_add_1127_OUT4
   optimized to 0
LUT3 		Decoding/Madd_error_keeper[60][7]_GND_3_o_add_1127_OUT5
   optimized to 0
LUT3 		Decoding/Madd_error_keeper[60][7]_GND_3_o_add_1127_OUT6
   optimized to 0
LUT3 		Decoding/Madd_error_keeper[60][7]_GND_3_o_add_551_OUT1
   optimized to 0
LUT3 		Decoding/Madd_error_keeper[60][7]_GND_3_o_add_551_OUT2
   optimized to 0
LUT3 		Decoding/Madd_error_keeper[60][7]_GND_3_o_add_551_OUT3
   optimized to 0
LUT3 		Decoding/Madd_error_keeper[60][7]_GND_3_o_add_551_OUT4
   optimized to 0
LUT3 		Decoding/Madd_error_keeper[60][7]_GND_3_o_add_551_OUT5
   optimized to 0
LUT3 		Decoding/Madd_error_keeper[60][7]_GND_3_o_add_551_OUT6
   optimized to 0
LUT3 		Decoding/Madd_error_keeper[61][7]_GND_3_o_add_1131_OUT1
   optimized to 0
LUT3 		Decoding/Madd_error_keeper[61][7]_GND_3_o_add_1131_OUT2
   optimized to 0
LUT3 		Decoding/Madd_error_keeper[61][7]_GND_3_o_add_1131_OUT3
   optimized to 0
LUT3 		Decoding/Madd_error_keeper[61][7]_GND_3_o_add_1131_OUT4
   optimized to 0
LUT3 		Decoding/Madd_error_keeper[61][7]_GND_3_o_add_1131_OUT5
   optimized to 0
LUT3 		Decoding/Madd_error_keeper[61][7]_GND_3_o_add_1131_OUT6
   optimized to 0
LUT3 		Decoding/Madd_error_keeper[61][7]_GND_3_o_add_555_OUT1
   optimized to 0
LUT3 		Decoding/Madd_error_keeper[61][7]_GND_3_o_add_555_OUT2
   optimized to 0
LUT3 		Decoding/Madd_error_keeper[61][7]_GND_3_o_add_555_OUT3
   optimized to 0
LUT3 		Decoding/Madd_error_keeper[61][7]_GND_3_o_add_555_OUT4
   optimized to 0
LUT3 		Decoding/Madd_error_keeper[61][7]_GND_3_o_add_555_OUT5
   optimized to 0
LUT3 		Decoding/Madd_error_keeper[61][7]_GND_3_o_add_555_OUT6
   optimized to 0
LUT3 		Decoding/Madd_error_keeper[62][7]_GND_3_o_add_1145_OUT1
   optimized to 0
LUT3 		Decoding/Madd_error_keeper[62][7]_GND_3_o_add_1145_OUT2
   optimized to 0
LUT3 		Decoding/Madd_error_keeper[62][7]_GND_3_o_add_1145_OUT3
   optimized to 0
LUT3 		Decoding/Madd_error_keeper[62][7]_GND_3_o_add_1145_OUT4
   optimized to 0
LUT3 		Decoding/Madd_error_keeper[62][7]_GND_3_o_add_1145_OUT5
   optimized to 0
LUT3 		Decoding/Madd_error_keeper[62][7]_GND_3_o_add_1145_OUT6
   optimized to 0
LUT3 		Decoding/Madd_error_keeper[62][7]_GND_3_o_add_569_OUT1
   optimized to 0
LUT3 		Decoding/Madd_error_keeper[62][7]_GND_3_o_add_569_OUT2
   optimized to 0
LUT3 		Decoding/Madd_error_keeper[62][7]_GND_3_o_add_569_OUT3
   optimized to 0
LUT3 		Decoding/Madd_error_keeper[62][7]_GND_3_o_add_569_OUT4
   optimized to 0
LUT3 		Decoding/Madd_error_keeper[62][7]_GND_3_o_add_569_OUT5
   optimized to 0
LUT3 		Decoding/Madd_error_keeper[62][7]_GND_3_o_add_569_OUT6
   optimized to 0
LUT3 		Decoding/Madd_error_keeper[63][7]_GND_3_o_add_1149_OUT1
   optimized to 0
LUT3 		Decoding/Madd_error_keeper[63][7]_GND_3_o_add_1149_OUT2
   optimized to 0
LUT3 		Decoding/Madd_error_keeper[63][7]_GND_3_o_add_1149_OUT3
   optimized to 0
LUT3 		Decoding/Madd_error_keeper[63][7]_GND_3_o_add_1149_OUT4
   optimized to 0
LUT3 		Decoding/Madd_error_keeper[63][7]_GND_3_o_add_1149_OUT5
   optimized to 0
LUT3 		Decoding/Madd_error_keeper[63][7]_GND_3_o_add_1149_OUT6
   optimized to 0
LUT3 		Decoding/Madd_error_keeper[63][7]_GND_3_o_add_573_OUT1
   optimized to 0
LUT3 		Decoding/Madd_error_keeper[63][7]_GND_3_o_add_573_OUT2
   optimized to 0
LUT3 		Decoding/Madd_error_keeper[63][7]_GND_3_o_add_573_OUT3
   optimized to 0
LUT3 		Decoding/Madd_error_keeper[63][7]_GND_3_o_add_573_OUT4
   optimized to 0
LUT3 		Decoding/Madd_error_keeper[63][7]_GND_3_o_add_573_OUT5
   optimized to 0
LUT3 		Decoding/Madd_error_keeper[63][7]_GND_3_o_add_573_OUT6
   optimized to 0
LUT3 		Decoding/Madd_error_keeper[6][7]_GND_3_o_add_641_OUT1
   optimized to 0
LUT3 		Decoding/Madd_error_keeper[6][7]_GND_3_o_add_641_OUT2
   optimized to 0
LUT3 		Decoding/Madd_error_keeper[6][7]_GND_3_o_add_641_OUT3
   optimized to 0
LUT3 		Decoding/Madd_error_keeper[6][7]_GND_3_o_add_641_OUT4
   optimized to 0
LUT3 		Decoding/Madd_error_keeper[6][7]_GND_3_o_add_641_OUT5
   optimized to 0
LUT3 		Decoding/Madd_error_keeper[6][7]_GND_3_o_add_641_OUT6
   optimized to 0
LUT3 		Decoding/Madd_error_keeper[6][7]_GND_3_o_add_65_OUT1
   optimized to 0
LUT3 		Decoding/Madd_error_keeper[6][7]_GND_3_o_add_65_OUT2
   optimized to 0
LUT3 		Decoding/Madd_error_keeper[6][7]_GND_3_o_add_65_OUT3
   optimized to 0
LUT3 		Decoding/Madd_error_keeper[6][7]_GND_3_o_add_65_OUT4
   optimized to 0
LUT3 		Decoding/Madd_error_keeper[6][7]_GND_3_o_add_65_OUT5
   optimized to 0
LUT3 		Decoding/Madd_error_keeper[6][7]_GND_3_o_add_65_OUT6
   optimized to 0
LUT3 		Decoding/Madd_error_keeper[7][7]_GND_3_o_add_645_OUT1
   optimized to 0
LUT3 		Decoding/Madd_error_keeper[7][7]_GND_3_o_add_645_OUT2
   optimized to 0
LUT3 		Decoding/Madd_error_keeper[7][7]_GND_3_o_add_645_OUT3
   optimized to 0
LUT3 		Decoding/Madd_error_keeper[7][7]_GND_3_o_add_645_OUT4
   optimized to 0
LUT3 		Decoding/Madd_error_keeper[7][7]_GND_3_o_add_645_OUT5
   optimized to 0
LUT3 		Decoding/Madd_error_keeper[7][7]_GND_3_o_add_645_OUT6
   optimized to 0
LUT3 		Decoding/Madd_error_keeper[7][7]_GND_3_o_add_69_OUT1
   optimized to 0
LUT3 		Decoding/Madd_error_keeper[7][7]_GND_3_o_add_69_OUT2
   optimized to 0
LUT3 		Decoding/Madd_error_keeper[7][7]_GND_3_o_add_69_OUT3
   optimized to 0
LUT3 		Decoding/Madd_error_keeper[7][7]_GND_3_o_add_69_OUT4
   optimized to 0
LUT3 		Decoding/Madd_error_keeper[7][7]_GND_3_o_add_69_OUT5
   optimized to 0
LUT3 		Decoding/Madd_error_keeper[7][7]_GND_3_o_add_69_OUT6
   optimized to 0
LUT3 		Decoding/Madd_error_keeper[8][7]_GND_3_o_add_659_OUT1
   optimized to 0
LUT3 		Decoding/Madd_error_keeper[8][7]_GND_3_o_add_659_OUT2
   optimized to 0
LUT3 		Decoding/Madd_error_keeper[8][7]_GND_3_o_add_659_OUT3
   optimized to 0
LUT3 		Decoding/Madd_error_keeper[8][7]_GND_3_o_add_659_OUT4
   optimized to 0
LUT3 		Decoding/Madd_error_keeper[8][7]_GND_3_o_add_659_OUT5
   optimized to 0
LUT3 		Decoding/Madd_error_keeper[8][7]_GND_3_o_add_659_OUT6
   optimized to 0
LUT3 		Decoding/Madd_error_keeper[8][7]_GND_3_o_add_83_OUT1
   optimized to 0
LUT3 		Decoding/Madd_error_keeper[8][7]_GND_3_o_add_83_OUT2
   optimized to 0
LUT3 		Decoding/Madd_error_keeper[8][7]_GND_3_o_add_83_OUT3
   optimized to 0
LUT3 		Decoding/Madd_error_keeper[8][7]_GND_3_o_add_83_OUT4
   optimized to 0
LUT3 		Decoding/Madd_error_keeper[8][7]_GND_3_o_add_83_OUT5
   optimized to 0
LUT3 		Decoding/Madd_error_keeper[8][7]_GND_3_o_add_83_OUT6
   optimized to 0
LUT3 		Decoding/Madd_error_keeper[9][7]_GND_3_o_add_663_OUT1
   optimized to 0
LUT3 		Decoding/Madd_error_keeper[9][7]_GND_3_o_add_663_OUT2
   optimized to 0
LUT3 		Decoding/Madd_error_keeper[9][7]_GND_3_o_add_663_OUT3
   optimized to 0
LUT3 		Decoding/Madd_error_keeper[9][7]_GND_3_o_add_663_OUT4
   optimized to 0
LUT3 		Decoding/Madd_error_keeper[9][7]_GND_3_o_add_663_OUT5
   optimized to 0
LUT3 		Decoding/Madd_error_keeper[9][7]_GND_3_o_add_663_OUT6
   optimized to 0
LUT3 		Decoding/Madd_error_keeper[9][7]_GND_3_o_add_87_OUT1
   optimized to 0
LUT3 		Decoding/Madd_error_keeper[9][7]_GND_3_o_add_87_OUT2
   optimized to 0
LUT3 		Decoding/Madd_error_keeper[9][7]_GND_3_o_add_87_OUT3
   optimized to 0
LUT3 		Decoding/Madd_error_keeper[9][7]_GND_3_o_add_87_OUT4
   optimized to 0
LUT3 		Decoding/Madd_error_keeper[9][7]_GND_3_o_add_87_OUT5
   optimized to 0
LUT3 		Decoding/Madd_error_keeper[9][7]_GND_3_o_add_87_OUT6
   optimized to 0
GND 		XST_GND
VCC 		XST_VCC

To enable printing of redundant blocks removed and signals merged, set the
detailed map report option and rerun map.

Section 6 - IOB Properties
--------------------------

+---------------------------------------------------------------------------------------------------------------------------------------------------------+
| IOB Name                           | Type             | Direction | IO Standard          | Diff  | Drive    | Slew | Reg (s)      | Resistor | IOB      |
|                                    |                  |           |                      | Term  | Strength | Rate |              |          | Delay    |
+---------------------------------------------------------------------------------------------------------------------------------------------------------+
| Clk                                | IOB              | INPUT     | LVCMOS25             |       |          |      |              |          |          |
| data_in                            | IOB              | INPUT     | LVCMOS25             |       |          |      |              |          |          |
| data_out                           | IOB              | OUTPUT    | LVCMOS25             |       | 12       | SLOW |              |          |          |
| data_out_valid                     | IOB              | OUTPUT    | LVCMOS25             |       | 12       | SLOW |              |          |          |
| rate<0>                            | IOB              | INPUT     | LVCMOS25             |       |          |      |              |          |          |
| rate<1>                            | IOB              | INPUT     | LVCMOS25             |       |          |      |              |          |          |
| rate<2>                            | IOB              | INPUT     | LVCMOS25             |       |          |      |              |          |          |
| rate<3>                            | IOB              | INPUT     | LVCMOS25             |       |          |      |              |          |          |
| reset                              | IOB              | INPUT     | LVCMOS25             |       |          |      |              |          |          |
+---------------------------------------------------------------------------------------------------------------------------------------------------------+

Section 7 - RPMs
----------------

Section 8 - Guide Report
------------------------
Guide not run on this design.

Section 9 - Area Group and Partition Summary
--------------------------------------------

Partition Implementation Status
-------------------------------

  No Partitions were found in this design.

-------------------------------

Area Group Information
----------------------

  No area groups were found in this design.

----------------------

Section 10 - Timing Report
--------------------------
A logic-level (pre-route) timing report can be generated by using Xilinx static
timing analysis tools, Timing Analyzer (GUI) or TRCE (command line), with the
mapped NCD and PCF files. Please note that this timing report will be generated
using estimated delay information. For accurate numbers, please generate a
timing report with the post Place and Route NCD file.

For more information about the Timing Analyzer, consult the Xilinx Timing
Analyzer Reference Manual; for more information about TRCE, consult the Xilinx
Command Line Tools User Guide "TRACE" chapter.

Section 11 - Configuration String Details
-----------------------------------------
Use the "-detail" map option to print out Configuration Strings

Section 12 - Control Set Information
------------------------------------
Use the "-detail" map option to print out Control Set Information.

Section 13 - Utilization by Hierarchy
-------------------------------------
Use the "-detail" map option to print out the Utilization by Hierarchy section.
