--------------------------------------------------------------------------------
Release 14.7 Trace  (nt64)
Copyright (c) 1995-2013 Xilinx, Inc.  All rights reserved.

E:\software.engineer\ISE\14.7\ISE_DS\ISE\bin\nt64\unwrapped\trce.exe -intstyle
ise -v 3 -s 3 -n 3 -fastpaths -xml Receiver.twx Receiver.ncd -o Receiver.twr
Receiver.pcf

Design file:              Receiver.ncd
Physical constraint file: Receiver.pcf
Device,package,speed:     xc6slx45,csg324,C,-3 (PRODUCTION 1.23 2013-10-13)
Report level:             verbose report

Environment Variable      Effect 
--------------------      ------ 
NONE                      No environment variables were set
--------------------------------------------------------------------------------

INFO:Timing:2698 - No timing constraints found, doing default enumeration.
INFO:Timing:3412 - To improve timing, see the Timing Closure User Guide (UG612).
INFO:Timing:2752 - To get complete path coverage, use the unconstrained paths 
   option. All paths that are not constrained will be reported in the 
   unconstrained paths section(s) of the report.
INFO:Timing:3339 - The clock-to-out numbers in this timing report are based on 
   a 50 Ohm transmission line loading model.  For the details of this model, 
   and for more information on accounting for different loading conditions, 
   please see the device datasheet.



Data Sheet report:
-----------------
All values displayed in nanoseconds (ns)

Setup/Hold to clock Clk
------------+------------+------------+------------+------------+------------------+--------+
            |Max Setup to|  Process   |Max Hold to |  Process   |                  | Clock  |
Source      | clk (edge) |   Corner   | clk (edge) |   Corner   |Internal Clock(s) | Phase  |
------------+------------+------------+------------+------------+------------------+--------+
data_in     |    4.916(R)|      SLOW  |   -0.498(R)|      SLOW  |Clk_BUFGP         |   0.000|
rate<0>     |    6.488(R)|      SLOW  |   -0.677(R)|      SLOW  |Clk_BUFGP         |   0.000|
rate<1>     |    6.470(R)|      SLOW  |   -0.600(R)|      SLOW  |Clk_BUFGP         |   0.000|
rate<2>     |    6.505(R)|      SLOW  |   -0.465(R)|      SLOW  |Clk_BUFGP         |   0.000|
rate<3>     |    6.045(R)|      SLOW  |   -0.383(R)|      SLOW  |Clk_BUFGP         |   0.000|
reset       |   14.934(R)|      SLOW  |    0.542(R)|      SLOW  |Clk_BUFGP         |   0.000|
------------+------------+------------+------------+------------+------------------+--------+

Clock Clk to Pad
--------------+-----------------+------------+-----------------+------------+------------------+--------+
              |Max (slowest) clk|  Process   |Min (fastest) clk|  Process   |                  | Clock  |
Destination   |  (edge) to PAD  |   Corner   |  (edge) to PAD  |   Corner   |Internal Clock(s) | Phase  |
--------------+-----------------+------------+-----------------+------------+------------------+--------+
data_out      |         8.100(R)|      SLOW  |         4.385(R)|      FAST  |Clk_BUFGP         |   0.000|
data_out_valid|         7.105(R)|      SLOW  |         3.743(R)|      FAST  |Clk_BUFGP         |   0.000|
--------------+-----------------+------------+-----------------+------------+------------------+--------+

Clock to Setup on destination clock Clk
---------------+---------+---------+---------+---------+
               | Src:Rise| Src:Fall| Src:Rise| Src:Fall|
Source Clock   |Dest:Rise|Dest:Rise|Dest:Fall|Dest:Fall|
---------------+---------+---------+---------+---------+
Clk            |   10.022|         |         |         |
---------------+---------+---------+---------+---------+


Analysis completed Fri Jul 09 20:02:59 2021 
--------------------------------------------------------------------------------

Trace Settings:
-------------------------
Trace Settings 

Peak Memory Usage: 361 MB



