--------------------------------------------------------------------------------
Release 14.7 Trace  (nt64)
Copyright (c) 1995-2013 Xilinx, Inc.  All rights reserved.

E:\software.engineer\ISE\14.7\ISE_DS\ISE\bin\nt64\unwrapped\trce.exe -intstyle
ise -v 3 -s 3 -n 3 -fastpaths -xml data_interleaver.twx data_interleaver.ncd -o
data_interleaver.twr data_interleaver.pcf

Design file:              data_interleaver.ncd
Physical constraint file: data_interleaver.pcf
Device,package,speed:     xc6slx45,csg324,C,-3 (PRODUCTION 1.23 2013-10-13)
Report level:             verbose report

Environment Variable      Effect 
--------------------      ------ 
NONE                      No environment variables were set
--------------------------------------------------------------------------------

INFO:Timing:2698 - No timing constraints found, doing default enumeration.
INFO:Timing:3412 - To improve timing, see the Timing Closure User Guide (UG612).
INFO:Timing:2752 - To get complete path coverage, use the unconstrained paths 
   option. All paths that are not constrained will be reported in the 
   unconstrained paths section(s) of the report.
INFO:Timing:3339 - The clock-to-out numbers in this timing report are based on 
   a 50 Ohm transmission line loading model.  For the details of this model, 
   and for more information on accounting for different loading conditions, 
   please see the device datasheet.



Data Sheet report:
-----------------
All values displayed in nanoseconds (ns)

Setup/Hold to clock Clk
------------+------------+------------+------------+------------+------------------+--------+
            |Max Setup to|  Process   |Max Hold to |  Process   |                  | Clock  |
Source      | clk (edge) |   Corner   | clk (edge) |   Corner   |Internal Clock(s) | Phase  |
------------+------------+------------+------------+------------+------------------+--------+
AB_in_valid |    7.805(R)|      SLOW  |    0.401(R)|      SLOW  |Clk_BUFGP         |   0.000|
A_in        |    7.333(R)|      SLOW  |   -1.268(R)|      FAST  |Clk_BUFGP         |   0.000|
B_in        |    8.195(R)|      SLOW  |   -0.630(R)|      SLOW  |Clk_BUFGP         |   0.000|
rate<0>     |    9.916(R)|      SLOW  |    0.006(R)|      SLOW  |Clk_BUFGP         |   0.000|
rate<1>     |    9.984(R)|      SLOW  |   -0.007(R)|      SLOW  |Clk_BUFGP         |   0.000|
rate<2>     |    9.799(R)|      SLOW  |    0.005(R)|      SLOW  |Clk_BUFGP         |   0.000|
rate<3>     |    9.980(R)|      SLOW  |    0.351(R)|      SLOW  |Clk_BUFGP         |   0.000|
reset       |    8.539(R)|      SLOW  |    0.098(R)|      SLOW  |Clk_BUFGP         |   0.000|
------------+------------+------------+------------+------------+------------------+--------+

Clock Clk to Pad
------------+-----------------+------------+-----------------+------------+------------------+--------+
            |Max (slowest) clk|  Process   |Min (fastest) clk|  Process   |                  | Clock  |
Destination |  (edge) to PAD  |   Corner   |  (edge) to PAD  |   Corner   |Internal Clock(s) | Phase  |
------------+-----------------+------------+-----------------+------------+------------------+--------+
AB_out_valid|         8.655(R)|      SLOW  |         4.726(R)|      FAST  |Clk_BUFGP         |   0.000|
A_out       |         9.281(R)|      SLOW  |         5.087(R)|      FAST  |Clk_BUFGP         |   0.000|
B_out       |         9.052(R)|      SLOW  |         4.964(R)|      FAST  |Clk_BUFGP         |   0.000|
------------+-----------------+------------+-----------------+------------+------------------+--------+

Clock to Setup on destination clock Clk
---------------+---------+---------+---------+---------+
               | Src:Rise| Src:Fall| Src:Rise| Src:Fall|
Source Clock   |Dest:Rise|Dest:Rise|Dest:Fall|Dest:Fall|
---------------+---------+---------+---------+---------+
Clk            |    8.121|         |         |         |
---------------+---------+---------+---------+---------+


Analysis completed Fri Jul 09 14:17:19 2021 
--------------------------------------------------------------------------------

Trace Settings:
-------------------------
Trace Settings 

Peak Memory Usage: 297 MB



