ISim log file
Running: D:\sajjad\course\electrical engineering\digital\project\code\maincode\crcENandDEC_isim_beh.exe -intstyle ise -gui -tclbatch isim.cmd -wdb D:/sajjad/course/electrical engineering/digital/project/code/maincode/crcENandDEC_isim_beh.wdb 
ISim P.20131013 (signature 0x8ef4fb42)
This is a Full version of ISim.
Time resolution is 1 ps
# onerror resume
# wave add /
# run 1000 ns
Simulator is doing circuit initialization process.
Finished circuit initialization process.
# isim force add /crcENandDEC/cl 1 -radix bin
# isim force add /crcENandDEC/DECorEN 1 -radix bin
# isim force add /crcENandDEC/selectinputkind 11 -radix bin
# show driver /crcENandDEC/in
/crcENandDEC/in has no drivers.
# isim force add /crcENandDEC/in 00011001 -radix bin
# run all
# isim force add /crcENandDEC/in 11101011 -radix bin
# isim force add /crcENandDEC/cl 1 -radix bin
# run all
# isim force add /crcENandDEC/cl 1 -radix bin
# isim force add /crcENandDEC/in 00101000 -radix bin
# run all
# isim force add /crcENandDEC/in 01111000 -radix bin
# isim force add /crcENandDEC/cl 1 -radix bin
# run all
# isim force add /crcENandDEC/rst 0 -radix bin
# run all
# isim force add /crcENandDEC/rst 1 -radix bin
# run all
# isim force add /crcENandDEC/clk 0 -radix bin -value 1 -radix bin -time 500 fs -repeat 1 ps
# run all
Stopped at time : 2593230 ps : File "D:/sajjad/course/electrical engineering/digital/project/code/maincode/crcENandDEC.v" Line 89
